# SOME DESCRIPTIVE TITLE
# Copyright (C) YEAR Free Software Foundation, Inc.
# This file is distributed under the same license as the PACKAGE package.
# FIRST AUTHOR <EMAIL@ADDRESS>, YEAR.
#
#, fuzzy
msgid ""
msgstr ""
"Project-Id-Version: PACKAGE VERSION\n"
"POT-Creation-Date: 2022-09-18 00:25+0000\n"
"PO-Revision-Date: YEAR-MO-DA HO:MI+ZONE\n"
"Last-Translator: FULL NAME <EMAIL@ADDRESS>\n"
"Language-Team: LANGUAGE <LL@li.org>\n"
"Language: ja_JP\n"
"MIME-Version: 1.0\n"
"Content-Type: text/plain; charset=UTF-8\n"
"Content-Transfer-Encoding: 8bit\n"

#. type: Plain text
#: upstream/_generated-config/latest/config/quarkus-kubernetes-config-group-probe-config.adoc:5
msgid "icon:lock[title=Fixed at build time] Configuration property fixed at build time - All other configuration properties are overridable at runtime"
msgstr "icon:lock[title=ビルド時に固定] ビルド時に固定される設定プロパティ - それ以外の設定プロパティは実行時に上書き可能"

#. type: Table
#: upstream/_generated-config/latest/config/quarkus-kubernetes-config-group-probe-config.adoc:10
#, no-wrap
msgid "[[quarkus-kubernetes-config-group-probe-config_configuration]]link:#quarkus-kubernetes-config-group-probe-config_configuration[Configuration property]"
msgstr ""

#. type: Table
#: upstream/_generated-config/latest/config/quarkus-kubernetes-config-group-probe-config.adoc:11
#, no-wrap
msgid "Type"
msgstr "タイプ"

#. type: Table
#: upstream/_generated-config/latest/config/quarkus-kubernetes-config-group-probe-config.adoc:13
#, no-wrap
msgid "Default"
msgstr "デフォルト"

#. type: Table
#: upstream/_generated-config/latest/config/quarkus-kubernetes-config-group-probe-config.adoc:25
#, no-wrap
msgid ""
"icon:lock[title=Fixed at build time] [[quarkus-kubernetes-config-group-probe-config_quarkus.knative.liveness-probe.http-action-path]]`link:#quarkus-kubernetes-config-group-probe-config_quarkus.knative.liveness-probe.http-action-path[quarkus.knative.liveness-probe.http-action-path]`\n"
"\n"
"[.description]\n"
"--\n"
"The http path to use for the probe For this to work, the container port also needs to be set Assuming the container port has been set (as per above comment), if execAction or tcpSocketAction are not set, an HTTP probe will be used automatically even if no path is set (which will result in the root path being used)\n"
"\n"
"ifdef::add-copy-button-to-env-var[]\n"
"Environment variable: env_var_with_copy_button:+++QUARKUS_KNATIVE_LIVENESS_PROBE_HTTP_ACTION_PATH+++[]\n"
"endif::add-copy-button-to-env-var[]\n"
"ifndef::add-copy-button-to-env-var[]\n"
"Environment variable: `+++QUARKUS_KNATIVE_LIVENESS_PROBE_HTTP_ACTION_PATH+++`\n"
"endif::add-copy-button-to-env-var[]\n"
"--"
msgstr ""

#. type: Table
#: upstream/_generated-config/latest/config/quarkus-kubernetes-config-group-probe-config.adoc:26
#: upstream/_generated-config/latest/config/quarkus-kubernetes-config-group-probe-config.adoc:42
#: upstream/_generated-config/latest/config/quarkus-kubernetes-config-group-probe-config.adoc:58
#: upstream/_generated-config/latest/config/quarkus-kubernetes-config-group-probe-config.adoc:157
#: upstream/_generated-config/latest/config/quarkus-kubernetes-config-group-probe-config.adoc:173
#: upstream/_generated-config/latest/config/quarkus-kubernetes-config-group-probe-config.adoc:189
#: upstream/_generated-config/latest/config/quarkus-kubernetes-config-group-probe-config.adoc:288
#: upstream/_generated-config/latest/config/quarkus-kubernetes-config-group-probe-config.adoc:304
#: upstream/_generated-config/latest/config/quarkus-kubernetes-config-group-probe-config.adoc:320
#: upstream/_generated-config/latest/config/quarkus-kubernetes-config-group-probe-config.adoc:419
#: upstream/_generated-config/latest/config/quarkus-kubernetes-config-group-probe-config.adoc:435
#: upstream/_generated-config/latest/config/quarkus-kubernetes-config-group-probe-config.adoc:451
#: upstream/_generated-config/latest/config/quarkus-kubernetes-config-group-probe-config.adoc:550
#: upstream/_generated-config/latest/config/quarkus-kubernetes-config-group-probe-config.adoc:566
#: upstream/_generated-config/latest/config/quarkus-kubernetes-config-group-probe-config.adoc:582
#: upstream/_generated-config/latest/config/quarkus-kubernetes-config-group-probe-config.adoc:681
#: upstream/_generated-config/latest/config/quarkus-kubernetes-config-group-probe-config.adoc:697
#: upstream/_generated-config/latest/config/quarkus-kubernetes-config-group-probe-config.adoc:713
#: upstream/_generated-config/latest/config/quarkus-kubernetes-config-group-probe-config.adoc:812
#: upstream/_generated-config/latest/config/quarkus-kubernetes-config-group-probe-config.adoc:828
#: upstream/_generated-config/latest/config/quarkus-kubernetes-config-group-probe-config.adoc:844
#: upstream/_generated-config/latest/config/quarkus-kubernetes-config-group-probe-config.adoc:943
#: upstream/_generated-config/latest/config/quarkus-kubernetes-config-group-probe-config.adoc:959
#: upstream/_generated-config/latest/config/quarkus-kubernetes-config-group-probe-config.adoc:975
#: upstream/_generated-config/latest/config/quarkus-kubernetes-config-group-probe-config.adoc:1074
#: upstream/_generated-config/latest/config/quarkus-kubernetes-config-group-probe-config.adoc:1090
#: upstream/_generated-config/latest/config/quarkus-kubernetes-config-group-probe-config.adoc:1106
#: upstream/_generated-config/latest/config/quarkus-kubernetes-config-group-probe-config.adoc:1205
#: upstream/_generated-config/latest/config/quarkus-kubernetes-config-group-probe-config.adoc:1221
#: upstream/_generated-config/latest/config/quarkus-kubernetes-config-group-probe-config.adoc:1237
#: upstream/_generated-config/latest/config/quarkus-kubernetes-config-group-probe-config.adoc:1336
#: upstream/_generated-config/latest/config/quarkus-kubernetes-config-group-probe-config.adoc:1352
#: upstream/_generated-config/latest/config/quarkus-kubernetes-config-group-probe-config.adoc:1368
#: upstream/_generated-config/latest/config/quarkus-kubernetes-config-group-probe-config.adoc:1467
#: upstream/_generated-config/latest/config/quarkus-kubernetes-config-group-probe-config.adoc:1483
#: upstream/_generated-config/latest/config/quarkus-kubernetes-config-group-probe-config.adoc:1499
#: upstream/_generated-config/latest/config/quarkus-kubernetes-config-group-probe-config.adoc:1598
#: upstream/_generated-config/latest/config/quarkus-kubernetes-config-group-probe-config.adoc:1614
#: upstream/_generated-config/latest/config/quarkus-kubernetes-config-group-probe-config.adoc:1630
#: upstream/_generated-config/latest/config/quarkus-kubernetes-config-group-probe-config.adoc:1729
#: upstream/_generated-config/latest/config/quarkus-kubernetes-config-group-probe-config.adoc:1745
#: upstream/_generated-config/latest/config/quarkus-kubernetes-config-group-probe-config.adoc:1761
#: upstream/_generated-config/latest/config/quarkus-kubernetes-config-group-probe-config.adoc:1860
#: upstream/_generated-config/latest/config/quarkus-kubernetes-config-group-probe-config.adoc:1876
#: upstream/_generated-config/latest/config/quarkus-kubernetes-config-group-probe-config.adoc:1892
#: upstream/_generated-config/latest/config/quarkus-kubernetes-config-group-probe-config.adoc:1991
#: upstream/_generated-config/latest/config/quarkus-kubernetes-config-group-probe-config.adoc:2007
#: upstream/_generated-config/latest/config/quarkus-kubernetes-config-group-probe-config.adoc:2023
#: upstream/_generated-config/latest/config/quarkus-kubernetes-config-group-probe-config.adoc:2122
#: upstream/_generated-config/latest/config/quarkus-kubernetes-config-group-probe-config.adoc:2138
#: upstream/_generated-config/latest/config/quarkus-kubernetes-config-group-probe-config.adoc:2154
#: upstream/_generated-config/latest/config/quarkus-kubernetes-config-group-probe-config.adoc:2253
#: upstream/_generated-config/latest/config/quarkus-kubernetes-config-group-probe-config.adoc:2269
#: upstream/_generated-config/latest/config/quarkus-kubernetes-config-group-probe-config.adoc:2285
#, no-wrap
msgid "string"
msgstr "string"

#. type: Table
#: upstream/_generated-config/latest/config/quarkus-kubernetes-config-group-probe-config.adoc:41
#, no-wrap
msgid ""
"icon:lock[title=Fixed at build time] [[quarkus-kubernetes-config-group-probe-config_quarkus.knative.liveness-probe.exec-action]]`link:#quarkus-kubernetes-config-group-probe-config_quarkus.knative.liveness-probe.exec-action[quarkus.knative.liveness-probe.exec-action]`\n"
"\n"
"[.description]\n"
"--\n"
"The command to use for the probe.\n"
"\n"
"ifdef::add-copy-button-to-env-var[]\n"
"Environment variable: env_var_with_copy_button:+++QUARKUS_KNATIVE_LIVENESS_PROBE_EXEC_ACTION+++[]\n"
"endif::add-copy-button-to-env-var[]\n"
"ifndef::add-copy-button-to-env-var[]\n"
"Environment variable: `+++QUARKUS_KNATIVE_LIVENESS_PROBE_EXEC_ACTION+++`\n"
"endif::add-copy-button-to-env-var[]\n"
"--"
msgstr ""

#. type: Table
#: upstream/_generated-config/latest/config/quarkus-kubernetes-config-group-probe-config.adoc:57
#, no-wrap
msgid ""
"icon:lock[title=Fixed at build time] [[quarkus-kubernetes-config-group-probe-config_quarkus.knative.liveness-probe.tcp-socket-action]]`link:#quarkus-kubernetes-config-group-probe-config_quarkus.knative.liveness-probe.tcp-socket-action[quarkus.knative.liveness-probe.tcp-socket-action]`\n"
"\n"
"[.description]\n"
"--\n"
"The tcp socket to use for the probe (the format is host:port).\n"
"\n"
"ifdef::add-copy-button-to-env-var[]\n"
"Environment variable: env_var_with_copy_button:+++QUARKUS_KNATIVE_LIVENESS_PROBE_TCP_SOCKET_ACTION+++[]\n"
"endif::add-copy-button-to-env-var[]\n"
"ifndef::add-copy-button-to-env-var[]\n"
"Environment variable: `+++QUARKUS_KNATIVE_LIVENESS_PROBE_TCP_SOCKET_ACTION+++`\n"
"endif::add-copy-button-to-env-var[]\n"
"--"
msgstr ""

#. type: Table
#: upstream/_generated-config/latest/config/quarkus-kubernetes-config-group-probe-config.adoc:73
#, no-wrap
msgid ""
"icon:lock[title=Fixed at build time] [[quarkus-kubernetes-config-group-probe-config_quarkus.knative.liveness-probe.initial-delay]]`link:#quarkus-kubernetes-config-group-probe-config_quarkus.knative.liveness-probe.initial-delay[quarkus.knative.liveness-probe.initial-delay]`\n"
"\n"
"[.description]\n"
"--\n"
"The amount of time to wait before starting to probe.\n"
"\n"
"ifdef::add-copy-button-to-env-var[]\n"
"Environment variable: env_var_with_copy_button:+++QUARKUS_KNATIVE_LIVENESS_PROBE_INITIAL_DELAY+++[]\n"
"endif::add-copy-button-to-env-var[]\n"
"ifndef::add-copy-button-to-env-var[]\n"
"Environment variable: `+++QUARKUS_KNATIVE_LIVENESS_PROBE_INITIAL_DELAY+++`\n"
"endif::add-copy-button-to-env-var[]\n"
"--"
msgstr ""

#. type: Table
#: upstream/_generated-config/latest/config/quarkus-kubernetes-config-group-probe-config.adoc:75
#: upstream/_generated-config/latest/config/quarkus-kubernetes-config-group-probe-config.adoc:92
#: upstream/_generated-config/latest/config/quarkus-kubernetes-config-group-probe-config.adoc:109
#: upstream/_generated-config/latest/config/quarkus-kubernetes-config-group-probe-config.adoc:206
#: upstream/_generated-config/latest/config/quarkus-kubernetes-config-group-probe-config.adoc:223
#: upstream/_generated-config/latest/config/quarkus-kubernetes-config-group-probe-config.adoc:240
#: upstream/_generated-config/latest/config/quarkus-kubernetes-config-group-probe-config.adoc:337
#: upstream/_generated-config/latest/config/quarkus-kubernetes-config-group-probe-config.adoc:354
#: upstream/_generated-config/latest/config/quarkus-kubernetes-config-group-probe-config.adoc:371
#: upstream/_generated-config/latest/config/quarkus-kubernetes-config-group-probe-config.adoc:468
#: upstream/_generated-config/latest/config/quarkus-kubernetes-config-group-probe-config.adoc:485
#: upstream/_generated-config/latest/config/quarkus-kubernetes-config-group-probe-config.adoc:502
#: upstream/_generated-config/latest/config/quarkus-kubernetes-config-group-probe-config.adoc:599
#: upstream/_generated-config/latest/config/quarkus-kubernetes-config-group-probe-config.adoc:616
#: upstream/_generated-config/latest/config/quarkus-kubernetes-config-group-probe-config.adoc:633
#: upstream/_generated-config/latest/config/quarkus-kubernetes-config-group-probe-config.adoc:730
#: upstream/_generated-config/latest/config/quarkus-kubernetes-config-group-probe-config.adoc:747
#: upstream/_generated-config/latest/config/quarkus-kubernetes-config-group-probe-config.adoc:764
#: upstream/_generated-config/latest/config/quarkus-kubernetes-config-group-probe-config.adoc:861
#: upstream/_generated-config/latest/config/quarkus-kubernetes-config-group-probe-config.adoc:878
#: upstream/_generated-config/latest/config/quarkus-kubernetes-config-group-probe-config.adoc:895
#: upstream/_generated-config/latest/config/quarkus-kubernetes-config-group-probe-config.adoc:992
#: upstream/_generated-config/latest/config/quarkus-kubernetes-config-group-probe-config.adoc:1009
#: upstream/_generated-config/latest/config/quarkus-kubernetes-config-group-probe-config.adoc:1026
#: upstream/_generated-config/latest/config/quarkus-kubernetes-config-group-probe-config.adoc:1123
#: upstream/_generated-config/latest/config/quarkus-kubernetes-config-group-probe-config.adoc:1140
#: upstream/_generated-config/latest/config/quarkus-kubernetes-config-group-probe-config.adoc:1157
#: upstream/_generated-config/latest/config/quarkus-kubernetes-config-group-probe-config.adoc:1254
#: upstream/_generated-config/latest/config/quarkus-kubernetes-config-group-probe-config.adoc:1271
#: upstream/_generated-config/latest/config/quarkus-kubernetes-config-group-probe-config.adoc:1288
#: upstream/_generated-config/latest/config/quarkus-kubernetes-config-group-probe-config.adoc:1385
#: upstream/_generated-config/latest/config/quarkus-kubernetes-config-group-probe-config.adoc:1402
#: upstream/_generated-config/latest/config/quarkus-kubernetes-config-group-probe-config.adoc:1419
#: upstream/_generated-config/latest/config/quarkus-kubernetes-config-group-probe-config.adoc:1516
#: upstream/_generated-config/latest/config/quarkus-kubernetes-config-group-probe-config.adoc:1533
#: upstream/_generated-config/latest/config/quarkus-kubernetes-config-group-probe-config.adoc:1550
#: upstream/_generated-config/latest/config/quarkus-kubernetes-config-group-probe-config.adoc:1647
#: upstream/_generated-config/latest/config/quarkus-kubernetes-config-group-probe-config.adoc:1664
#: upstream/_generated-config/latest/config/quarkus-kubernetes-config-group-probe-config.adoc:1681
#: upstream/_generated-config/latest/config/quarkus-kubernetes-config-group-probe-config.adoc:1778
#: upstream/_generated-config/latest/config/quarkus-kubernetes-config-group-probe-config.adoc:1795
#: upstream/_generated-config/latest/config/quarkus-kubernetes-config-group-probe-config.adoc:1812
#: upstream/_generated-config/latest/config/quarkus-kubernetes-config-group-probe-config.adoc:1909
#: upstream/_generated-config/latest/config/quarkus-kubernetes-config-group-probe-config.adoc:1926
#: upstream/_generated-config/latest/config/quarkus-kubernetes-config-group-probe-config.adoc:1943
#: upstream/_generated-config/latest/config/quarkus-kubernetes-config-group-probe-config.adoc:2040
#: upstream/_generated-config/latest/config/quarkus-kubernetes-config-group-probe-config.adoc:2057
#: upstream/_generated-config/latest/config/quarkus-kubernetes-config-group-probe-config.adoc:2074
#: upstream/_generated-config/latest/config/quarkus-kubernetes-config-group-probe-config.adoc:2171
#: upstream/_generated-config/latest/config/quarkus-kubernetes-config-group-probe-config.adoc:2188
#: upstream/_generated-config/latest/config/quarkus-kubernetes-config-group-probe-config.adoc:2205
#: upstream/_generated-config/latest/config/quarkus-kubernetes-config-group-probe-config.adoc:2302
#: upstream/_generated-config/latest/config/quarkus-kubernetes-config-group-probe-config.adoc:2319
#: upstream/_generated-config/latest/config/quarkus-kubernetes-config-group-probe-config.adoc:2336
#, no-wrap
msgid ""
"link:https://docs.oracle.com/javase/8/docs/api/java/time/Duration.html[Duration]\n"
"  link:#duration-note-anchor-{summaryTableId}[icon:question-circle[], title=More information about the Duration format]"
msgstr ""

#. type: Table
#: upstream/_generated-config/latest/config/quarkus-kubernetes-config-group-probe-config.adoc:78
#: upstream/_generated-config/latest/config/quarkus-kubernetes-config-group-probe-config.adoc:209
#: upstream/_generated-config/latest/config/quarkus-kubernetes-config-group-probe-config.adoc:340
#: upstream/_generated-config/latest/config/quarkus-kubernetes-config-group-probe-config.adoc:471
#: upstream/_generated-config/latest/config/quarkus-kubernetes-config-group-probe-config.adoc:602
#: upstream/_generated-config/latest/config/quarkus-kubernetes-config-group-probe-config.adoc:733
#: upstream/_generated-config/latest/config/quarkus-kubernetes-config-group-probe-config.adoc:864
#: upstream/_generated-config/latest/config/quarkus-kubernetes-config-group-probe-config.adoc:995
#: upstream/_generated-config/latest/config/quarkus-kubernetes-config-group-probe-config.adoc:1126
#: upstream/_generated-config/latest/config/quarkus-kubernetes-config-group-probe-config.adoc:1257
#: upstream/_generated-config/latest/config/quarkus-kubernetes-config-group-probe-config.adoc:1388
#: upstream/_generated-config/latest/config/quarkus-kubernetes-config-group-probe-config.adoc:1519
#: upstream/_generated-config/latest/config/quarkus-kubernetes-config-group-probe-config.adoc:1650
#: upstream/_generated-config/latest/config/quarkus-kubernetes-config-group-probe-config.adoc:1781
#: upstream/_generated-config/latest/config/quarkus-kubernetes-config-group-probe-config.adoc:1912
#: upstream/_generated-config/latest/config/quarkus-kubernetes-config-group-probe-config.adoc:2043
#: upstream/_generated-config/latest/config/quarkus-kubernetes-config-group-probe-config.adoc:2174
#: upstream/_generated-config/latest/config/quarkus-kubernetes-config-group-probe-config.adoc:2305
#, no-wrap
msgid "`0S`"
msgstr ""

#. type: Table
#: upstream/_generated-config/latest/config/quarkus-kubernetes-config-group-probe-config.adoc:90
#, no-wrap
msgid ""
"icon:lock[title=Fixed at build time] [[quarkus-kubernetes-config-group-probe-config_quarkus.knative.liveness-probe.period]]`link:#quarkus-kubernetes-config-group-probe-config_quarkus.knative.liveness-probe.period[quarkus.knative.liveness-probe.period]`\n"
"\n"
"[.description]\n"
"--\n"
"The period in which the action should be called.\n"
"\n"
"ifdef::add-copy-button-to-env-var[]\n"
"Environment variable: env_var_with_copy_button:+++QUARKUS_KNATIVE_LIVENESS_PROBE_PERIOD+++[]\n"
"endif::add-copy-button-to-env-var[]\n"
"ifndef::add-copy-button-to-env-var[]\n"
"Environment variable: `+++QUARKUS_KNATIVE_LIVENESS_PROBE_PERIOD+++`\n"
"endif::add-copy-button-to-env-var[]\n"
"--"
msgstr ""

#. type: Table
#: upstream/_generated-config/latest/config/quarkus-kubernetes-config-group-probe-config.adoc:95
#: upstream/_generated-config/latest/config/quarkus-kubernetes-config-group-probe-config.adoc:226
#: upstream/_generated-config/latest/config/quarkus-kubernetes-config-group-probe-config.adoc:357
#: upstream/_generated-config/latest/config/quarkus-kubernetes-config-group-probe-config.adoc:488
#: upstream/_generated-config/latest/config/quarkus-kubernetes-config-group-probe-config.adoc:619
#: upstream/_generated-config/latest/config/quarkus-kubernetes-config-group-probe-config.adoc:750
#: upstream/_generated-config/latest/config/quarkus-kubernetes-config-group-probe-config.adoc:881
#: upstream/_generated-config/latest/config/quarkus-kubernetes-config-group-probe-config.adoc:1012
#: upstream/_generated-config/latest/config/quarkus-kubernetes-config-group-probe-config.adoc:1143
#: upstream/_generated-config/latest/config/quarkus-kubernetes-config-group-probe-config.adoc:1274
#: upstream/_generated-config/latest/config/quarkus-kubernetes-config-group-probe-config.adoc:1405
#: upstream/_generated-config/latest/config/quarkus-kubernetes-config-group-probe-config.adoc:1536
#: upstream/_generated-config/latest/config/quarkus-kubernetes-config-group-probe-config.adoc:1667
#: upstream/_generated-config/latest/config/quarkus-kubernetes-config-group-probe-config.adoc:1798
#: upstream/_generated-config/latest/config/quarkus-kubernetes-config-group-probe-config.adoc:1929
#: upstream/_generated-config/latest/config/quarkus-kubernetes-config-group-probe-config.adoc:2060
#: upstream/_generated-config/latest/config/quarkus-kubernetes-config-group-probe-config.adoc:2191
#: upstream/_generated-config/latest/config/quarkus-kubernetes-config-group-probe-config.adoc:2322
#, no-wrap
msgid "`30S`"
msgstr ""

#. type: Table
#: upstream/_generated-config/latest/config/quarkus-kubernetes-config-group-probe-config.adoc:107
#, no-wrap
msgid ""
"icon:lock[title=Fixed at build time] [[quarkus-kubernetes-config-group-probe-config_quarkus.knative.liveness-probe.timeout]]`link:#quarkus-kubernetes-config-group-probe-config_quarkus.knative.liveness-probe.timeout[quarkus.knative.liveness-probe.timeout]`\n"
"\n"
"[.description]\n"
"--\n"
"The amount of time to wait for each action.\n"
"\n"
"ifdef::add-copy-button-to-env-var[]\n"
"Environment variable: env_var_with_copy_button:+++QUARKUS_KNATIVE_LIVENESS_PROBE_TIMEOUT+++[]\n"
"endif::add-copy-button-to-env-var[]\n"
"ifndef::add-copy-button-to-env-var[]\n"
"Environment variable: `+++QUARKUS_KNATIVE_LIVENESS_PROBE_TIMEOUT+++`\n"
"endif::add-copy-button-to-env-var[]\n"
"--"
msgstr ""

#. type: Table
#: upstream/_generated-config/latest/config/quarkus-kubernetes-config-group-probe-config.adoc:112
#: upstream/_generated-config/latest/config/quarkus-kubernetes-config-group-probe-config.adoc:243
#: upstream/_generated-config/latest/config/quarkus-kubernetes-config-group-probe-config.adoc:374
#: upstream/_generated-config/latest/config/quarkus-kubernetes-config-group-probe-config.adoc:505
#: upstream/_generated-config/latest/config/quarkus-kubernetes-config-group-probe-config.adoc:636
#: upstream/_generated-config/latest/config/quarkus-kubernetes-config-group-probe-config.adoc:767
#: upstream/_generated-config/latest/config/quarkus-kubernetes-config-group-probe-config.adoc:898
#: upstream/_generated-config/latest/config/quarkus-kubernetes-config-group-probe-config.adoc:1029
#: upstream/_generated-config/latest/config/quarkus-kubernetes-config-group-probe-config.adoc:1160
#: upstream/_generated-config/latest/config/quarkus-kubernetes-config-group-probe-config.adoc:1291
#: upstream/_generated-config/latest/config/quarkus-kubernetes-config-group-probe-config.adoc:1422
#: upstream/_generated-config/latest/config/quarkus-kubernetes-config-group-probe-config.adoc:1553
#: upstream/_generated-config/latest/config/quarkus-kubernetes-config-group-probe-config.adoc:1684
#: upstream/_generated-config/latest/config/quarkus-kubernetes-config-group-probe-config.adoc:1815
#: upstream/_generated-config/latest/config/quarkus-kubernetes-config-group-probe-config.adoc:1946
#: upstream/_generated-config/latest/config/quarkus-kubernetes-config-group-probe-config.adoc:2077
#: upstream/_generated-config/latest/config/quarkus-kubernetes-config-group-probe-config.adoc:2208
#: upstream/_generated-config/latest/config/quarkus-kubernetes-config-group-probe-config.adoc:2339
#, no-wrap
msgid "`10S`"
msgstr ""

#. type: Table
#: upstream/_generated-config/latest/config/quarkus-kubernetes-config-group-probe-config.adoc:124
#, no-wrap
msgid ""
"icon:lock[title=Fixed at build time] [[quarkus-kubernetes-config-group-probe-config_quarkus.knative.liveness-probe.success-threshold]]`link:#quarkus-kubernetes-config-group-probe-config_quarkus.knative.liveness-probe.success-threshold[quarkus.knative.liveness-probe.success-threshold]`\n"
"\n"
"[.description]\n"
"--\n"
"The success threshold to use.\n"
"\n"
"ifdef::add-copy-button-to-env-var[]\n"
"Environment variable: env_var_with_copy_button:+++QUARKUS_KNATIVE_LIVENESS_PROBE_SUCCESS_THRESHOLD+++[]\n"
"endif::add-copy-button-to-env-var[]\n"
"ifndef::add-copy-button-to-env-var[]\n"
"Environment variable: `+++QUARKUS_KNATIVE_LIVENESS_PROBE_SUCCESS_THRESHOLD+++`\n"
"endif::add-copy-button-to-env-var[]\n"
"--"
msgstr ""

#. type: Table
#: upstream/_generated-config/latest/config/quarkus-kubernetes-config-group-probe-config.adoc:125
#: upstream/_generated-config/latest/config/quarkus-kubernetes-config-group-probe-config.adoc:141
#: upstream/_generated-config/latest/config/quarkus-kubernetes-config-group-probe-config.adoc:256
#: upstream/_generated-config/latest/config/quarkus-kubernetes-config-group-probe-config.adoc:272
#: upstream/_generated-config/latest/config/quarkus-kubernetes-config-group-probe-config.adoc:387
#: upstream/_generated-config/latest/config/quarkus-kubernetes-config-group-probe-config.adoc:403
#: upstream/_generated-config/latest/config/quarkus-kubernetes-config-group-probe-config.adoc:518
#: upstream/_generated-config/latest/config/quarkus-kubernetes-config-group-probe-config.adoc:534
#: upstream/_generated-config/latest/config/quarkus-kubernetes-config-group-probe-config.adoc:649
#: upstream/_generated-config/latest/config/quarkus-kubernetes-config-group-probe-config.adoc:665
#: upstream/_generated-config/latest/config/quarkus-kubernetes-config-group-probe-config.adoc:780
#: upstream/_generated-config/latest/config/quarkus-kubernetes-config-group-probe-config.adoc:796
#: upstream/_generated-config/latest/config/quarkus-kubernetes-config-group-probe-config.adoc:911
#: upstream/_generated-config/latest/config/quarkus-kubernetes-config-group-probe-config.adoc:927
#: upstream/_generated-config/latest/config/quarkus-kubernetes-config-group-probe-config.adoc:1042
#: upstream/_generated-config/latest/config/quarkus-kubernetes-config-group-probe-config.adoc:1058
#: upstream/_generated-config/latest/config/quarkus-kubernetes-config-group-probe-config.adoc:1173
#: upstream/_generated-config/latest/config/quarkus-kubernetes-config-group-probe-config.adoc:1189
#: upstream/_generated-config/latest/config/quarkus-kubernetes-config-group-probe-config.adoc:1304
#: upstream/_generated-config/latest/config/quarkus-kubernetes-config-group-probe-config.adoc:1320
#: upstream/_generated-config/latest/config/quarkus-kubernetes-config-group-probe-config.adoc:1435
#: upstream/_generated-config/latest/config/quarkus-kubernetes-config-group-probe-config.adoc:1451
#: upstream/_generated-config/latest/config/quarkus-kubernetes-config-group-probe-config.adoc:1566
#: upstream/_generated-config/latest/config/quarkus-kubernetes-config-group-probe-config.adoc:1582
#: upstream/_generated-config/latest/config/quarkus-kubernetes-config-group-probe-config.adoc:1697
#: upstream/_generated-config/latest/config/quarkus-kubernetes-config-group-probe-config.adoc:1713
#: upstream/_generated-config/latest/config/quarkus-kubernetes-config-group-probe-config.adoc:1828
#: upstream/_generated-config/latest/config/quarkus-kubernetes-config-group-probe-config.adoc:1844
#: upstream/_generated-config/latest/config/quarkus-kubernetes-config-group-probe-config.adoc:1959
#: upstream/_generated-config/latest/config/quarkus-kubernetes-config-group-probe-config.adoc:1975
#: upstream/_generated-config/latest/config/quarkus-kubernetes-config-group-probe-config.adoc:2090
#: upstream/_generated-config/latest/config/quarkus-kubernetes-config-group-probe-config.adoc:2106
#: upstream/_generated-config/latest/config/quarkus-kubernetes-config-group-probe-config.adoc:2221
#: upstream/_generated-config/latest/config/quarkus-kubernetes-config-group-probe-config.adoc:2237
#: upstream/_generated-config/latest/config/quarkus-kubernetes-config-group-probe-config.adoc:2352
#: upstream/_generated-config/latest/config/quarkus-kubernetes-config-group-probe-config.adoc:2368
#, no-wrap
msgid "int"
msgstr "int"

#. type: Table
#: upstream/_generated-config/latest/config/quarkus-kubernetes-config-group-probe-config.adoc:128
#: upstream/_generated-config/latest/config/quarkus-kubernetes-config-group-probe-config.adoc:259
#: upstream/_generated-config/latest/config/quarkus-kubernetes-config-group-probe-config.adoc:390
#: upstream/_generated-config/latest/config/quarkus-kubernetes-config-group-probe-config.adoc:521
#: upstream/_generated-config/latest/config/quarkus-kubernetes-config-group-probe-config.adoc:652
#: upstream/_generated-config/latest/config/quarkus-kubernetes-config-group-probe-config.adoc:783
#: upstream/_generated-config/latest/config/quarkus-kubernetes-config-group-probe-config.adoc:914
#: upstream/_generated-config/latest/config/quarkus-kubernetes-config-group-probe-config.adoc:1045
#: upstream/_generated-config/latest/config/quarkus-kubernetes-config-group-probe-config.adoc:1176
#: upstream/_generated-config/latest/config/quarkus-kubernetes-config-group-probe-config.adoc:1307
#: upstream/_generated-config/latest/config/quarkus-kubernetes-config-group-probe-config.adoc:1438
#: upstream/_generated-config/latest/config/quarkus-kubernetes-config-group-probe-config.adoc:1569
#: upstream/_generated-config/latest/config/quarkus-kubernetes-config-group-probe-config.adoc:1700
#: upstream/_generated-config/latest/config/quarkus-kubernetes-config-group-probe-config.adoc:1831
#: upstream/_generated-config/latest/config/quarkus-kubernetes-config-group-probe-config.adoc:1962
#: upstream/_generated-config/latest/config/quarkus-kubernetes-config-group-probe-config.adoc:2093
#: upstream/_generated-config/latest/config/quarkus-kubernetes-config-group-probe-config.adoc:2224
#: upstream/_generated-config/latest/config/quarkus-kubernetes-config-group-probe-config.adoc:2355
#, no-wrap
msgid "`1`"
msgstr "`1`"

#. type: Table
#: upstream/_generated-config/latest/config/quarkus-kubernetes-config-group-probe-config.adoc:140
#, no-wrap
msgid ""
"icon:lock[title=Fixed at build time] [[quarkus-kubernetes-config-group-probe-config_quarkus.knative.liveness-probe.failure-threshold]]`link:#quarkus-kubernetes-config-group-probe-config_quarkus.knative.liveness-probe.failure-threshold[quarkus.knative.liveness-probe.failure-threshold]`\n"
"\n"
"[.description]\n"
"--\n"
"The failure threshold to use.\n"
"\n"
"ifdef::add-copy-button-to-env-var[]\n"
"Environment variable: env_var_with_copy_button:+++QUARKUS_KNATIVE_LIVENESS_PROBE_FAILURE_THRESHOLD+++[]\n"
"endif::add-copy-button-to-env-var[]\n"
"ifndef::add-copy-button-to-env-var[]\n"
"Environment variable: `+++QUARKUS_KNATIVE_LIVENESS_PROBE_FAILURE_THRESHOLD+++`\n"
"endif::add-copy-button-to-env-var[]\n"
"--"
msgstr ""

#. type: Table
#: upstream/_generated-config/latest/config/quarkus-kubernetes-config-group-probe-config.adoc:144
#: upstream/_generated-config/latest/config/quarkus-kubernetes-config-group-probe-config.adoc:275
#: upstream/_generated-config/latest/config/quarkus-kubernetes-config-group-probe-config.adoc:406
#: upstream/_generated-config/latest/config/quarkus-kubernetes-config-group-probe-config.adoc:537
#: upstream/_generated-config/latest/config/quarkus-kubernetes-config-group-probe-config.adoc:668
#: upstream/_generated-config/latest/config/quarkus-kubernetes-config-group-probe-config.adoc:799
#: upstream/_generated-config/latest/config/quarkus-kubernetes-config-group-probe-config.adoc:930
#: upstream/_generated-config/latest/config/quarkus-kubernetes-config-group-probe-config.adoc:1061
#: upstream/_generated-config/latest/config/quarkus-kubernetes-config-group-probe-config.adoc:1192
#: upstream/_generated-config/latest/config/quarkus-kubernetes-config-group-probe-config.adoc:1323
#: upstream/_generated-config/latest/config/quarkus-kubernetes-config-group-probe-config.adoc:1454
#: upstream/_generated-config/latest/config/quarkus-kubernetes-config-group-probe-config.adoc:1585
#: upstream/_generated-config/latest/config/quarkus-kubernetes-config-group-probe-config.adoc:1716
#: upstream/_generated-config/latest/config/quarkus-kubernetes-config-group-probe-config.adoc:1847
#: upstream/_generated-config/latest/config/quarkus-kubernetes-config-group-probe-config.adoc:1978
#: upstream/_generated-config/latest/config/quarkus-kubernetes-config-group-probe-config.adoc:2109
#: upstream/_generated-config/latest/config/quarkus-kubernetes-config-group-probe-config.adoc:2240
#: upstream/_generated-config/latest/config/quarkus-kubernetes-config-group-probe-config.adoc:2370
#, no-wrap
msgid "`3`"
msgstr "`3`"

#. type: Table
#: upstream/_generated-config/latest/config/quarkus-kubernetes-config-group-probe-config.adoc:156
#, no-wrap
msgid ""
"icon:lock[title=Fixed at build time] [[quarkus-kubernetes-config-group-probe-config_quarkus.knative.readiness-probe.http-action-path]]`link:#quarkus-kubernetes-config-group-probe-config_quarkus.knative.readiness-probe.http-action-path[quarkus.knative.readiness-probe.http-action-path]`\n"
"\n"
"[.description]\n"
"--\n"
"The http path to use for the probe For this to work, the container port also needs to be set Assuming the container port has been set (as per above comment), if execAction or tcpSocketAction are not set, an HTTP probe will be used automatically even if no path is set (which will result in the root path being used)\n"
"\n"
"ifdef::add-copy-button-to-env-var[]\n"
"Environment variable: env_var_with_copy_button:+++QUARKUS_KNATIVE_READINESS_PROBE_HTTP_ACTION_PATH+++[]\n"
"endif::add-copy-button-to-env-var[]\n"
"ifndef::add-copy-button-to-env-var[]\n"
"Environment variable: `+++QUARKUS_KNATIVE_READINESS_PROBE_HTTP_ACTION_PATH+++`\n"
"endif::add-copy-button-to-env-var[]\n"
"--"
msgstr ""

#. type: Table
#: upstream/_generated-config/latest/config/quarkus-kubernetes-config-group-probe-config.adoc:172
#, no-wrap
msgid ""
"icon:lock[title=Fixed at build time] [[quarkus-kubernetes-config-group-probe-config_quarkus.knative.readiness-probe.exec-action]]`link:#quarkus-kubernetes-config-group-probe-config_quarkus.knative.readiness-probe.exec-action[quarkus.knative.readiness-probe.exec-action]`\n"
"\n"
"[.description]\n"
"--\n"
"The command to use for the probe.\n"
"\n"
"ifdef::add-copy-button-to-env-var[]\n"
"Environment variable: env_var_with_copy_button:+++QUARKUS_KNATIVE_READINESS_PROBE_EXEC_ACTION+++[]\n"
"endif::add-copy-button-to-env-var[]\n"
"ifndef::add-copy-button-to-env-var[]\n"
"Environment variable: `+++QUARKUS_KNATIVE_READINESS_PROBE_EXEC_ACTION+++`\n"
"endif::add-copy-button-to-env-var[]\n"
"--"
msgstr ""

#. type: Table
#: upstream/_generated-config/latest/config/quarkus-kubernetes-config-group-probe-config.adoc:188
#, no-wrap
msgid ""
"icon:lock[title=Fixed at build time] [[quarkus-kubernetes-config-group-probe-config_quarkus.knative.readiness-probe.tcp-socket-action]]`link:#quarkus-kubernetes-config-group-probe-config_quarkus.knative.readiness-probe.tcp-socket-action[quarkus.knative.readiness-probe.tcp-socket-action]`\n"
"\n"
"[.description]\n"
"--\n"
"The tcp socket to use for the probe (the format is host:port).\n"
"\n"
"ifdef::add-copy-button-to-env-var[]\n"
"Environment variable: env_var_with_copy_button:+++QUARKUS_KNATIVE_READINESS_PROBE_TCP_SOCKET_ACTION+++[]\n"
"endif::add-copy-button-to-env-var[]\n"
"ifndef::add-copy-button-to-env-var[]\n"
"Environment variable: `+++QUARKUS_KNATIVE_READINESS_PROBE_TCP_SOCKET_ACTION+++`\n"
"endif::add-copy-button-to-env-var[]\n"
"--"
msgstr ""

#. type: Table
#: upstream/_generated-config/latest/config/quarkus-kubernetes-config-group-probe-config.adoc:204
#, no-wrap
msgid ""
"icon:lock[title=Fixed at build time] [[quarkus-kubernetes-config-group-probe-config_quarkus.knative.readiness-probe.initial-delay]]`link:#quarkus-kubernetes-config-group-probe-config_quarkus.knative.readiness-probe.initial-delay[quarkus.knative.readiness-probe.initial-delay]`\n"
"\n"
"[.description]\n"
"--\n"
"The amount of time to wait before starting to probe.\n"
"\n"
"ifdef::add-copy-button-to-env-var[]\n"
"Environment variable: env_var_with_copy_button:+++QUARKUS_KNATIVE_READINESS_PROBE_INITIAL_DELAY+++[]\n"
"endif::add-copy-button-to-env-var[]\n"
"ifndef::add-copy-button-to-env-var[]\n"
"Environment variable: `+++QUARKUS_KNATIVE_READINESS_PROBE_INITIAL_DELAY+++`\n"
"endif::add-copy-button-to-env-var[]\n"
"--"
msgstr ""

#. type: Table
#: upstream/_generated-config/latest/config/quarkus-kubernetes-config-group-probe-config.adoc:221
#, no-wrap
msgid ""
"icon:lock[title=Fixed at build time] [[quarkus-kubernetes-config-group-probe-config_quarkus.knative.readiness-probe.period]]`link:#quarkus-kubernetes-config-group-probe-config_quarkus.knative.readiness-probe.period[quarkus.knative.readiness-probe.period]`\n"
"\n"
"[.description]\n"
"--\n"
"The period in which the action should be called.\n"
"\n"
"ifdef::add-copy-button-to-env-var[]\n"
"Environment variable: env_var_with_copy_button:+++QUARKUS_KNATIVE_READINESS_PROBE_PERIOD+++[]\n"
"endif::add-copy-button-to-env-var[]\n"
"ifndef::add-copy-button-to-env-var[]\n"
"Environment variable: `+++QUARKUS_KNATIVE_READINESS_PROBE_PERIOD+++`\n"
"endif::add-copy-button-to-env-var[]\n"
"--"
msgstr ""

#. type: Table
#: upstream/_generated-config/latest/config/quarkus-kubernetes-config-group-probe-config.adoc:238
#, no-wrap
msgid ""
"icon:lock[title=Fixed at build time] [[quarkus-kubernetes-config-group-probe-config_quarkus.knative.readiness-probe.timeout]]`link:#quarkus-kubernetes-config-group-probe-config_quarkus.knative.readiness-probe.timeout[quarkus.knative.readiness-probe.timeout]`\n"
"\n"
"[.description]\n"
"--\n"
"The amount of time to wait for each action.\n"
"\n"
"ifdef::add-copy-button-to-env-var[]\n"
"Environment variable: env_var_with_copy_button:+++QUARKUS_KNATIVE_READINESS_PROBE_TIMEOUT+++[]\n"
"endif::add-copy-button-to-env-var[]\n"
"ifndef::add-copy-button-to-env-var[]\n"
"Environment variable: `+++QUARKUS_KNATIVE_READINESS_PROBE_TIMEOUT+++`\n"
"endif::add-copy-button-to-env-var[]\n"
"--"
msgstr ""

#. type: Table
#: upstream/_generated-config/latest/config/quarkus-kubernetes-config-group-probe-config.adoc:255
#, no-wrap
msgid ""
"icon:lock[title=Fixed at build time] [[quarkus-kubernetes-config-group-probe-config_quarkus.knative.readiness-probe.success-threshold]]`link:#quarkus-kubernetes-config-group-probe-config_quarkus.knative.readiness-probe.success-threshold[quarkus.knative.readiness-probe.success-threshold]`\n"
"\n"
"[.description]\n"
"--\n"
"The success threshold to use.\n"
"\n"
"ifdef::add-copy-button-to-env-var[]\n"
"Environment variable: env_var_with_copy_button:+++QUARKUS_KNATIVE_READINESS_PROBE_SUCCESS_THRESHOLD+++[]\n"
"endif::add-copy-button-to-env-var[]\n"
"ifndef::add-copy-button-to-env-var[]\n"
"Environment variable: `+++QUARKUS_KNATIVE_READINESS_PROBE_SUCCESS_THRESHOLD+++`\n"
"endif::add-copy-button-to-env-var[]\n"
"--"
msgstr ""

#. type: Table
#: upstream/_generated-config/latest/config/quarkus-kubernetes-config-group-probe-config.adoc:271
#, no-wrap
msgid ""
"icon:lock[title=Fixed at build time] [[quarkus-kubernetes-config-group-probe-config_quarkus.knative.readiness-probe.failure-threshold]]`link:#quarkus-kubernetes-config-group-probe-config_quarkus.knative.readiness-probe.failure-threshold[quarkus.knative.readiness-probe.failure-threshold]`\n"
"\n"
"[.description]\n"
"--\n"
"The failure threshold to use.\n"
"\n"
"ifdef::add-copy-button-to-env-var[]\n"
"Environment variable: env_var_with_copy_button:+++QUARKUS_KNATIVE_READINESS_PROBE_FAILURE_THRESHOLD+++[]\n"
"endif::add-copy-button-to-env-var[]\n"
"ifndef::add-copy-button-to-env-var[]\n"
"Environment variable: `+++QUARKUS_KNATIVE_READINESS_PROBE_FAILURE_THRESHOLD+++`\n"
"endif::add-copy-button-to-env-var[]\n"
"--"
msgstr ""

#. type: Table
#: upstream/_generated-config/latest/config/quarkus-kubernetes-config-group-probe-config.adoc:287
#, no-wrap
msgid ""
"icon:lock[title=Fixed at build time] [[quarkus-kubernetes-config-group-probe-config_quarkus.knative.init-containers.-init-containers-.liveness-probe.http-action-path]]`link:#quarkus-kubernetes-config-group-probe-config_quarkus.knative.init-containers.-init-containers-.liveness-probe.http-action-path[quarkus.knative.init-containers.\"init-containers\".liveness-probe.http-action-path]`\n"
"\n"
"[.description]\n"
"--\n"
"The http path to use for the probe For this to work, the container port also needs to be set Assuming the container port has been set (as per above comment), if execAction or tcpSocketAction are not set, an HTTP probe will be used automatically even if no path is set (which will result in the root path being used)\n"
"\n"
"ifdef::add-copy-button-to-env-var[]\n"
"Environment variable: env_var_with_copy_button:+++QUARKUS_KNATIVE_INIT_CONTAINERS__INIT_CONTAINERS__LIVENESS_PROBE_HTTP_ACTION_PATH+++[]\n"
"endif::add-copy-button-to-env-var[]\n"
"ifndef::add-copy-button-to-env-var[]\n"
"Environment variable: `+++QUARKUS_KNATIVE_INIT_CONTAINERS__INIT_CONTAINERS__LIVENESS_PROBE_HTTP_ACTION_PATH+++`\n"
"endif::add-copy-button-to-env-var[]\n"
"--"
msgstr ""

#. type: Table
#: upstream/_generated-config/latest/config/quarkus-kubernetes-config-group-probe-config.adoc:303
#, no-wrap
msgid ""
"icon:lock[title=Fixed at build time] [[quarkus-kubernetes-config-group-probe-config_quarkus.knative.init-containers.-init-containers-.liveness-probe.exec-action]]`link:#quarkus-kubernetes-config-group-probe-config_quarkus.knative.init-containers.-init-containers-.liveness-probe.exec-action[quarkus.knative.init-containers.\"init-containers\".liveness-probe.exec-action]`\n"
"\n"
"[.description]\n"
"--\n"
"The command to use for the probe.\n"
"\n"
"ifdef::add-copy-button-to-env-var[]\n"
"Environment variable: env_var_with_copy_button:+++QUARKUS_KNATIVE_INIT_CONTAINERS__INIT_CONTAINERS__LIVENESS_PROBE_EXEC_ACTION+++[]\n"
"endif::add-copy-button-to-env-var[]\n"
"ifndef::add-copy-button-to-env-var[]\n"
"Environment variable: `+++QUARKUS_KNATIVE_INIT_CONTAINERS__INIT_CONTAINERS__LIVENESS_PROBE_EXEC_ACTION+++`\n"
"endif::add-copy-button-to-env-var[]\n"
"--"
msgstr ""

#. type: Table
#: upstream/_generated-config/latest/config/quarkus-kubernetes-config-group-probe-config.adoc:319
#, no-wrap
msgid ""
"icon:lock[title=Fixed at build time] [[quarkus-kubernetes-config-group-probe-config_quarkus.knative.init-containers.-init-containers-.liveness-probe.tcp-socket-action]]`link:#quarkus-kubernetes-config-group-probe-config_quarkus.knative.init-containers.-init-containers-.liveness-probe.tcp-socket-action[quarkus.knative.init-containers.\"init-containers\".liveness-probe.tcp-socket-action]`\n"
"\n"
"[.description]\n"
"--\n"
"The tcp socket to use for the probe (the format is host:port).\n"
"\n"
"ifdef::add-copy-button-to-env-var[]\n"
"Environment variable: env_var_with_copy_button:+++QUARKUS_KNATIVE_INIT_CONTAINERS__INIT_CONTAINERS__LIVENESS_PROBE_TCP_SOCKET_ACTION+++[]\n"
"endif::add-copy-button-to-env-var[]\n"
"ifndef::add-copy-button-to-env-var[]\n"
"Environment variable: `+++QUARKUS_KNATIVE_INIT_CONTAINERS__INIT_CONTAINERS__LIVENESS_PROBE_TCP_SOCKET_ACTION+++`\n"
"endif::add-copy-button-to-env-var[]\n"
"--"
msgstr ""

#. type: Table
#: upstream/_generated-config/latest/config/quarkus-kubernetes-config-group-probe-config.adoc:335
#, no-wrap
msgid ""
"icon:lock[title=Fixed at build time] [[quarkus-kubernetes-config-group-probe-config_quarkus.knative.init-containers.-init-containers-.liveness-probe.initial-delay]]`link:#quarkus-kubernetes-config-group-probe-config_quarkus.knative.init-containers.-init-containers-.liveness-probe.initial-delay[quarkus.knative.init-containers.\"init-containers\".liveness-probe.initial-delay]`\n"
"\n"
"[.description]\n"
"--\n"
"The amount of time to wait before starting to probe.\n"
"\n"
"ifdef::add-copy-button-to-env-var[]\n"
"Environment variable: env_var_with_copy_button:+++QUARKUS_KNATIVE_INIT_CONTAINERS__INIT_CONTAINERS__LIVENESS_PROBE_INITIAL_DELAY+++[]\n"
"endif::add-copy-button-to-env-var[]\n"
"ifndef::add-copy-button-to-env-var[]\n"
"Environment variable: `+++QUARKUS_KNATIVE_INIT_CONTAINERS__INIT_CONTAINERS__LIVENESS_PROBE_INITIAL_DELAY+++`\n"
"endif::add-copy-button-to-env-var[]\n"
"--"
msgstr ""

#. type: Table
#: upstream/_generated-config/latest/config/quarkus-kubernetes-config-group-probe-config.adoc:352
#, no-wrap
msgid ""
"icon:lock[title=Fixed at build time] [[quarkus-kubernetes-config-group-probe-config_quarkus.knative.init-containers.-init-containers-.liveness-probe.period]]`link:#quarkus-kubernetes-config-group-probe-config_quarkus.knative.init-containers.-init-containers-.liveness-probe.period[quarkus.knative.init-containers.\"init-containers\".liveness-probe.period]`\n"
"\n"
"[.description]\n"
"--\n"
"The period in which the action should be called.\n"
"\n"
"ifdef::add-copy-button-to-env-var[]\n"
"Environment variable: env_var_with_copy_button:+++QUARKUS_KNATIVE_INIT_CONTAINERS__INIT_CONTAINERS__LIVENESS_PROBE_PERIOD+++[]\n"
"endif::add-copy-button-to-env-var[]\n"
"ifndef::add-copy-button-to-env-var[]\n"
"Environment variable: `+++QUARKUS_KNATIVE_INIT_CONTAINERS__INIT_CONTAINERS__LIVENESS_PROBE_PERIOD+++`\n"
"endif::add-copy-button-to-env-var[]\n"
"--"
msgstr ""

#. type: Table
#: upstream/_generated-config/latest/config/quarkus-kubernetes-config-group-probe-config.adoc:369
#, no-wrap
msgid ""
"icon:lock[title=Fixed at build time] [[quarkus-kubernetes-config-group-probe-config_quarkus.knative.init-containers.-init-containers-.liveness-probe.timeout]]`link:#quarkus-kubernetes-config-group-probe-config_quarkus.knative.init-containers.-init-containers-.liveness-probe.timeout[quarkus.knative.init-containers.\"init-containers\".liveness-probe.timeout]`\n"
"\n"
"[.description]\n"
"--\n"
"The amount of time to wait for each action.\n"
"\n"
"ifdef::add-copy-button-to-env-var[]\n"
"Environment variable: env_var_with_copy_button:+++QUARKUS_KNATIVE_INIT_CONTAINERS__INIT_CONTAINERS__LIVENESS_PROBE_TIMEOUT+++[]\n"
"endif::add-copy-button-to-env-var[]\n"
"ifndef::add-copy-button-to-env-var[]\n"
"Environment variable: `+++QUARKUS_KNATIVE_INIT_CONTAINERS__INIT_CONTAINERS__LIVENESS_PROBE_TIMEOUT+++`\n"
"endif::add-copy-button-to-env-var[]\n"
"--"
msgstr ""

#. type: Table
#: upstream/_generated-config/latest/config/quarkus-kubernetes-config-group-probe-config.adoc:386
#, no-wrap
msgid ""
"icon:lock[title=Fixed at build time] [[quarkus-kubernetes-config-group-probe-config_quarkus.knative.init-containers.-init-containers-.liveness-probe.success-threshold]]`link:#quarkus-kubernetes-config-group-probe-config_quarkus.knative.init-containers.-init-containers-.liveness-probe.success-threshold[quarkus.knative.init-containers.\"init-containers\".liveness-probe.success-threshold]`\n"
"\n"
"[.description]\n"
"--\n"
"The success threshold to use.\n"
"\n"
"ifdef::add-copy-button-to-env-var[]\n"
"Environment variable: env_var_with_copy_button:+++QUARKUS_KNATIVE_INIT_CONTAINERS__INIT_CONTAINERS__LIVENESS_PROBE_SUCCESS_THRESHOLD+++[]\n"
"endif::add-copy-button-to-env-var[]\n"
"ifndef::add-copy-button-to-env-var[]\n"
"Environment variable: `+++QUARKUS_KNATIVE_INIT_CONTAINERS__INIT_CONTAINERS__LIVENESS_PROBE_SUCCESS_THRESHOLD+++`\n"
"endif::add-copy-button-to-env-var[]\n"
"--"
msgstr ""

#. type: Table
#: upstream/_generated-config/latest/config/quarkus-kubernetes-config-group-probe-config.adoc:402
#, no-wrap
msgid ""
"icon:lock[title=Fixed at build time] [[quarkus-kubernetes-config-group-probe-config_quarkus.knative.init-containers.-init-containers-.liveness-probe.failure-threshold]]`link:#quarkus-kubernetes-config-group-probe-config_quarkus.knative.init-containers.-init-containers-.liveness-probe.failure-threshold[quarkus.knative.init-containers.\"init-containers\".liveness-probe.failure-threshold]`\n"
"\n"
"[.description]\n"
"--\n"
"The failure threshold to use.\n"
"\n"
"ifdef::add-copy-button-to-env-var[]\n"
"Environment variable: env_var_with_copy_button:+++QUARKUS_KNATIVE_INIT_CONTAINERS__INIT_CONTAINERS__LIVENESS_PROBE_FAILURE_THRESHOLD+++[]\n"
"endif::add-copy-button-to-env-var[]\n"
"ifndef::add-copy-button-to-env-var[]\n"
"Environment variable: `+++QUARKUS_KNATIVE_INIT_CONTAINERS__INIT_CONTAINERS__LIVENESS_PROBE_FAILURE_THRESHOLD+++`\n"
"endif::add-copy-button-to-env-var[]\n"
"--"
msgstr ""

#. type: Table
#: upstream/_generated-config/latest/config/quarkus-kubernetes-config-group-probe-config.adoc:418
#, no-wrap
msgid ""
"icon:lock[title=Fixed at build time] [[quarkus-kubernetes-config-group-probe-config_quarkus.knative.init-containers.-init-containers-.readiness-probe.http-action-path]]`link:#quarkus-kubernetes-config-group-probe-config_quarkus.knative.init-containers.-init-containers-.readiness-probe.http-action-path[quarkus.knative.init-containers.\"init-containers\".readiness-probe.http-action-path]`\n"
"\n"
"[.description]\n"
"--\n"
"The http path to use for the probe For this to work, the container port also needs to be set Assuming the container port has been set (as per above comment), if execAction or tcpSocketAction are not set, an HTTP probe will be used automatically even if no path is set (which will result in the root path being used)\n"
"\n"
"ifdef::add-copy-button-to-env-var[]\n"
"Environment variable: env_var_with_copy_button:+++QUARKUS_KNATIVE_INIT_CONTAINERS__INIT_CONTAINERS__READINESS_PROBE_HTTP_ACTION_PATH+++[]\n"
"endif::add-copy-button-to-env-var[]\n"
"ifndef::add-copy-button-to-env-var[]\n"
"Environment variable: `+++QUARKUS_KNATIVE_INIT_CONTAINERS__INIT_CONTAINERS__READINESS_PROBE_HTTP_ACTION_PATH+++`\n"
"endif::add-copy-button-to-env-var[]\n"
"--"
msgstr ""

#. type: Table
#: upstream/_generated-config/latest/config/quarkus-kubernetes-config-group-probe-config.adoc:434
#, no-wrap
msgid ""
"icon:lock[title=Fixed at build time] [[quarkus-kubernetes-config-group-probe-config_quarkus.knative.init-containers.-init-containers-.readiness-probe.exec-action]]`link:#quarkus-kubernetes-config-group-probe-config_quarkus.knative.init-containers.-init-containers-.readiness-probe.exec-action[quarkus.knative.init-containers.\"init-containers\".readiness-probe.exec-action]`\n"
"\n"
"[.description]\n"
"--\n"
"The command to use for the probe.\n"
"\n"
"ifdef::add-copy-button-to-env-var[]\n"
"Environment variable: env_var_with_copy_button:+++QUARKUS_KNATIVE_INIT_CONTAINERS__INIT_CONTAINERS__READINESS_PROBE_EXEC_ACTION+++[]\n"
"endif::add-copy-button-to-env-var[]\n"
"ifndef::add-copy-button-to-env-var[]\n"
"Environment variable: `+++QUARKUS_KNATIVE_INIT_CONTAINERS__INIT_CONTAINERS__READINESS_PROBE_EXEC_ACTION+++`\n"
"endif::add-copy-button-to-env-var[]\n"
"--"
msgstr ""

#. type: Table
#: upstream/_generated-config/latest/config/quarkus-kubernetes-config-group-probe-config.adoc:450
#, no-wrap
msgid ""
"icon:lock[title=Fixed at build time] [[quarkus-kubernetes-config-group-probe-config_quarkus.knative.init-containers.-init-containers-.readiness-probe.tcp-socket-action]]`link:#quarkus-kubernetes-config-group-probe-config_quarkus.knative.init-containers.-init-containers-.readiness-probe.tcp-socket-action[quarkus.knative.init-containers.\"init-containers\".readiness-probe.tcp-socket-action]`\n"
"\n"
"[.description]\n"
"--\n"
"The tcp socket to use for the probe (the format is host:port).\n"
"\n"
"ifdef::add-copy-button-to-env-var[]\n"
"Environment variable: env_var_with_copy_button:+++QUARKUS_KNATIVE_INIT_CONTAINERS__INIT_CONTAINERS__READINESS_PROBE_TCP_SOCKET_ACTION+++[]\n"
"endif::add-copy-button-to-env-var[]\n"
"ifndef::add-copy-button-to-env-var[]\n"
"Environment variable: `+++QUARKUS_KNATIVE_INIT_CONTAINERS__INIT_CONTAINERS__READINESS_PROBE_TCP_SOCKET_ACTION+++`\n"
"endif::add-copy-button-to-env-var[]\n"
"--"
msgstr ""

#. type: Table
#: upstream/_generated-config/latest/config/quarkus-kubernetes-config-group-probe-config.adoc:466
#, no-wrap
msgid ""
"icon:lock[title=Fixed at build time] [[quarkus-kubernetes-config-group-probe-config_quarkus.knative.init-containers.-init-containers-.readiness-probe.initial-delay]]`link:#quarkus-kubernetes-config-group-probe-config_quarkus.knative.init-containers.-init-containers-.readiness-probe.initial-delay[quarkus.knative.init-containers.\"init-containers\".readiness-probe.initial-delay]`\n"
"\n"
"[.description]\n"
"--\n"
"The amount of time to wait before starting to probe.\n"
"\n"
"ifdef::add-copy-button-to-env-var[]\n"
"Environment variable: env_var_with_copy_button:+++QUARKUS_KNATIVE_INIT_CONTAINERS__INIT_CONTAINERS__READINESS_PROBE_INITIAL_DELAY+++[]\n"
"endif::add-copy-button-to-env-var[]\n"
"ifndef::add-copy-button-to-env-var[]\n"
"Environment variable: `+++QUARKUS_KNATIVE_INIT_CONTAINERS__INIT_CONTAINERS__READINESS_PROBE_INITIAL_DELAY+++`\n"
"endif::add-copy-button-to-env-var[]\n"
"--"
msgstr ""

#. type: Table
#: upstream/_generated-config/latest/config/quarkus-kubernetes-config-group-probe-config.adoc:483
#, no-wrap
msgid ""
"icon:lock[title=Fixed at build time] [[quarkus-kubernetes-config-group-probe-config_quarkus.knative.init-containers.-init-containers-.readiness-probe.period]]`link:#quarkus-kubernetes-config-group-probe-config_quarkus.knative.init-containers.-init-containers-.readiness-probe.period[quarkus.knative.init-containers.\"init-containers\".readiness-probe.period]`\n"
"\n"
"[.description]\n"
"--\n"
"The period in which the action should be called.\n"
"\n"
"ifdef::add-copy-button-to-env-var[]\n"
"Environment variable: env_var_with_copy_button:+++QUARKUS_KNATIVE_INIT_CONTAINERS__INIT_CONTAINERS__READINESS_PROBE_PERIOD+++[]\n"
"endif::add-copy-button-to-env-var[]\n"
"ifndef::add-copy-button-to-env-var[]\n"
"Environment variable: `+++QUARKUS_KNATIVE_INIT_CONTAINERS__INIT_CONTAINERS__READINESS_PROBE_PERIOD+++`\n"
"endif::add-copy-button-to-env-var[]\n"
"--"
msgstr ""

#. type: Table
#: upstream/_generated-config/latest/config/quarkus-kubernetes-config-group-probe-config.adoc:500
#, no-wrap
msgid ""
"icon:lock[title=Fixed at build time] [[quarkus-kubernetes-config-group-probe-config_quarkus.knative.init-containers.-init-containers-.readiness-probe.timeout]]`link:#quarkus-kubernetes-config-group-probe-config_quarkus.knative.init-containers.-init-containers-.readiness-probe.timeout[quarkus.knative.init-containers.\"init-containers\".readiness-probe.timeout]`\n"
"\n"
"[.description]\n"
"--\n"
"The amount of time to wait for each action.\n"
"\n"
"ifdef::add-copy-button-to-env-var[]\n"
"Environment variable: env_var_with_copy_button:+++QUARKUS_KNATIVE_INIT_CONTAINERS__INIT_CONTAINERS__READINESS_PROBE_TIMEOUT+++[]\n"
"endif::add-copy-button-to-env-var[]\n"
"ifndef::add-copy-button-to-env-var[]\n"
"Environment variable: `+++QUARKUS_KNATIVE_INIT_CONTAINERS__INIT_CONTAINERS__READINESS_PROBE_TIMEOUT+++`\n"
"endif::add-copy-button-to-env-var[]\n"
"--"
msgstr ""

#. type: Table
#: upstream/_generated-config/latest/config/quarkus-kubernetes-config-group-probe-config.adoc:517
#, no-wrap
msgid ""
"icon:lock[title=Fixed at build time] [[quarkus-kubernetes-config-group-probe-config_quarkus.knative.init-containers.-init-containers-.readiness-probe.success-threshold]]`link:#quarkus-kubernetes-config-group-probe-config_quarkus.knative.init-containers.-init-containers-.readiness-probe.success-threshold[quarkus.knative.init-containers.\"init-containers\".readiness-probe.success-threshold]`\n"
"\n"
"[.description]\n"
"--\n"
"The success threshold to use.\n"
"\n"
"ifdef::add-copy-button-to-env-var[]\n"
"Environment variable: env_var_with_copy_button:+++QUARKUS_KNATIVE_INIT_CONTAINERS__INIT_CONTAINERS__READINESS_PROBE_SUCCESS_THRESHOLD+++[]\n"
"endif::add-copy-button-to-env-var[]\n"
"ifndef::add-copy-button-to-env-var[]\n"
"Environment variable: `+++QUARKUS_KNATIVE_INIT_CONTAINERS__INIT_CONTAINERS__READINESS_PROBE_SUCCESS_THRESHOLD+++`\n"
"endif::add-copy-button-to-env-var[]\n"
"--"
msgstr ""

#. type: Table
#: upstream/_generated-config/latest/config/quarkus-kubernetes-config-group-probe-config.adoc:533
#, no-wrap
msgid ""
"icon:lock[title=Fixed at build time] [[quarkus-kubernetes-config-group-probe-config_quarkus.knative.init-containers.-init-containers-.readiness-probe.failure-threshold]]`link:#quarkus-kubernetes-config-group-probe-config_quarkus.knative.init-containers.-init-containers-.readiness-probe.failure-threshold[quarkus.knative.init-containers.\"init-containers\".readiness-probe.failure-threshold]`\n"
"\n"
"[.description]\n"
"--\n"
"The failure threshold to use.\n"
"\n"
"ifdef::add-copy-button-to-env-var[]\n"
"Environment variable: env_var_with_copy_button:+++QUARKUS_KNATIVE_INIT_CONTAINERS__INIT_CONTAINERS__READINESS_PROBE_FAILURE_THRESHOLD+++[]\n"
"endif::add-copy-button-to-env-var[]\n"
"ifndef::add-copy-button-to-env-var[]\n"
"Environment variable: `+++QUARKUS_KNATIVE_INIT_CONTAINERS__INIT_CONTAINERS__READINESS_PROBE_FAILURE_THRESHOLD+++`\n"
"endif::add-copy-button-to-env-var[]\n"
"--"
msgstr ""

#. type: Table
#: upstream/_generated-config/latest/config/quarkus-kubernetes-config-group-probe-config.adoc:549
#, no-wrap
msgid ""
"icon:lock[title=Fixed at build time] [[quarkus-kubernetes-config-group-probe-config_quarkus.knative.containers.-containers-.liveness-probe.http-action-path]]`link:#quarkus-kubernetes-config-group-probe-config_quarkus.knative.containers.-containers-.liveness-probe.http-action-path[quarkus.knative.containers.\"containers\".liveness-probe.http-action-path]`\n"
"\n"
"[.description]\n"
"--\n"
"The http path to use for the probe For this to work, the container port also needs to be set Assuming the container port has been set (as per above comment), if execAction or tcpSocketAction are not set, an HTTP probe will be used automatically even if no path is set (which will result in the root path being used)\n"
"\n"
"ifdef::add-copy-button-to-env-var[]\n"
"Environment variable: env_var_with_copy_button:+++QUARKUS_KNATIVE_CONTAINERS__CONTAINERS__LIVENESS_PROBE_HTTP_ACTION_PATH+++[]\n"
"endif::add-copy-button-to-env-var[]\n"
"ifndef::add-copy-button-to-env-var[]\n"
"Environment variable: `+++QUARKUS_KNATIVE_CONTAINERS__CONTAINERS__LIVENESS_PROBE_HTTP_ACTION_PATH+++`\n"
"endif::add-copy-button-to-env-var[]\n"
"--"
msgstr ""

#. type: Table
#: upstream/_generated-config/latest/config/quarkus-kubernetes-config-group-probe-config.adoc:565
#, no-wrap
msgid ""
"icon:lock[title=Fixed at build time] [[quarkus-kubernetes-config-group-probe-config_quarkus.knative.containers.-containers-.liveness-probe.exec-action]]`link:#quarkus-kubernetes-config-group-probe-config_quarkus.knative.containers.-containers-.liveness-probe.exec-action[quarkus.knative.containers.\"containers\".liveness-probe.exec-action]`\n"
"\n"
"[.description]\n"
"--\n"
"The command to use for the probe.\n"
"\n"
"ifdef::add-copy-button-to-env-var[]\n"
"Environment variable: env_var_with_copy_button:+++QUARKUS_KNATIVE_CONTAINERS__CONTAINERS__LIVENESS_PROBE_EXEC_ACTION+++[]\n"
"endif::add-copy-button-to-env-var[]\n"
"ifndef::add-copy-button-to-env-var[]\n"
"Environment variable: `+++QUARKUS_KNATIVE_CONTAINERS__CONTAINERS__LIVENESS_PROBE_EXEC_ACTION+++`\n"
"endif::add-copy-button-to-env-var[]\n"
"--"
msgstr ""

#. type: Table
#: upstream/_generated-config/latest/config/quarkus-kubernetes-config-group-probe-config.adoc:581
#, no-wrap
msgid ""
"icon:lock[title=Fixed at build time] [[quarkus-kubernetes-config-group-probe-config_quarkus.knative.containers.-containers-.liveness-probe.tcp-socket-action]]`link:#quarkus-kubernetes-config-group-probe-config_quarkus.knative.containers.-containers-.liveness-probe.tcp-socket-action[quarkus.knative.containers.\"containers\".liveness-probe.tcp-socket-action]`\n"
"\n"
"[.description]\n"
"--\n"
"The tcp socket to use for the probe (the format is host:port).\n"
"\n"
"ifdef::add-copy-button-to-env-var[]\n"
"Environment variable: env_var_with_copy_button:+++QUARKUS_KNATIVE_CONTAINERS__CONTAINERS__LIVENESS_PROBE_TCP_SOCKET_ACTION+++[]\n"
"endif::add-copy-button-to-env-var[]\n"
"ifndef::add-copy-button-to-env-var[]\n"
"Environment variable: `+++QUARKUS_KNATIVE_CONTAINERS__CONTAINERS__LIVENESS_PROBE_TCP_SOCKET_ACTION+++`\n"
"endif::add-copy-button-to-env-var[]\n"
"--"
msgstr ""

#. type: Table
#: upstream/_generated-config/latest/config/quarkus-kubernetes-config-group-probe-config.adoc:597
#, no-wrap
msgid ""
"icon:lock[title=Fixed at build time] [[quarkus-kubernetes-config-group-probe-config_quarkus.knative.containers.-containers-.liveness-probe.initial-delay]]`link:#quarkus-kubernetes-config-group-probe-config_quarkus.knative.containers.-containers-.liveness-probe.initial-delay[quarkus.knative.containers.\"containers\".liveness-probe.initial-delay]`\n"
"\n"
"[.description]\n"
"--\n"
"The amount of time to wait before starting to probe.\n"
"\n"
"ifdef::add-copy-button-to-env-var[]\n"
"Environment variable: env_var_with_copy_button:+++QUARKUS_KNATIVE_CONTAINERS__CONTAINERS__LIVENESS_PROBE_INITIAL_DELAY+++[]\n"
"endif::add-copy-button-to-env-var[]\n"
"ifndef::add-copy-button-to-env-var[]\n"
"Environment variable: `+++QUARKUS_KNATIVE_CONTAINERS__CONTAINERS__LIVENESS_PROBE_INITIAL_DELAY+++`\n"
"endif::add-copy-button-to-env-var[]\n"
"--"
msgstr ""

#. type: Table
#: upstream/_generated-config/latest/config/quarkus-kubernetes-config-group-probe-config.adoc:614
#, no-wrap
msgid ""
"icon:lock[title=Fixed at build time] [[quarkus-kubernetes-config-group-probe-config_quarkus.knative.containers.-containers-.liveness-probe.period]]`link:#quarkus-kubernetes-config-group-probe-config_quarkus.knative.containers.-containers-.liveness-probe.period[quarkus.knative.containers.\"containers\".liveness-probe.period]`\n"
"\n"
"[.description]\n"
"--\n"
"The period in which the action should be called.\n"
"\n"
"ifdef::add-copy-button-to-env-var[]\n"
"Environment variable: env_var_with_copy_button:+++QUARKUS_KNATIVE_CONTAINERS__CONTAINERS__LIVENESS_PROBE_PERIOD+++[]\n"
"endif::add-copy-button-to-env-var[]\n"
"ifndef::add-copy-button-to-env-var[]\n"
"Environment variable: `+++QUARKUS_KNATIVE_CONTAINERS__CONTAINERS__LIVENESS_PROBE_PERIOD+++`\n"
"endif::add-copy-button-to-env-var[]\n"
"--"
msgstr ""

#. type: Table
#: upstream/_generated-config/latest/config/quarkus-kubernetes-config-group-probe-config.adoc:631
#, no-wrap
msgid ""
"icon:lock[title=Fixed at build time] [[quarkus-kubernetes-config-group-probe-config_quarkus.knative.containers.-containers-.liveness-probe.timeout]]`link:#quarkus-kubernetes-config-group-probe-config_quarkus.knative.containers.-containers-.liveness-probe.timeout[quarkus.knative.containers.\"containers\".liveness-probe.timeout]`\n"
"\n"
"[.description]\n"
"--\n"
"The amount of time to wait for each action.\n"
"\n"
"ifdef::add-copy-button-to-env-var[]\n"
"Environment variable: env_var_with_copy_button:+++QUARKUS_KNATIVE_CONTAINERS__CONTAINERS__LIVENESS_PROBE_TIMEOUT+++[]\n"
"endif::add-copy-button-to-env-var[]\n"
"ifndef::add-copy-button-to-env-var[]\n"
"Environment variable: `+++QUARKUS_KNATIVE_CONTAINERS__CONTAINERS__LIVENESS_PROBE_TIMEOUT+++`\n"
"endif::add-copy-button-to-env-var[]\n"
"--"
msgstr ""

#. type: Table
#: upstream/_generated-config/latest/config/quarkus-kubernetes-config-group-probe-config.adoc:648
#, no-wrap
msgid ""
"icon:lock[title=Fixed at build time] [[quarkus-kubernetes-config-group-probe-config_quarkus.knative.containers.-containers-.liveness-probe.success-threshold]]`link:#quarkus-kubernetes-config-group-probe-config_quarkus.knative.containers.-containers-.liveness-probe.success-threshold[quarkus.knative.containers.\"containers\".liveness-probe.success-threshold]`\n"
"\n"
"[.description]\n"
"--\n"
"The success threshold to use.\n"
"\n"
"ifdef::add-copy-button-to-env-var[]\n"
"Environment variable: env_var_with_copy_button:+++QUARKUS_KNATIVE_CONTAINERS__CONTAINERS__LIVENESS_PROBE_SUCCESS_THRESHOLD+++[]\n"
"endif::add-copy-button-to-env-var[]\n"
"ifndef::add-copy-button-to-env-var[]\n"
"Environment variable: `+++QUARKUS_KNATIVE_CONTAINERS__CONTAINERS__LIVENESS_PROBE_SUCCESS_THRESHOLD+++`\n"
"endif::add-copy-button-to-env-var[]\n"
"--"
msgstr ""

#. type: Table
#: upstream/_generated-config/latest/config/quarkus-kubernetes-config-group-probe-config.adoc:664
#, no-wrap
msgid ""
"icon:lock[title=Fixed at build time] [[quarkus-kubernetes-config-group-probe-config_quarkus.knative.containers.-containers-.liveness-probe.failure-threshold]]`link:#quarkus-kubernetes-config-group-probe-config_quarkus.knative.containers.-containers-.liveness-probe.failure-threshold[quarkus.knative.containers.\"containers\".liveness-probe.failure-threshold]`\n"
"\n"
"[.description]\n"
"--\n"
"The failure threshold to use.\n"
"\n"
"ifdef::add-copy-button-to-env-var[]\n"
"Environment variable: env_var_with_copy_button:+++QUARKUS_KNATIVE_CONTAINERS__CONTAINERS__LIVENESS_PROBE_FAILURE_THRESHOLD+++[]\n"
"endif::add-copy-button-to-env-var[]\n"
"ifndef::add-copy-button-to-env-var[]\n"
"Environment variable: `+++QUARKUS_KNATIVE_CONTAINERS__CONTAINERS__LIVENESS_PROBE_FAILURE_THRESHOLD+++`\n"
"endif::add-copy-button-to-env-var[]\n"
"--"
msgstr ""

#. type: Table
#: upstream/_generated-config/latest/config/quarkus-kubernetes-config-group-probe-config.adoc:680
#, no-wrap
msgid ""
"icon:lock[title=Fixed at build time] [[quarkus-kubernetes-config-group-probe-config_quarkus.knative.containers.-containers-.readiness-probe.http-action-path]]`link:#quarkus-kubernetes-config-group-probe-config_quarkus.knative.containers.-containers-.readiness-probe.http-action-path[quarkus.knative.containers.\"containers\".readiness-probe.http-action-path]`\n"
"\n"
"[.description]\n"
"--\n"
"The http path to use for the probe For this to work, the container port also needs to be set Assuming the container port has been set (as per above comment), if execAction or tcpSocketAction are not set, an HTTP probe will be used automatically even if no path is set (which will result in the root path being used)\n"
"\n"
"ifdef::add-copy-button-to-env-var[]\n"
"Environment variable: env_var_with_copy_button:+++QUARKUS_KNATIVE_CONTAINERS__CONTAINERS__READINESS_PROBE_HTTP_ACTION_PATH+++[]\n"
"endif::add-copy-button-to-env-var[]\n"
"ifndef::add-copy-button-to-env-var[]\n"
"Environment variable: `+++QUARKUS_KNATIVE_CONTAINERS__CONTAINERS__READINESS_PROBE_HTTP_ACTION_PATH+++`\n"
"endif::add-copy-button-to-env-var[]\n"
"--"
msgstr ""

#. type: Table
#: upstream/_generated-config/latest/config/quarkus-kubernetes-config-group-probe-config.adoc:696
#, no-wrap
msgid ""
"icon:lock[title=Fixed at build time] [[quarkus-kubernetes-config-group-probe-config_quarkus.knative.containers.-containers-.readiness-probe.exec-action]]`link:#quarkus-kubernetes-config-group-probe-config_quarkus.knative.containers.-containers-.readiness-probe.exec-action[quarkus.knative.containers.\"containers\".readiness-probe.exec-action]`\n"
"\n"
"[.description]\n"
"--\n"
"The command to use for the probe.\n"
"\n"
"ifdef::add-copy-button-to-env-var[]\n"
"Environment variable: env_var_with_copy_button:+++QUARKUS_KNATIVE_CONTAINERS__CONTAINERS__READINESS_PROBE_EXEC_ACTION+++[]\n"
"endif::add-copy-button-to-env-var[]\n"
"ifndef::add-copy-button-to-env-var[]\n"
"Environment variable: `+++QUARKUS_KNATIVE_CONTAINERS__CONTAINERS__READINESS_PROBE_EXEC_ACTION+++`\n"
"endif::add-copy-button-to-env-var[]\n"
"--"
msgstr ""

#. type: Table
#: upstream/_generated-config/latest/config/quarkus-kubernetes-config-group-probe-config.adoc:712
#, no-wrap
msgid ""
"icon:lock[title=Fixed at build time] [[quarkus-kubernetes-config-group-probe-config_quarkus.knative.containers.-containers-.readiness-probe.tcp-socket-action]]`link:#quarkus-kubernetes-config-group-probe-config_quarkus.knative.containers.-containers-.readiness-probe.tcp-socket-action[quarkus.knative.containers.\"containers\".readiness-probe.tcp-socket-action]`\n"
"\n"
"[.description]\n"
"--\n"
"The tcp socket to use for the probe (the format is host:port).\n"
"\n"
"ifdef::add-copy-button-to-env-var[]\n"
"Environment variable: env_var_with_copy_button:+++QUARKUS_KNATIVE_CONTAINERS__CONTAINERS__READINESS_PROBE_TCP_SOCKET_ACTION+++[]\n"
"endif::add-copy-button-to-env-var[]\n"
"ifndef::add-copy-button-to-env-var[]\n"
"Environment variable: `+++QUARKUS_KNATIVE_CONTAINERS__CONTAINERS__READINESS_PROBE_TCP_SOCKET_ACTION+++`\n"
"endif::add-copy-button-to-env-var[]\n"
"--"
msgstr ""

#. type: Table
#: upstream/_generated-config/latest/config/quarkus-kubernetes-config-group-probe-config.adoc:728
#, no-wrap
msgid ""
"icon:lock[title=Fixed at build time] [[quarkus-kubernetes-config-group-probe-config_quarkus.knative.containers.-containers-.readiness-probe.initial-delay]]`link:#quarkus-kubernetes-config-group-probe-config_quarkus.knative.containers.-containers-.readiness-probe.initial-delay[quarkus.knative.containers.\"containers\".readiness-probe.initial-delay]`\n"
"\n"
"[.description]\n"
"--\n"
"The amount of time to wait before starting to probe.\n"
"\n"
"ifdef::add-copy-button-to-env-var[]\n"
"Environment variable: env_var_with_copy_button:+++QUARKUS_KNATIVE_CONTAINERS__CONTAINERS__READINESS_PROBE_INITIAL_DELAY+++[]\n"
"endif::add-copy-button-to-env-var[]\n"
"ifndef::add-copy-button-to-env-var[]\n"
"Environment variable: `+++QUARKUS_KNATIVE_CONTAINERS__CONTAINERS__READINESS_PROBE_INITIAL_DELAY+++`\n"
"endif::add-copy-button-to-env-var[]\n"
"--"
msgstr ""

#. type: Table
#: upstream/_generated-config/latest/config/quarkus-kubernetes-config-group-probe-config.adoc:745
#, no-wrap
msgid ""
"icon:lock[title=Fixed at build time] [[quarkus-kubernetes-config-group-probe-config_quarkus.knative.containers.-containers-.readiness-probe.period]]`link:#quarkus-kubernetes-config-group-probe-config_quarkus.knative.containers.-containers-.readiness-probe.period[quarkus.knative.containers.\"containers\".readiness-probe.period]`\n"
"\n"
"[.description]\n"
"--\n"
"The period in which the action should be called.\n"
"\n"
"ifdef::add-copy-button-to-env-var[]\n"
"Environment variable: env_var_with_copy_button:+++QUARKUS_KNATIVE_CONTAINERS__CONTAINERS__READINESS_PROBE_PERIOD+++[]\n"
"endif::add-copy-button-to-env-var[]\n"
"ifndef::add-copy-button-to-env-var[]\n"
"Environment variable: `+++QUARKUS_KNATIVE_CONTAINERS__CONTAINERS__READINESS_PROBE_PERIOD+++`\n"
"endif::add-copy-button-to-env-var[]\n"
"--"
msgstr ""

#. type: Table
#: upstream/_generated-config/latest/config/quarkus-kubernetes-config-group-probe-config.adoc:762
#, no-wrap
msgid ""
"icon:lock[title=Fixed at build time] [[quarkus-kubernetes-config-group-probe-config_quarkus.knative.containers.-containers-.readiness-probe.timeout]]`link:#quarkus-kubernetes-config-group-probe-config_quarkus.knative.containers.-containers-.readiness-probe.timeout[quarkus.knative.containers.\"containers\".readiness-probe.timeout]`\n"
"\n"
"[.description]\n"
"--\n"
"The amount of time to wait for each action.\n"
"\n"
"ifdef::add-copy-button-to-env-var[]\n"
"Environment variable: env_var_with_copy_button:+++QUARKUS_KNATIVE_CONTAINERS__CONTAINERS__READINESS_PROBE_TIMEOUT+++[]\n"
"endif::add-copy-button-to-env-var[]\n"
"ifndef::add-copy-button-to-env-var[]\n"
"Environment variable: `+++QUARKUS_KNATIVE_CONTAINERS__CONTAINERS__READINESS_PROBE_TIMEOUT+++`\n"
"endif::add-copy-button-to-env-var[]\n"
"--"
msgstr ""

#. type: Table
#: upstream/_generated-config/latest/config/quarkus-kubernetes-config-group-probe-config.adoc:779
#, no-wrap
msgid ""
"icon:lock[title=Fixed at build time] [[quarkus-kubernetes-config-group-probe-config_quarkus.knative.containers.-containers-.readiness-probe.success-threshold]]`link:#quarkus-kubernetes-config-group-probe-config_quarkus.knative.containers.-containers-.readiness-probe.success-threshold[quarkus.knative.containers.\"containers\".readiness-probe.success-threshold]`\n"
"\n"
"[.description]\n"
"--\n"
"The success threshold to use.\n"
"\n"
"ifdef::add-copy-button-to-env-var[]\n"
"Environment variable: env_var_with_copy_button:+++QUARKUS_KNATIVE_CONTAINERS__CONTAINERS__READINESS_PROBE_SUCCESS_THRESHOLD+++[]\n"
"endif::add-copy-button-to-env-var[]\n"
"ifndef::add-copy-button-to-env-var[]\n"
"Environment variable: `+++QUARKUS_KNATIVE_CONTAINERS__CONTAINERS__READINESS_PROBE_SUCCESS_THRESHOLD+++`\n"
"endif::add-copy-button-to-env-var[]\n"
"--"
msgstr ""

#. type: Table
#: upstream/_generated-config/latest/config/quarkus-kubernetes-config-group-probe-config.adoc:795
#, no-wrap
msgid ""
"icon:lock[title=Fixed at build time] [[quarkus-kubernetes-config-group-probe-config_quarkus.knative.containers.-containers-.readiness-probe.failure-threshold]]`link:#quarkus-kubernetes-config-group-probe-config_quarkus.knative.containers.-containers-.readiness-probe.failure-threshold[quarkus.knative.containers.\"containers\".readiness-probe.failure-threshold]`\n"
"\n"
"[.description]\n"
"--\n"
"The failure threshold to use.\n"
"\n"
"ifdef::add-copy-button-to-env-var[]\n"
"Environment variable: env_var_with_copy_button:+++QUARKUS_KNATIVE_CONTAINERS__CONTAINERS__READINESS_PROBE_FAILURE_THRESHOLD+++[]\n"
"endif::add-copy-button-to-env-var[]\n"
"ifndef::add-copy-button-to-env-var[]\n"
"Environment variable: `+++QUARKUS_KNATIVE_CONTAINERS__CONTAINERS__READINESS_PROBE_FAILURE_THRESHOLD+++`\n"
"endif::add-copy-button-to-env-var[]\n"
"--"
msgstr ""

#. type: Table
#: upstream/_generated-config/latest/config/quarkus-kubernetes-config-group-probe-config.adoc:811
#, no-wrap
msgid ""
"icon:lock[title=Fixed at build time] [[quarkus-kubernetes-config-group-probe-config_quarkus.kubernetes.liveness-probe.http-action-path]]`link:#quarkus-kubernetes-config-group-probe-config_quarkus.kubernetes.liveness-probe.http-action-path[quarkus.kubernetes.liveness-probe.http-action-path]`\n"
"\n"
"[.description]\n"
"--\n"
"The http path to use for the probe For this to work, the container port also needs to be set Assuming the container port has been set (as per above comment), if execAction or tcpSocketAction are not set, an HTTP probe will be used automatically even if no path is set (which will result in the root path being used)\n"
"\n"
"ifdef::add-copy-button-to-env-var[]\n"
"Environment variable: env_var_with_copy_button:+++QUARKUS_KUBERNETES_LIVENESS_PROBE_HTTP_ACTION_PATH+++[]\n"
"endif::add-copy-button-to-env-var[]\n"
"ifndef::add-copy-button-to-env-var[]\n"
"Environment variable: `+++QUARKUS_KUBERNETES_LIVENESS_PROBE_HTTP_ACTION_PATH+++`\n"
"endif::add-copy-button-to-env-var[]\n"
"--"
msgstr ""

#. type: Table
#: upstream/_generated-config/latest/config/quarkus-kubernetes-config-group-probe-config.adoc:827
#, no-wrap
msgid ""
"icon:lock[title=Fixed at build time] [[quarkus-kubernetes-config-group-probe-config_quarkus.kubernetes.liveness-probe.exec-action]]`link:#quarkus-kubernetes-config-group-probe-config_quarkus.kubernetes.liveness-probe.exec-action[quarkus.kubernetes.liveness-probe.exec-action]`\n"
"\n"
"[.description]\n"
"--\n"
"The command to use for the probe.\n"
"\n"
"ifdef::add-copy-button-to-env-var[]\n"
"Environment variable: env_var_with_copy_button:+++QUARKUS_KUBERNETES_LIVENESS_PROBE_EXEC_ACTION+++[]\n"
"endif::add-copy-button-to-env-var[]\n"
"ifndef::add-copy-button-to-env-var[]\n"
"Environment variable: `+++QUARKUS_KUBERNETES_LIVENESS_PROBE_EXEC_ACTION+++`\n"
"endif::add-copy-button-to-env-var[]\n"
"--"
msgstr ""

#. type: Table
#: upstream/_generated-config/latest/config/quarkus-kubernetes-config-group-probe-config.adoc:843
#, no-wrap
msgid ""
"icon:lock[title=Fixed at build time] [[quarkus-kubernetes-config-group-probe-config_quarkus.kubernetes.liveness-probe.tcp-socket-action]]`link:#quarkus-kubernetes-config-group-probe-config_quarkus.kubernetes.liveness-probe.tcp-socket-action[quarkus.kubernetes.liveness-probe.tcp-socket-action]`\n"
"\n"
"[.description]\n"
"--\n"
"The tcp socket to use for the probe (the format is host:port).\n"
"\n"
"ifdef::add-copy-button-to-env-var[]\n"
"Environment variable: env_var_with_copy_button:+++QUARKUS_KUBERNETES_LIVENESS_PROBE_TCP_SOCKET_ACTION+++[]\n"
"endif::add-copy-button-to-env-var[]\n"
"ifndef::add-copy-button-to-env-var[]\n"
"Environment variable: `+++QUARKUS_KUBERNETES_LIVENESS_PROBE_TCP_SOCKET_ACTION+++`\n"
"endif::add-copy-button-to-env-var[]\n"
"--"
msgstr ""

#. type: Table
#: upstream/_generated-config/latest/config/quarkus-kubernetes-config-group-probe-config.adoc:859
#, no-wrap
msgid ""
"icon:lock[title=Fixed at build time] [[quarkus-kubernetes-config-group-probe-config_quarkus.kubernetes.liveness-probe.initial-delay]]`link:#quarkus-kubernetes-config-group-probe-config_quarkus.kubernetes.liveness-probe.initial-delay[quarkus.kubernetes.liveness-probe.initial-delay]`\n"
"\n"
"[.description]\n"
"--\n"
"The amount of time to wait before starting to probe.\n"
"\n"
"ifdef::add-copy-button-to-env-var[]\n"
"Environment variable: env_var_with_copy_button:+++QUARKUS_KUBERNETES_LIVENESS_PROBE_INITIAL_DELAY+++[]\n"
"endif::add-copy-button-to-env-var[]\n"
"ifndef::add-copy-button-to-env-var[]\n"
"Environment variable: `+++QUARKUS_KUBERNETES_LIVENESS_PROBE_INITIAL_DELAY+++`\n"
"endif::add-copy-button-to-env-var[]\n"
"--"
msgstr ""

#. type: Table
#: upstream/_generated-config/latest/config/quarkus-kubernetes-config-group-probe-config.adoc:876
#, no-wrap
msgid ""
"icon:lock[title=Fixed at build time] [[quarkus-kubernetes-config-group-probe-config_quarkus.kubernetes.liveness-probe.period]]`link:#quarkus-kubernetes-config-group-probe-config_quarkus.kubernetes.liveness-probe.period[quarkus.kubernetes.liveness-probe.period]`\n"
"\n"
"[.description]\n"
"--\n"
"The period in which the action should be called.\n"
"\n"
"ifdef::add-copy-button-to-env-var[]\n"
"Environment variable: env_var_with_copy_button:+++QUARKUS_KUBERNETES_LIVENESS_PROBE_PERIOD+++[]\n"
"endif::add-copy-button-to-env-var[]\n"
"ifndef::add-copy-button-to-env-var[]\n"
"Environment variable: `+++QUARKUS_KUBERNETES_LIVENESS_PROBE_PERIOD+++`\n"
"endif::add-copy-button-to-env-var[]\n"
"--"
msgstr ""

#. type: Table
#: upstream/_generated-config/latest/config/quarkus-kubernetes-config-group-probe-config.adoc:893
#, no-wrap
msgid ""
"icon:lock[title=Fixed at build time] [[quarkus-kubernetes-config-group-probe-config_quarkus.kubernetes.liveness-probe.timeout]]`link:#quarkus-kubernetes-config-group-probe-config_quarkus.kubernetes.liveness-probe.timeout[quarkus.kubernetes.liveness-probe.timeout]`\n"
"\n"
"[.description]\n"
"--\n"
"The amount of time to wait for each action.\n"
"\n"
"ifdef::add-copy-button-to-env-var[]\n"
"Environment variable: env_var_with_copy_button:+++QUARKUS_KUBERNETES_LIVENESS_PROBE_TIMEOUT+++[]\n"
"endif::add-copy-button-to-env-var[]\n"
"ifndef::add-copy-button-to-env-var[]\n"
"Environment variable: `+++QUARKUS_KUBERNETES_LIVENESS_PROBE_TIMEOUT+++`\n"
"endif::add-copy-button-to-env-var[]\n"
"--"
msgstr ""

#. type: Table
#: upstream/_generated-config/latest/config/quarkus-kubernetes-config-group-probe-config.adoc:910
#, no-wrap
msgid ""
"icon:lock[title=Fixed at build time] [[quarkus-kubernetes-config-group-probe-config_quarkus.kubernetes.liveness-probe.success-threshold]]`link:#quarkus-kubernetes-config-group-probe-config_quarkus.kubernetes.liveness-probe.success-threshold[quarkus.kubernetes.liveness-probe.success-threshold]`\n"
"\n"
"[.description]\n"
"--\n"
"The success threshold to use.\n"
"\n"
"ifdef::add-copy-button-to-env-var[]\n"
"Environment variable: env_var_with_copy_button:+++QUARKUS_KUBERNETES_LIVENESS_PROBE_SUCCESS_THRESHOLD+++[]\n"
"endif::add-copy-button-to-env-var[]\n"
"ifndef::add-copy-button-to-env-var[]\n"
"Environment variable: `+++QUARKUS_KUBERNETES_LIVENESS_PROBE_SUCCESS_THRESHOLD+++`\n"
"endif::add-copy-button-to-env-var[]\n"
"--"
msgstr ""

#. type: Table
#: upstream/_generated-config/latest/config/quarkus-kubernetes-config-group-probe-config.adoc:926
#, no-wrap
msgid ""
"icon:lock[title=Fixed at build time] [[quarkus-kubernetes-config-group-probe-config_quarkus.kubernetes.liveness-probe.failure-threshold]]`link:#quarkus-kubernetes-config-group-probe-config_quarkus.kubernetes.liveness-probe.failure-threshold[quarkus.kubernetes.liveness-probe.failure-threshold]`\n"
"\n"
"[.description]\n"
"--\n"
"The failure threshold to use.\n"
"\n"
"ifdef::add-copy-button-to-env-var[]\n"
"Environment variable: env_var_with_copy_button:+++QUARKUS_KUBERNETES_LIVENESS_PROBE_FAILURE_THRESHOLD+++[]\n"
"endif::add-copy-button-to-env-var[]\n"
"ifndef::add-copy-button-to-env-var[]\n"
"Environment variable: `+++QUARKUS_KUBERNETES_LIVENESS_PROBE_FAILURE_THRESHOLD+++`\n"
"endif::add-copy-button-to-env-var[]\n"
"--"
msgstr ""

#. type: Table
#: upstream/_generated-config/latest/config/quarkus-kubernetes-config-group-probe-config.adoc:942
#, no-wrap
msgid ""
"icon:lock[title=Fixed at build time] [[quarkus-kubernetes-config-group-probe-config_quarkus.kubernetes.readiness-probe.http-action-path]]`link:#quarkus-kubernetes-config-group-probe-config_quarkus.kubernetes.readiness-probe.http-action-path[quarkus.kubernetes.readiness-probe.http-action-path]`\n"
"\n"
"[.description]\n"
"--\n"
"The http path to use for the probe For this to work, the container port also needs to be set Assuming the container port has been set (as per above comment), if execAction or tcpSocketAction are not set, an HTTP probe will be used automatically even if no path is set (which will result in the root path being used)\n"
"\n"
"ifdef::add-copy-button-to-env-var[]\n"
"Environment variable: env_var_with_copy_button:+++QUARKUS_KUBERNETES_READINESS_PROBE_HTTP_ACTION_PATH+++[]\n"
"endif::add-copy-button-to-env-var[]\n"
"ifndef::add-copy-button-to-env-var[]\n"
"Environment variable: `+++QUARKUS_KUBERNETES_READINESS_PROBE_HTTP_ACTION_PATH+++`\n"
"endif::add-copy-button-to-env-var[]\n"
"--"
msgstr ""

#. type: Table
#: upstream/_generated-config/latest/config/quarkus-kubernetes-config-group-probe-config.adoc:958
#, no-wrap
msgid ""
"icon:lock[title=Fixed at build time] [[quarkus-kubernetes-config-group-probe-config_quarkus.kubernetes.readiness-probe.exec-action]]`link:#quarkus-kubernetes-config-group-probe-config_quarkus.kubernetes.readiness-probe.exec-action[quarkus.kubernetes.readiness-probe.exec-action]`\n"
"\n"
"[.description]\n"
"--\n"
"The command to use for the probe.\n"
"\n"
"ifdef::add-copy-button-to-env-var[]\n"
"Environment variable: env_var_with_copy_button:+++QUARKUS_KUBERNETES_READINESS_PROBE_EXEC_ACTION+++[]\n"
"endif::add-copy-button-to-env-var[]\n"
"ifndef::add-copy-button-to-env-var[]\n"
"Environment variable: `+++QUARKUS_KUBERNETES_READINESS_PROBE_EXEC_ACTION+++`\n"
"endif::add-copy-button-to-env-var[]\n"
"--"
msgstr ""

#. type: Table
#: upstream/_generated-config/latest/config/quarkus-kubernetes-config-group-probe-config.adoc:974
#, no-wrap
msgid ""
"icon:lock[title=Fixed at build time] [[quarkus-kubernetes-config-group-probe-config_quarkus.kubernetes.readiness-probe.tcp-socket-action]]`link:#quarkus-kubernetes-config-group-probe-config_quarkus.kubernetes.readiness-probe.tcp-socket-action[quarkus.kubernetes.readiness-probe.tcp-socket-action]`\n"
"\n"
"[.description]\n"
"--\n"
"The tcp socket to use for the probe (the format is host:port).\n"
"\n"
"ifdef::add-copy-button-to-env-var[]\n"
"Environment variable: env_var_with_copy_button:+++QUARKUS_KUBERNETES_READINESS_PROBE_TCP_SOCKET_ACTION+++[]\n"
"endif::add-copy-button-to-env-var[]\n"
"ifndef::add-copy-button-to-env-var[]\n"
"Environment variable: `+++QUARKUS_KUBERNETES_READINESS_PROBE_TCP_SOCKET_ACTION+++`\n"
"endif::add-copy-button-to-env-var[]\n"
"--"
msgstr ""

#. type: Table
#: upstream/_generated-config/latest/config/quarkus-kubernetes-config-group-probe-config.adoc:990
#, no-wrap
msgid ""
"icon:lock[title=Fixed at build time] [[quarkus-kubernetes-config-group-probe-config_quarkus.kubernetes.readiness-probe.initial-delay]]`link:#quarkus-kubernetes-config-group-probe-config_quarkus.kubernetes.readiness-probe.initial-delay[quarkus.kubernetes.readiness-probe.initial-delay]`\n"
"\n"
"[.description]\n"
"--\n"
"The amount of time to wait before starting to probe.\n"
"\n"
"ifdef::add-copy-button-to-env-var[]\n"
"Environment variable: env_var_with_copy_button:+++QUARKUS_KUBERNETES_READINESS_PROBE_INITIAL_DELAY+++[]\n"
"endif::add-copy-button-to-env-var[]\n"
"ifndef::add-copy-button-to-env-var[]\n"
"Environment variable: `+++QUARKUS_KUBERNETES_READINESS_PROBE_INITIAL_DELAY+++`\n"
"endif::add-copy-button-to-env-var[]\n"
"--"
msgstr ""

#. type: Table
#: upstream/_generated-config/latest/config/quarkus-kubernetes-config-group-probe-config.adoc:1007
#, no-wrap
msgid ""
"icon:lock[title=Fixed at build time] [[quarkus-kubernetes-config-group-probe-config_quarkus.kubernetes.readiness-probe.period]]`link:#quarkus-kubernetes-config-group-probe-config_quarkus.kubernetes.readiness-probe.period[quarkus.kubernetes.readiness-probe.period]`\n"
"\n"
"[.description]\n"
"--\n"
"The period in which the action should be called.\n"
"\n"
"ifdef::add-copy-button-to-env-var[]\n"
"Environment variable: env_var_with_copy_button:+++QUARKUS_KUBERNETES_READINESS_PROBE_PERIOD+++[]\n"
"endif::add-copy-button-to-env-var[]\n"
"ifndef::add-copy-button-to-env-var[]\n"
"Environment variable: `+++QUARKUS_KUBERNETES_READINESS_PROBE_PERIOD+++`\n"
"endif::add-copy-button-to-env-var[]\n"
"--"
msgstr ""

#. type: Table
#: upstream/_generated-config/latest/config/quarkus-kubernetes-config-group-probe-config.adoc:1024
#, no-wrap
msgid ""
"icon:lock[title=Fixed at build time] [[quarkus-kubernetes-config-group-probe-config_quarkus.kubernetes.readiness-probe.timeout]]`link:#quarkus-kubernetes-config-group-probe-config_quarkus.kubernetes.readiness-probe.timeout[quarkus.kubernetes.readiness-probe.timeout]`\n"
"\n"
"[.description]\n"
"--\n"
"The amount of time to wait for each action.\n"
"\n"
"ifdef::add-copy-button-to-env-var[]\n"
"Environment variable: env_var_with_copy_button:+++QUARKUS_KUBERNETES_READINESS_PROBE_TIMEOUT+++[]\n"
"endif::add-copy-button-to-env-var[]\n"
"ifndef::add-copy-button-to-env-var[]\n"
"Environment variable: `+++QUARKUS_KUBERNETES_READINESS_PROBE_TIMEOUT+++`\n"
"endif::add-copy-button-to-env-var[]\n"
"--"
msgstr ""

#. type: Table
#: upstream/_generated-config/latest/config/quarkus-kubernetes-config-group-probe-config.adoc:1041
#, no-wrap
msgid ""
"icon:lock[title=Fixed at build time] [[quarkus-kubernetes-config-group-probe-config_quarkus.kubernetes.readiness-probe.success-threshold]]`link:#quarkus-kubernetes-config-group-probe-config_quarkus.kubernetes.readiness-probe.success-threshold[quarkus.kubernetes.readiness-probe.success-threshold]`\n"
"\n"
"[.description]\n"
"--\n"
"The success threshold to use.\n"
"\n"
"ifdef::add-copy-button-to-env-var[]\n"
"Environment variable: env_var_with_copy_button:+++QUARKUS_KUBERNETES_READINESS_PROBE_SUCCESS_THRESHOLD+++[]\n"
"endif::add-copy-button-to-env-var[]\n"
"ifndef::add-copy-button-to-env-var[]\n"
"Environment variable: `+++QUARKUS_KUBERNETES_READINESS_PROBE_SUCCESS_THRESHOLD+++`\n"
"endif::add-copy-button-to-env-var[]\n"
"--"
msgstr ""

#. type: Table
#: upstream/_generated-config/latest/config/quarkus-kubernetes-config-group-probe-config.adoc:1057
#, no-wrap
msgid ""
"icon:lock[title=Fixed at build time] [[quarkus-kubernetes-config-group-probe-config_quarkus.kubernetes.readiness-probe.failure-threshold]]`link:#quarkus-kubernetes-config-group-probe-config_quarkus.kubernetes.readiness-probe.failure-threshold[quarkus.kubernetes.readiness-probe.failure-threshold]`\n"
"\n"
"[.description]\n"
"--\n"
"The failure threshold to use.\n"
"\n"
"ifdef::add-copy-button-to-env-var[]\n"
"Environment variable: env_var_with_copy_button:+++QUARKUS_KUBERNETES_READINESS_PROBE_FAILURE_THRESHOLD+++[]\n"
"endif::add-copy-button-to-env-var[]\n"
"ifndef::add-copy-button-to-env-var[]\n"
"Environment variable: `+++QUARKUS_KUBERNETES_READINESS_PROBE_FAILURE_THRESHOLD+++`\n"
"endif::add-copy-button-to-env-var[]\n"
"--"
msgstr ""

#. type: Table
#: upstream/_generated-config/latest/config/quarkus-kubernetes-config-group-probe-config.adoc:1073
#, no-wrap
msgid ""
"icon:lock[title=Fixed at build time] [[quarkus-kubernetes-config-group-probe-config_quarkus.kubernetes.init-containers.-init-containers-.liveness-probe.http-action-path]]`link:#quarkus-kubernetes-config-group-probe-config_quarkus.kubernetes.init-containers.-init-containers-.liveness-probe.http-action-path[quarkus.kubernetes.init-containers.\"init-containers\".liveness-probe.http-action-path]`\n"
"\n"
"[.description]\n"
"--\n"
"The http path to use for the probe For this to work, the container port also needs to be set Assuming the container port has been set (as per above comment), if execAction or tcpSocketAction are not set, an HTTP probe will be used automatically even if no path is set (which will result in the root path being used)\n"
"\n"
"ifdef::add-copy-button-to-env-var[]\n"
"Environment variable: env_var_with_copy_button:+++QUARKUS_KUBERNETES_INIT_CONTAINERS__INIT_CONTAINERS__LIVENESS_PROBE_HTTP_ACTION_PATH+++[]\n"
"endif::add-copy-button-to-env-var[]\n"
"ifndef::add-copy-button-to-env-var[]\n"
"Environment variable: `+++QUARKUS_KUBERNETES_INIT_CONTAINERS__INIT_CONTAINERS__LIVENESS_PROBE_HTTP_ACTION_PATH+++`\n"
"endif::add-copy-button-to-env-var[]\n"
"--"
msgstr ""

#. type: Table
#: upstream/_generated-config/latest/config/quarkus-kubernetes-config-group-probe-config.adoc:1089
#, no-wrap
msgid ""
"icon:lock[title=Fixed at build time] [[quarkus-kubernetes-config-group-probe-config_quarkus.kubernetes.init-containers.-init-containers-.liveness-probe.exec-action]]`link:#quarkus-kubernetes-config-group-probe-config_quarkus.kubernetes.init-containers.-init-containers-.liveness-probe.exec-action[quarkus.kubernetes.init-containers.\"init-containers\".liveness-probe.exec-action]`\n"
"\n"
"[.description]\n"
"--\n"
"The command to use for the probe.\n"
"\n"
"ifdef::add-copy-button-to-env-var[]\n"
"Environment variable: env_var_with_copy_button:+++QUARKUS_KUBERNETES_INIT_CONTAINERS__INIT_CONTAINERS__LIVENESS_PROBE_EXEC_ACTION+++[]\n"
"endif::add-copy-button-to-env-var[]\n"
"ifndef::add-copy-button-to-env-var[]\n"
"Environment variable: `+++QUARKUS_KUBERNETES_INIT_CONTAINERS__INIT_CONTAINERS__LIVENESS_PROBE_EXEC_ACTION+++`\n"
"endif::add-copy-button-to-env-var[]\n"
"--"
msgstr ""

#. type: Table
#: upstream/_generated-config/latest/config/quarkus-kubernetes-config-group-probe-config.adoc:1105
#, no-wrap
msgid ""
"icon:lock[title=Fixed at build time] [[quarkus-kubernetes-config-group-probe-config_quarkus.kubernetes.init-containers.-init-containers-.liveness-probe.tcp-socket-action]]`link:#quarkus-kubernetes-config-group-probe-config_quarkus.kubernetes.init-containers.-init-containers-.liveness-probe.tcp-socket-action[quarkus.kubernetes.init-containers.\"init-containers\".liveness-probe.tcp-socket-action]`\n"
"\n"
"[.description]\n"
"--\n"
"The tcp socket to use for the probe (the format is host:port).\n"
"\n"
"ifdef::add-copy-button-to-env-var[]\n"
"Environment variable: env_var_with_copy_button:+++QUARKUS_KUBERNETES_INIT_CONTAINERS__INIT_CONTAINERS__LIVENESS_PROBE_TCP_SOCKET_ACTION+++[]\n"
"endif::add-copy-button-to-env-var[]\n"
"ifndef::add-copy-button-to-env-var[]\n"
"Environment variable: `+++QUARKUS_KUBERNETES_INIT_CONTAINERS__INIT_CONTAINERS__LIVENESS_PROBE_TCP_SOCKET_ACTION+++`\n"
"endif::add-copy-button-to-env-var[]\n"
"--"
msgstr ""

#. type: Table
#: upstream/_generated-config/latest/config/quarkus-kubernetes-config-group-probe-config.adoc:1121
#, no-wrap
msgid ""
"icon:lock[title=Fixed at build time] [[quarkus-kubernetes-config-group-probe-config_quarkus.kubernetes.init-containers.-init-containers-.liveness-probe.initial-delay]]`link:#quarkus-kubernetes-config-group-probe-config_quarkus.kubernetes.init-containers.-init-containers-.liveness-probe.initial-delay[quarkus.kubernetes.init-containers.\"init-containers\".liveness-probe.initial-delay]`\n"
"\n"
"[.description]\n"
"--\n"
"The amount of time to wait before starting to probe.\n"
"\n"
"ifdef::add-copy-button-to-env-var[]\n"
"Environment variable: env_var_with_copy_button:+++QUARKUS_KUBERNETES_INIT_CONTAINERS__INIT_CONTAINERS__LIVENESS_PROBE_INITIAL_DELAY+++[]\n"
"endif::add-copy-button-to-env-var[]\n"
"ifndef::add-copy-button-to-env-var[]\n"
"Environment variable: `+++QUARKUS_KUBERNETES_INIT_CONTAINERS__INIT_CONTAINERS__LIVENESS_PROBE_INITIAL_DELAY+++`\n"
"endif::add-copy-button-to-env-var[]\n"
"--"
msgstr ""

#. type: Table
#: upstream/_generated-config/latest/config/quarkus-kubernetes-config-group-probe-config.adoc:1138
#, no-wrap
msgid ""
"icon:lock[title=Fixed at build time] [[quarkus-kubernetes-config-group-probe-config_quarkus.kubernetes.init-containers.-init-containers-.liveness-probe.period]]`link:#quarkus-kubernetes-config-group-probe-config_quarkus.kubernetes.init-containers.-init-containers-.liveness-probe.period[quarkus.kubernetes.init-containers.\"init-containers\".liveness-probe.period]`\n"
"\n"
"[.description]\n"
"--\n"
"The period in which the action should be called.\n"
"\n"
"ifdef::add-copy-button-to-env-var[]\n"
"Environment variable: env_var_with_copy_button:+++QUARKUS_KUBERNETES_INIT_CONTAINERS__INIT_CONTAINERS__LIVENESS_PROBE_PERIOD+++[]\n"
"endif::add-copy-button-to-env-var[]\n"
"ifndef::add-copy-button-to-env-var[]\n"
"Environment variable: `+++QUARKUS_KUBERNETES_INIT_CONTAINERS__INIT_CONTAINERS__LIVENESS_PROBE_PERIOD+++`\n"
"endif::add-copy-button-to-env-var[]\n"
"--"
msgstr ""

#. type: Table
#: upstream/_generated-config/latest/config/quarkus-kubernetes-config-group-probe-config.adoc:1155
#, no-wrap
msgid ""
"icon:lock[title=Fixed at build time] [[quarkus-kubernetes-config-group-probe-config_quarkus.kubernetes.init-containers.-init-containers-.liveness-probe.timeout]]`link:#quarkus-kubernetes-config-group-probe-config_quarkus.kubernetes.init-containers.-init-containers-.liveness-probe.timeout[quarkus.kubernetes.init-containers.\"init-containers\".liveness-probe.timeout]`\n"
"\n"
"[.description]\n"
"--\n"
"The amount of time to wait for each action.\n"
"\n"
"ifdef::add-copy-button-to-env-var[]\n"
"Environment variable: env_var_with_copy_button:+++QUARKUS_KUBERNETES_INIT_CONTAINERS__INIT_CONTAINERS__LIVENESS_PROBE_TIMEOUT+++[]\n"
"endif::add-copy-button-to-env-var[]\n"
"ifndef::add-copy-button-to-env-var[]\n"
"Environment variable: `+++QUARKUS_KUBERNETES_INIT_CONTAINERS__INIT_CONTAINERS__LIVENESS_PROBE_TIMEOUT+++`\n"
"endif::add-copy-button-to-env-var[]\n"
"--"
msgstr ""

#. type: Table
#: upstream/_generated-config/latest/config/quarkus-kubernetes-config-group-probe-config.adoc:1172
#, no-wrap
msgid ""
"icon:lock[title=Fixed at build time] [[quarkus-kubernetes-config-group-probe-config_quarkus.kubernetes.init-containers.-init-containers-.liveness-probe.success-threshold]]`link:#quarkus-kubernetes-config-group-probe-config_quarkus.kubernetes.init-containers.-init-containers-.liveness-probe.success-threshold[quarkus.kubernetes.init-containers.\"init-containers\".liveness-probe.success-threshold]`\n"
"\n"
"[.description]\n"
"--\n"
"The success threshold to use.\n"
"\n"
"ifdef::add-copy-button-to-env-var[]\n"
"Environment variable: env_var_with_copy_button:+++QUARKUS_KUBERNETES_INIT_CONTAINERS__INIT_CONTAINERS__LIVENESS_PROBE_SUCCESS_THRESHOLD+++[]\n"
"endif::add-copy-button-to-env-var[]\n"
"ifndef::add-copy-button-to-env-var[]\n"
"Environment variable: `+++QUARKUS_KUBERNETES_INIT_CONTAINERS__INIT_CONTAINERS__LIVENESS_PROBE_SUCCESS_THRESHOLD+++`\n"
"endif::add-copy-button-to-env-var[]\n"
"--"
msgstr ""

#. type: Table
#: upstream/_generated-config/latest/config/quarkus-kubernetes-config-group-probe-config.adoc:1188
#, no-wrap
msgid ""
"icon:lock[title=Fixed at build time] [[quarkus-kubernetes-config-group-probe-config_quarkus.kubernetes.init-containers.-init-containers-.liveness-probe.failure-threshold]]`link:#quarkus-kubernetes-config-group-probe-config_quarkus.kubernetes.init-containers.-init-containers-.liveness-probe.failure-threshold[quarkus.kubernetes.init-containers.\"init-containers\".liveness-probe.failure-threshold]`\n"
"\n"
"[.description]\n"
"--\n"
"The failure threshold to use.\n"
"\n"
"ifdef::add-copy-button-to-env-var[]\n"
"Environment variable: env_var_with_copy_button:+++QUARKUS_KUBERNETES_INIT_CONTAINERS__INIT_CONTAINERS__LIVENESS_PROBE_FAILURE_THRESHOLD+++[]\n"
"endif::add-copy-button-to-env-var[]\n"
"ifndef::add-copy-button-to-env-var[]\n"
"Environment variable: `+++QUARKUS_KUBERNETES_INIT_CONTAINERS__INIT_CONTAINERS__LIVENESS_PROBE_FAILURE_THRESHOLD+++`\n"
"endif::add-copy-button-to-env-var[]\n"
"--"
msgstr ""

#. type: Table
#: upstream/_generated-config/latest/config/quarkus-kubernetes-config-group-probe-config.adoc:1204
#, no-wrap
msgid ""
"icon:lock[title=Fixed at build time] [[quarkus-kubernetes-config-group-probe-config_quarkus.kubernetes.init-containers.-init-containers-.readiness-probe.http-action-path]]`link:#quarkus-kubernetes-config-group-probe-config_quarkus.kubernetes.init-containers.-init-containers-.readiness-probe.http-action-path[quarkus.kubernetes.init-containers.\"init-containers\".readiness-probe.http-action-path]`\n"
"\n"
"[.description]\n"
"--\n"
"The http path to use for the probe For this to work, the container port also needs to be set Assuming the container port has been set (as per above comment), if execAction or tcpSocketAction are not set, an HTTP probe will be used automatically even if no path is set (which will result in the root path being used)\n"
"\n"
"ifdef::add-copy-button-to-env-var[]\n"
"Environment variable: env_var_with_copy_button:+++QUARKUS_KUBERNETES_INIT_CONTAINERS__INIT_CONTAINERS__READINESS_PROBE_HTTP_ACTION_PATH+++[]\n"
"endif::add-copy-button-to-env-var[]\n"
"ifndef::add-copy-button-to-env-var[]\n"
"Environment variable: `+++QUARKUS_KUBERNETES_INIT_CONTAINERS__INIT_CONTAINERS__READINESS_PROBE_HTTP_ACTION_PATH+++`\n"
"endif::add-copy-button-to-env-var[]\n"
"--"
msgstr ""

#. type: Table
#: upstream/_generated-config/latest/config/quarkus-kubernetes-config-group-probe-config.adoc:1220
#, no-wrap
msgid ""
"icon:lock[title=Fixed at build time] [[quarkus-kubernetes-config-group-probe-config_quarkus.kubernetes.init-containers.-init-containers-.readiness-probe.exec-action]]`link:#quarkus-kubernetes-config-group-probe-config_quarkus.kubernetes.init-containers.-init-containers-.readiness-probe.exec-action[quarkus.kubernetes.init-containers.\"init-containers\".readiness-probe.exec-action]`\n"
"\n"
"[.description]\n"
"--\n"
"The command to use for the probe.\n"
"\n"
"ifdef::add-copy-button-to-env-var[]\n"
"Environment variable: env_var_with_copy_button:+++QUARKUS_KUBERNETES_INIT_CONTAINERS__INIT_CONTAINERS__READINESS_PROBE_EXEC_ACTION+++[]\n"
"endif::add-copy-button-to-env-var[]\n"
"ifndef::add-copy-button-to-env-var[]\n"
"Environment variable: `+++QUARKUS_KUBERNETES_INIT_CONTAINERS__INIT_CONTAINERS__READINESS_PROBE_EXEC_ACTION+++`\n"
"endif::add-copy-button-to-env-var[]\n"
"--"
msgstr ""

#. type: Table
#: upstream/_generated-config/latest/config/quarkus-kubernetes-config-group-probe-config.adoc:1236
#, no-wrap
msgid ""
"icon:lock[title=Fixed at build time] [[quarkus-kubernetes-config-group-probe-config_quarkus.kubernetes.init-containers.-init-containers-.readiness-probe.tcp-socket-action]]`link:#quarkus-kubernetes-config-group-probe-config_quarkus.kubernetes.init-containers.-init-containers-.readiness-probe.tcp-socket-action[quarkus.kubernetes.init-containers.\"init-containers\".readiness-probe.tcp-socket-action]`\n"
"\n"
"[.description]\n"
"--\n"
"The tcp socket to use for the probe (the format is host:port).\n"
"\n"
"ifdef::add-copy-button-to-env-var[]\n"
"Environment variable: env_var_with_copy_button:+++QUARKUS_KUBERNETES_INIT_CONTAINERS__INIT_CONTAINERS__READINESS_PROBE_TCP_SOCKET_ACTION+++[]\n"
"endif::add-copy-button-to-env-var[]\n"
"ifndef::add-copy-button-to-env-var[]\n"
"Environment variable: `+++QUARKUS_KUBERNETES_INIT_CONTAINERS__INIT_CONTAINERS__READINESS_PROBE_TCP_SOCKET_ACTION+++`\n"
"endif::add-copy-button-to-env-var[]\n"
"--"
msgstr ""

#. type: Table
#: upstream/_generated-config/latest/config/quarkus-kubernetes-config-group-probe-config.adoc:1252
#, no-wrap
msgid ""
"icon:lock[title=Fixed at build time] [[quarkus-kubernetes-config-group-probe-config_quarkus.kubernetes.init-containers.-init-containers-.readiness-probe.initial-delay]]`link:#quarkus-kubernetes-config-group-probe-config_quarkus.kubernetes.init-containers.-init-containers-.readiness-probe.initial-delay[quarkus.kubernetes.init-containers.\"init-containers\".readiness-probe.initial-delay]`\n"
"\n"
"[.description]\n"
"--\n"
"The amount of time to wait before starting to probe.\n"
"\n"
"ifdef::add-copy-button-to-env-var[]\n"
"Environment variable: env_var_with_copy_button:+++QUARKUS_KUBERNETES_INIT_CONTAINERS__INIT_CONTAINERS__READINESS_PROBE_INITIAL_DELAY+++[]\n"
"endif::add-copy-button-to-env-var[]\n"
"ifndef::add-copy-button-to-env-var[]\n"
"Environment variable: `+++QUARKUS_KUBERNETES_INIT_CONTAINERS__INIT_CONTAINERS__READINESS_PROBE_INITIAL_DELAY+++`\n"
"endif::add-copy-button-to-env-var[]\n"
"--"
msgstr ""

#. type: Table
#: upstream/_generated-config/latest/config/quarkus-kubernetes-config-group-probe-config.adoc:1269
#, no-wrap
msgid ""
"icon:lock[title=Fixed at build time] [[quarkus-kubernetes-config-group-probe-config_quarkus.kubernetes.init-containers.-init-containers-.readiness-probe.period]]`link:#quarkus-kubernetes-config-group-probe-config_quarkus.kubernetes.init-containers.-init-containers-.readiness-probe.period[quarkus.kubernetes.init-containers.\"init-containers\".readiness-probe.period]`\n"
"\n"
"[.description]\n"
"--\n"
"The period in which the action should be called.\n"
"\n"
"ifdef::add-copy-button-to-env-var[]\n"
"Environment variable: env_var_with_copy_button:+++QUARKUS_KUBERNETES_INIT_CONTAINERS__INIT_CONTAINERS__READINESS_PROBE_PERIOD+++[]\n"
"endif::add-copy-button-to-env-var[]\n"
"ifndef::add-copy-button-to-env-var[]\n"
"Environment variable: `+++QUARKUS_KUBERNETES_INIT_CONTAINERS__INIT_CONTAINERS__READINESS_PROBE_PERIOD+++`\n"
"endif::add-copy-button-to-env-var[]\n"
"--"
msgstr ""

#. type: Table
#: upstream/_generated-config/latest/config/quarkus-kubernetes-config-group-probe-config.adoc:1286
#, no-wrap
msgid ""
"icon:lock[title=Fixed at build time] [[quarkus-kubernetes-config-group-probe-config_quarkus.kubernetes.init-containers.-init-containers-.readiness-probe.timeout]]`link:#quarkus-kubernetes-config-group-probe-config_quarkus.kubernetes.init-containers.-init-containers-.readiness-probe.timeout[quarkus.kubernetes.init-containers.\"init-containers\".readiness-probe.timeout]`\n"
"\n"
"[.description]\n"
"--\n"
"The amount of time to wait for each action.\n"
"\n"
"ifdef::add-copy-button-to-env-var[]\n"
"Environment variable: env_var_with_copy_button:+++QUARKUS_KUBERNETES_INIT_CONTAINERS__INIT_CONTAINERS__READINESS_PROBE_TIMEOUT+++[]\n"
"endif::add-copy-button-to-env-var[]\n"
"ifndef::add-copy-button-to-env-var[]\n"
"Environment variable: `+++QUARKUS_KUBERNETES_INIT_CONTAINERS__INIT_CONTAINERS__READINESS_PROBE_TIMEOUT+++`\n"
"endif::add-copy-button-to-env-var[]\n"
"--"
msgstr ""

#. type: Table
#: upstream/_generated-config/latest/config/quarkus-kubernetes-config-group-probe-config.adoc:1303
#, no-wrap
msgid ""
"icon:lock[title=Fixed at build time] [[quarkus-kubernetes-config-group-probe-config_quarkus.kubernetes.init-containers.-init-containers-.readiness-probe.success-threshold]]`link:#quarkus-kubernetes-config-group-probe-config_quarkus.kubernetes.init-containers.-init-containers-.readiness-probe.success-threshold[quarkus.kubernetes.init-containers.\"init-containers\".readiness-probe.success-threshold]`\n"
"\n"
"[.description]\n"
"--\n"
"The success threshold to use.\n"
"\n"
"ifdef::add-copy-button-to-env-var[]\n"
"Environment variable: env_var_with_copy_button:+++QUARKUS_KUBERNETES_INIT_CONTAINERS__INIT_CONTAINERS__READINESS_PROBE_SUCCESS_THRESHOLD+++[]\n"
"endif::add-copy-button-to-env-var[]\n"
"ifndef::add-copy-button-to-env-var[]\n"
"Environment variable: `+++QUARKUS_KUBERNETES_INIT_CONTAINERS__INIT_CONTAINERS__READINESS_PROBE_SUCCESS_THRESHOLD+++`\n"
"endif::add-copy-button-to-env-var[]\n"
"--"
msgstr ""

#. type: Table
#: upstream/_generated-config/latest/config/quarkus-kubernetes-config-group-probe-config.adoc:1319
#, no-wrap
msgid ""
"icon:lock[title=Fixed at build time] [[quarkus-kubernetes-config-group-probe-config_quarkus.kubernetes.init-containers.-init-containers-.readiness-probe.failure-threshold]]`link:#quarkus-kubernetes-config-group-probe-config_quarkus.kubernetes.init-containers.-init-containers-.readiness-probe.failure-threshold[quarkus.kubernetes.init-containers.\"init-containers\".readiness-probe.failure-threshold]`\n"
"\n"
"[.description]\n"
"--\n"
"The failure threshold to use.\n"
"\n"
"ifdef::add-copy-button-to-env-var[]\n"
"Environment variable: env_var_with_copy_button:+++QUARKUS_KUBERNETES_INIT_CONTAINERS__INIT_CONTAINERS__READINESS_PROBE_FAILURE_THRESHOLD+++[]\n"
"endif::add-copy-button-to-env-var[]\n"
"ifndef::add-copy-button-to-env-var[]\n"
"Environment variable: `+++QUARKUS_KUBERNETES_INIT_CONTAINERS__INIT_CONTAINERS__READINESS_PROBE_FAILURE_THRESHOLD+++`\n"
"endif::add-copy-button-to-env-var[]\n"
"--"
msgstr ""

#. type: Table
#: upstream/_generated-config/latest/config/quarkus-kubernetes-config-group-probe-config.adoc:1335
#, no-wrap
msgid ""
"icon:lock[title=Fixed at build time] [[quarkus-kubernetes-config-group-probe-config_quarkus.kubernetes.sidecars.-sidecars-.liveness-probe.http-action-path]]`link:#quarkus-kubernetes-config-group-probe-config_quarkus.kubernetes.sidecars.-sidecars-.liveness-probe.http-action-path[quarkus.kubernetes.sidecars.\"sidecars\".liveness-probe.http-action-path]`\n"
"\n"
"[.description]\n"
"--\n"
"The http path to use for the probe For this to work, the container port also needs to be set Assuming the container port has been set (as per above comment), if execAction or tcpSocketAction are not set, an HTTP probe will be used automatically even if no path is set (which will result in the root path being used)\n"
"\n"
"ifdef::add-copy-button-to-env-var[]\n"
"Environment variable: env_var_with_copy_button:+++QUARKUS_KUBERNETES_SIDECARS__SIDECARS__LIVENESS_PROBE_HTTP_ACTION_PATH+++[]\n"
"endif::add-copy-button-to-env-var[]\n"
"ifndef::add-copy-button-to-env-var[]\n"
"Environment variable: `+++QUARKUS_KUBERNETES_SIDECARS__SIDECARS__LIVENESS_PROBE_HTTP_ACTION_PATH+++`\n"
"endif::add-copy-button-to-env-var[]\n"
"--"
msgstr ""

#. type: Table
#: upstream/_generated-config/latest/config/quarkus-kubernetes-config-group-probe-config.adoc:1351
#, no-wrap
msgid ""
"icon:lock[title=Fixed at build time] [[quarkus-kubernetes-config-group-probe-config_quarkus.kubernetes.sidecars.-sidecars-.liveness-probe.exec-action]]`link:#quarkus-kubernetes-config-group-probe-config_quarkus.kubernetes.sidecars.-sidecars-.liveness-probe.exec-action[quarkus.kubernetes.sidecars.\"sidecars\".liveness-probe.exec-action]`\n"
"\n"
"[.description]\n"
"--\n"
"The command to use for the probe.\n"
"\n"
"ifdef::add-copy-button-to-env-var[]\n"
"Environment variable: env_var_with_copy_button:+++QUARKUS_KUBERNETES_SIDECARS__SIDECARS__LIVENESS_PROBE_EXEC_ACTION+++[]\n"
"endif::add-copy-button-to-env-var[]\n"
"ifndef::add-copy-button-to-env-var[]\n"
"Environment variable: `+++QUARKUS_KUBERNETES_SIDECARS__SIDECARS__LIVENESS_PROBE_EXEC_ACTION+++`\n"
"endif::add-copy-button-to-env-var[]\n"
"--"
msgstr ""

#. type: Table
#: upstream/_generated-config/latest/config/quarkus-kubernetes-config-group-probe-config.adoc:1367
#, no-wrap
msgid ""
"icon:lock[title=Fixed at build time] [[quarkus-kubernetes-config-group-probe-config_quarkus.kubernetes.sidecars.-sidecars-.liveness-probe.tcp-socket-action]]`link:#quarkus-kubernetes-config-group-probe-config_quarkus.kubernetes.sidecars.-sidecars-.liveness-probe.tcp-socket-action[quarkus.kubernetes.sidecars.\"sidecars\".liveness-probe.tcp-socket-action]`\n"
"\n"
"[.description]\n"
"--\n"
"The tcp socket to use for the probe (the format is host:port).\n"
"\n"
"ifdef::add-copy-button-to-env-var[]\n"
"Environment variable: env_var_with_copy_button:+++QUARKUS_KUBERNETES_SIDECARS__SIDECARS__LIVENESS_PROBE_TCP_SOCKET_ACTION+++[]\n"
"endif::add-copy-button-to-env-var[]\n"
"ifndef::add-copy-button-to-env-var[]\n"
"Environment variable: `+++QUARKUS_KUBERNETES_SIDECARS__SIDECARS__LIVENESS_PROBE_TCP_SOCKET_ACTION+++`\n"
"endif::add-copy-button-to-env-var[]\n"
"--"
msgstr ""

#. type: Table
#: upstream/_generated-config/latest/config/quarkus-kubernetes-config-group-probe-config.adoc:1383
#, no-wrap
msgid ""
"icon:lock[title=Fixed at build time] [[quarkus-kubernetes-config-group-probe-config_quarkus.kubernetes.sidecars.-sidecars-.liveness-probe.initial-delay]]`link:#quarkus-kubernetes-config-group-probe-config_quarkus.kubernetes.sidecars.-sidecars-.liveness-probe.initial-delay[quarkus.kubernetes.sidecars.\"sidecars\".liveness-probe.initial-delay]`\n"
"\n"
"[.description]\n"
"--\n"
"The amount of time to wait before starting to probe.\n"
"\n"
"ifdef::add-copy-button-to-env-var[]\n"
"Environment variable: env_var_with_copy_button:+++QUARKUS_KUBERNETES_SIDECARS__SIDECARS__LIVENESS_PROBE_INITIAL_DELAY+++[]\n"
"endif::add-copy-button-to-env-var[]\n"
"ifndef::add-copy-button-to-env-var[]\n"
"Environment variable: `+++QUARKUS_KUBERNETES_SIDECARS__SIDECARS__LIVENESS_PROBE_INITIAL_DELAY+++`\n"
"endif::add-copy-button-to-env-var[]\n"
"--"
msgstr ""

#. type: Table
#: upstream/_generated-config/latest/config/quarkus-kubernetes-config-group-probe-config.adoc:1400
#, no-wrap
msgid ""
"icon:lock[title=Fixed at build time] [[quarkus-kubernetes-config-group-probe-config_quarkus.kubernetes.sidecars.-sidecars-.liveness-probe.period]]`link:#quarkus-kubernetes-config-group-probe-config_quarkus.kubernetes.sidecars.-sidecars-.liveness-probe.period[quarkus.kubernetes.sidecars.\"sidecars\".liveness-probe.period]`\n"
"\n"
"[.description]\n"
"--\n"
"The period in which the action should be called.\n"
"\n"
"ifdef::add-copy-button-to-env-var[]\n"
"Environment variable: env_var_with_copy_button:+++QUARKUS_KUBERNETES_SIDECARS__SIDECARS__LIVENESS_PROBE_PERIOD+++[]\n"
"endif::add-copy-button-to-env-var[]\n"
"ifndef::add-copy-button-to-env-var[]\n"
"Environment variable: `+++QUARKUS_KUBERNETES_SIDECARS__SIDECARS__LIVENESS_PROBE_PERIOD+++`\n"
"endif::add-copy-button-to-env-var[]\n"
"--"
msgstr ""

#. type: Table
#: upstream/_generated-config/latest/config/quarkus-kubernetes-config-group-probe-config.adoc:1417
#, no-wrap
msgid ""
"icon:lock[title=Fixed at build time] [[quarkus-kubernetes-config-group-probe-config_quarkus.kubernetes.sidecars.-sidecars-.liveness-probe.timeout]]`link:#quarkus-kubernetes-config-group-probe-config_quarkus.kubernetes.sidecars.-sidecars-.liveness-probe.timeout[quarkus.kubernetes.sidecars.\"sidecars\".liveness-probe.timeout]`\n"
"\n"
"[.description]\n"
"--\n"
"The amount of time to wait for each action.\n"
"\n"
"ifdef::add-copy-button-to-env-var[]\n"
"Environment variable: env_var_with_copy_button:+++QUARKUS_KUBERNETES_SIDECARS__SIDECARS__LIVENESS_PROBE_TIMEOUT+++[]\n"
"endif::add-copy-button-to-env-var[]\n"
"ifndef::add-copy-button-to-env-var[]\n"
"Environment variable: `+++QUARKUS_KUBERNETES_SIDECARS__SIDECARS__LIVENESS_PROBE_TIMEOUT+++`\n"
"endif::add-copy-button-to-env-var[]\n"
"--"
msgstr ""

#. type: Table
#: upstream/_generated-config/latest/config/quarkus-kubernetes-config-group-probe-config.adoc:1434
#, no-wrap
msgid ""
"icon:lock[title=Fixed at build time] [[quarkus-kubernetes-config-group-probe-config_quarkus.kubernetes.sidecars.-sidecars-.liveness-probe.success-threshold]]`link:#quarkus-kubernetes-config-group-probe-config_quarkus.kubernetes.sidecars.-sidecars-.liveness-probe.success-threshold[quarkus.kubernetes.sidecars.\"sidecars\".liveness-probe.success-threshold]`\n"
"\n"
"[.description]\n"
"--\n"
"The success threshold to use.\n"
"\n"
"ifdef::add-copy-button-to-env-var[]\n"
"Environment variable: env_var_with_copy_button:+++QUARKUS_KUBERNETES_SIDECARS__SIDECARS__LIVENESS_PROBE_SUCCESS_THRESHOLD+++[]\n"
"endif::add-copy-button-to-env-var[]\n"
"ifndef::add-copy-button-to-env-var[]\n"
"Environment variable: `+++QUARKUS_KUBERNETES_SIDECARS__SIDECARS__LIVENESS_PROBE_SUCCESS_THRESHOLD+++`\n"
"endif::add-copy-button-to-env-var[]\n"
"--"
msgstr ""

#. type: Table
#: upstream/_generated-config/latest/config/quarkus-kubernetes-config-group-probe-config.adoc:1450
#, no-wrap
msgid ""
"icon:lock[title=Fixed at build time] [[quarkus-kubernetes-config-group-probe-config_quarkus.kubernetes.sidecars.-sidecars-.liveness-probe.failure-threshold]]`link:#quarkus-kubernetes-config-group-probe-config_quarkus.kubernetes.sidecars.-sidecars-.liveness-probe.failure-threshold[quarkus.kubernetes.sidecars.\"sidecars\".liveness-probe.failure-threshold]`\n"
"\n"
"[.description]\n"
"--\n"
"The failure threshold to use.\n"
"\n"
"ifdef::add-copy-button-to-env-var[]\n"
"Environment variable: env_var_with_copy_button:+++QUARKUS_KUBERNETES_SIDECARS__SIDECARS__LIVENESS_PROBE_FAILURE_THRESHOLD+++[]\n"
"endif::add-copy-button-to-env-var[]\n"
"ifndef::add-copy-button-to-env-var[]\n"
"Environment variable: `+++QUARKUS_KUBERNETES_SIDECARS__SIDECARS__LIVENESS_PROBE_FAILURE_THRESHOLD+++`\n"
"endif::add-copy-button-to-env-var[]\n"
"--"
msgstr ""

#. type: Table
#: upstream/_generated-config/latest/config/quarkus-kubernetes-config-group-probe-config.adoc:1466
#, no-wrap
msgid ""
"icon:lock[title=Fixed at build time] [[quarkus-kubernetes-config-group-probe-config_quarkus.kubernetes.sidecars.-sidecars-.readiness-probe.http-action-path]]`link:#quarkus-kubernetes-config-group-probe-config_quarkus.kubernetes.sidecars.-sidecars-.readiness-probe.http-action-path[quarkus.kubernetes.sidecars.\"sidecars\".readiness-probe.http-action-path]`\n"
"\n"
"[.description]\n"
"--\n"
"The http path to use for the probe For this to work, the container port also needs to be set Assuming the container port has been set (as per above comment), if execAction or tcpSocketAction are not set, an HTTP probe will be used automatically even if no path is set (which will result in the root path being used)\n"
"\n"
"ifdef::add-copy-button-to-env-var[]\n"
"Environment variable: env_var_with_copy_button:+++QUARKUS_KUBERNETES_SIDECARS__SIDECARS__READINESS_PROBE_HTTP_ACTION_PATH+++[]\n"
"endif::add-copy-button-to-env-var[]\n"
"ifndef::add-copy-button-to-env-var[]\n"
"Environment variable: `+++QUARKUS_KUBERNETES_SIDECARS__SIDECARS__READINESS_PROBE_HTTP_ACTION_PATH+++`\n"
"endif::add-copy-button-to-env-var[]\n"
"--"
msgstr ""

#. type: Table
#: upstream/_generated-config/latest/config/quarkus-kubernetes-config-group-probe-config.adoc:1482
#, no-wrap
msgid ""
"icon:lock[title=Fixed at build time] [[quarkus-kubernetes-config-group-probe-config_quarkus.kubernetes.sidecars.-sidecars-.readiness-probe.exec-action]]`link:#quarkus-kubernetes-config-group-probe-config_quarkus.kubernetes.sidecars.-sidecars-.readiness-probe.exec-action[quarkus.kubernetes.sidecars.\"sidecars\".readiness-probe.exec-action]`\n"
"\n"
"[.description]\n"
"--\n"
"The command to use for the probe.\n"
"\n"
"ifdef::add-copy-button-to-env-var[]\n"
"Environment variable: env_var_with_copy_button:+++QUARKUS_KUBERNETES_SIDECARS__SIDECARS__READINESS_PROBE_EXEC_ACTION+++[]\n"
"endif::add-copy-button-to-env-var[]\n"
"ifndef::add-copy-button-to-env-var[]\n"
"Environment variable: `+++QUARKUS_KUBERNETES_SIDECARS__SIDECARS__READINESS_PROBE_EXEC_ACTION+++`\n"
"endif::add-copy-button-to-env-var[]\n"
"--"
msgstr ""

#. type: Table
#: upstream/_generated-config/latest/config/quarkus-kubernetes-config-group-probe-config.adoc:1498
#, no-wrap
msgid ""
"icon:lock[title=Fixed at build time] [[quarkus-kubernetes-config-group-probe-config_quarkus.kubernetes.sidecars.-sidecars-.readiness-probe.tcp-socket-action]]`link:#quarkus-kubernetes-config-group-probe-config_quarkus.kubernetes.sidecars.-sidecars-.readiness-probe.tcp-socket-action[quarkus.kubernetes.sidecars.\"sidecars\".readiness-probe.tcp-socket-action]`\n"
"\n"
"[.description]\n"
"--\n"
"The tcp socket to use for the probe (the format is host:port).\n"
"\n"
"ifdef::add-copy-button-to-env-var[]\n"
"Environment variable: env_var_with_copy_button:+++QUARKUS_KUBERNETES_SIDECARS__SIDECARS__READINESS_PROBE_TCP_SOCKET_ACTION+++[]\n"
"endif::add-copy-button-to-env-var[]\n"
"ifndef::add-copy-button-to-env-var[]\n"
"Environment variable: `+++QUARKUS_KUBERNETES_SIDECARS__SIDECARS__READINESS_PROBE_TCP_SOCKET_ACTION+++`\n"
"endif::add-copy-button-to-env-var[]\n"
"--"
msgstr ""

#. type: Table
#: upstream/_generated-config/latest/config/quarkus-kubernetes-config-group-probe-config.adoc:1514
#, no-wrap
msgid ""
"icon:lock[title=Fixed at build time] [[quarkus-kubernetes-config-group-probe-config_quarkus.kubernetes.sidecars.-sidecars-.readiness-probe.initial-delay]]`link:#quarkus-kubernetes-config-group-probe-config_quarkus.kubernetes.sidecars.-sidecars-.readiness-probe.initial-delay[quarkus.kubernetes.sidecars.\"sidecars\".readiness-probe.initial-delay]`\n"
"\n"
"[.description]\n"
"--\n"
"The amount of time to wait before starting to probe.\n"
"\n"
"ifdef::add-copy-button-to-env-var[]\n"
"Environment variable: env_var_with_copy_button:+++QUARKUS_KUBERNETES_SIDECARS__SIDECARS__READINESS_PROBE_INITIAL_DELAY+++[]\n"
"endif::add-copy-button-to-env-var[]\n"
"ifndef::add-copy-button-to-env-var[]\n"
"Environment variable: `+++QUARKUS_KUBERNETES_SIDECARS__SIDECARS__READINESS_PROBE_INITIAL_DELAY+++`\n"
"endif::add-copy-button-to-env-var[]\n"
"--"
msgstr ""

#. type: Table
#: upstream/_generated-config/latest/config/quarkus-kubernetes-config-group-probe-config.adoc:1531
#, no-wrap
msgid ""
"icon:lock[title=Fixed at build time] [[quarkus-kubernetes-config-group-probe-config_quarkus.kubernetes.sidecars.-sidecars-.readiness-probe.period]]`link:#quarkus-kubernetes-config-group-probe-config_quarkus.kubernetes.sidecars.-sidecars-.readiness-probe.period[quarkus.kubernetes.sidecars.\"sidecars\".readiness-probe.period]`\n"
"\n"
"[.description]\n"
"--\n"
"The period in which the action should be called.\n"
"\n"
"ifdef::add-copy-button-to-env-var[]\n"
"Environment variable: env_var_with_copy_button:+++QUARKUS_KUBERNETES_SIDECARS__SIDECARS__READINESS_PROBE_PERIOD+++[]\n"
"endif::add-copy-button-to-env-var[]\n"
"ifndef::add-copy-button-to-env-var[]\n"
"Environment variable: `+++QUARKUS_KUBERNETES_SIDECARS__SIDECARS__READINESS_PROBE_PERIOD+++`\n"
"endif::add-copy-button-to-env-var[]\n"
"--"
msgstr ""

#. type: Table
#: upstream/_generated-config/latest/config/quarkus-kubernetes-config-group-probe-config.adoc:1548
#, no-wrap
msgid ""
"icon:lock[title=Fixed at build time] [[quarkus-kubernetes-config-group-probe-config_quarkus.kubernetes.sidecars.-sidecars-.readiness-probe.timeout]]`link:#quarkus-kubernetes-config-group-probe-config_quarkus.kubernetes.sidecars.-sidecars-.readiness-probe.timeout[quarkus.kubernetes.sidecars.\"sidecars\".readiness-probe.timeout]`\n"
"\n"
"[.description]\n"
"--\n"
"The amount of time to wait for each action.\n"
"\n"
"ifdef::add-copy-button-to-env-var[]\n"
"Environment variable: env_var_with_copy_button:+++QUARKUS_KUBERNETES_SIDECARS__SIDECARS__READINESS_PROBE_TIMEOUT+++[]\n"
"endif::add-copy-button-to-env-var[]\n"
"ifndef::add-copy-button-to-env-var[]\n"
"Environment variable: `+++QUARKUS_KUBERNETES_SIDECARS__SIDECARS__READINESS_PROBE_TIMEOUT+++`\n"
"endif::add-copy-button-to-env-var[]\n"
"--"
msgstr ""

#. type: Table
#: upstream/_generated-config/latest/config/quarkus-kubernetes-config-group-probe-config.adoc:1565
#, no-wrap
msgid ""
"icon:lock[title=Fixed at build time] [[quarkus-kubernetes-config-group-probe-config_quarkus.kubernetes.sidecars.-sidecars-.readiness-probe.success-threshold]]`link:#quarkus-kubernetes-config-group-probe-config_quarkus.kubernetes.sidecars.-sidecars-.readiness-probe.success-threshold[quarkus.kubernetes.sidecars.\"sidecars\".readiness-probe.success-threshold]`\n"
"\n"
"[.description]\n"
"--\n"
"The success threshold to use.\n"
"\n"
"ifdef::add-copy-button-to-env-var[]\n"
"Environment variable: env_var_with_copy_button:+++QUARKUS_KUBERNETES_SIDECARS__SIDECARS__READINESS_PROBE_SUCCESS_THRESHOLD+++[]\n"
"endif::add-copy-button-to-env-var[]\n"
"ifndef::add-copy-button-to-env-var[]\n"
"Environment variable: `+++QUARKUS_KUBERNETES_SIDECARS__SIDECARS__READINESS_PROBE_SUCCESS_THRESHOLD+++`\n"
"endif::add-copy-button-to-env-var[]\n"
"--"
msgstr ""

#. type: Table
#: upstream/_generated-config/latest/config/quarkus-kubernetes-config-group-probe-config.adoc:1581
#, no-wrap
msgid ""
"icon:lock[title=Fixed at build time] [[quarkus-kubernetes-config-group-probe-config_quarkus.kubernetes.sidecars.-sidecars-.readiness-probe.failure-threshold]]`link:#quarkus-kubernetes-config-group-probe-config_quarkus.kubernetes.sidecars.-sidecars-.readiness-probe.failure-threshold[quarkus.kubernetes.sidecars.\"sidecars\".readiness-probe.failure-threshold]`\n"
"\n"
"[.description]\n"
"--\n"
"The failure threshold to use.\n"
"\n"
"ifdef::add-copy-button-to-env-var[]\n"
"Environment variable: env_var_with_copy_button:+++QUARKUS_KUBERNETES_SIDECARS__SIDECARS__READINESS_PROBE_FAILURE_THRESHOLD+++[]\n"
"endif::add-copy-button-to-env-var[]\n"
"ifndef::add-copy-button-to-env-var[]\n"
"Environment variable: `+++QUARKUS_KUBERNETES_SIDECARS__SIDECARS__READINESS_PROBE_FAILURE_THRESHOLD+++`\n"
"endif::add-copy-button-to-env-var[]\n"
"--"
msgstr ""

#. type: Table
#: upstream/_generated-config/latest/config/quarkus-kubernetes-config-group-probe-config.adoc:1597
#, no-wrap
msgid ""
"icon:lock[title=Fixed at build time] [[quarkus-kubernetes-config-group-probe-config_quarkus.openshift.liveness-probe.http-action-path]]`link:#quarkus-kubernetes-config-group-probe-config_quarkus.openshift.liveness-probe.http-action-path[quarkus.openshift.liveness-probe.http-action-path]`\n"
"\n"
"[.description]\n"
"--\n"
"The http path to use for the probe For this to work, the container port also needs to be set Assuming the container port has been set (as per above comment), if execAction or tcpSocketAction are not set, an HTTP probe will be used automatically even if no path is set (which will result in the root path being used)\n"
"\n"
"ifdef::add-copy-button-to-env-var[]\n"
"Environment variable: env_var_with_copy_button:+++QUARKUS_OPENSHIFT_LIVENESS_PROBE_HTTP_ACTION_PATH+++[]\n"
"endif::add-copy-button-to-env-var[]\n"
"ifndef::add-copy-button-to-env-var[]\n"
"Environment variable: `+++QUARKUS_OPENSHIFT_LIVENESS_PROBE_HTTP_ACTION_PATH+++`\n"
"endif::add-copy-button-to-env-var[]\n"
"--"
msgstr ""

#. type: Table
#: upstream/_generated-config/latest/config/quarkus-kubernetes-config-group-probe-config.adoc:1613
#, no-wrap
msgid ""
"icon:lock[title=Fixed at build time] [[quarkus-kubernetes-config-group-probe-config_quarkus.openshift.liveness-probe.exec-action]]`link:#quarkus-kubernetes-config-group-probe-config_quarkus.openshift.liveness-probe.exec-action[quarkus.openshift.liveness-probe.exec-action]`\n"
"\n"
"[.description]\n"
"--\n"
"The command to use for the probe.\n"
"\n"
"ifdef::add-copy-button-to-env-var[]\n"
"Environment variable: env_var_with_copy_button:+++QUARKUS_OPENSHIFT_LIVENESS_PROBE_EXEC_ACTION+++[]\n"
"endif::add-copy-button-to-env-var[]\n"
"ifndef::add-copy-button-to-env-var[]\n"
"Environment variable: `+++QUARKUS_OPENSHIFT_LIVENESS_PROBE_EXEC_ACTION+++`\n"
"endif::add-copy-button-to-env-var[]\n"
"--"
msgstr ""

#. type: Table
#: upstream/_generated-config/latest/config/quarkus-kubernetes-config-group-probe-config.adoc:1629
#, no-wrap
msgid ""
"icon:lock[title=Fixed at build time] [[quarkus-kubernetes-config-group-probe-config_quarkus.openshift.liveness-probe.tcp-socket-action]]`link:#quarkus-kubernetes-config-group-probe-config_quarkus.openshift.liveness-probe.tcp-socket-action[quarkus.openshift.liveness-probe.tcp-socket-action]`\n"
"\n"
"[.description]\n"
"--\n"
"The tcp socket to use for the probe (the format is host:port).\n"
"\n"
"ifdef::add-copy-button-to-env-var[]\n"
"Environment variable: env_var_with_copy_button:+++QUARKUS_OPENSHIFT_LIVENESS_PROBE_TCP_SOCKET_ACTION+++[]\n"
"endif::add-copy-button-to-env-var[]\n"
"ifndef::add-copy-button-to-env-var[]\n"
"Environment variable: `+++QUARKUS_OPENSHIFT_LIVENESS_PROBE_TCP_SOCKET_ACTION+++`\n"
"endif::add-copy-button-to-env-var[]\n"
"--"
msgstr ""

#. type: Table
#: upstream/_generated-config/latest/config/quarkus-kubernetes-config-group-probe-config.adoc:1645
#, no-wrap
msgid ""
"icon:lock[title=Fixed at build time] [[quarkus-kubernetes-config-group-probe-config_quarkus.openshift.liveness-probe.initial-delay]]`link:#quarkus-kubernetes-config-group-probe-config_quarkus.openshift.liveness-probe.initial-delay[quarkus.openshift.liveness-probe.initial-delay]`\n"
"\n"
"[.description]\n"
"--\n"
"The amount of time to wait before starting to probe.\n"
"\n"
"ifdef::add-copy-button-to-env-var[]\n"
"Environment variable: env_var_with_copy_button:+++QUARKUS_OPENSHIFT_LIVENESS_PROBE_INITIAL_DELAY+++[]\n"
"endif::add-copy-button-to-env-var[]\n"
"ifndef::add-copy-button-to-env-var[]\n"
"Environment variable: `+++QUARKUS_OPENSHIFT_LIVENESS_PROBE_INITIAL_DELAY+++`\n"
"endif::add-copy-button-to-env-var[]\n"
"--"
msgstr ""

#. type: Table
#: upstream/_generated-config/latest/config/quarkus-kubernetes-config-group-probe-config.adoc:1662
#, no-wrap
msgid ""
"icon:lock[title=Fixed at build time] [[quarkus-kubernetes-config-group-probe-config_quarkus.openshift.liveness-probe.period]]`link:#quarkus-kubernetes-config-group-probe-config_quarkus.openshift.liveness-probe.period[quarkus.openshift.liveness-probe.period]`\n"
"\n"
"[.description]\n"
"--\n"
"The period in which the action should be called.\n"
"\n"
"ifdef::add-copy-button-to-env-var[]\n"
"Environment variable: env_var_with_copy_button:+++QUARKUS_OPENSHIFT_LIVENESS_PROBE_PERIOD+++[]\n"
"endif::add-copy-button-to-env-var[]\n"
"ifndef::add-copy-button-to-env-var[]\n"
"Environment variable: `+++QUARKUS_OPENSHIFT_LIVENESS_PROBE_PERIOD+++`\n"
"endif::add-copy-button-to-env-var[]\n"
"--"
msgstr ""

#. type: Table
#: upstream/_generated-config/latest/config/quarkus-kubernetes-config-group-probe-config.adoc:1679
#, no-wrap
msgid ""
"icon:lock[title=Fixed at build time] [[quarkus-kubernetes-config-group-probe-config_quarkus.openshift.liveness-probe.timeout]]`link:#quarkus-kubernetes-config-group-probe-config_quarkus.openshift.liveness-probe.timeout[quarkus.openshift.liveness-probe.timeout]`\n"
"\n"
"[.description]\n"
"--\n"
"The amount of time to wait for each action.\n"
"\n"
"ifdef::add-copy-button-to-env-var[]\n"
"Environment variable: env_var_with_copy_button:+++QUARKUS_OPENSHIFT_LIVENESS_PROBE_TIMEOUT+++[]\n"
"endif::add-copy-button-to-env-var[]\n"
"ifndef::add-copy-button-to-env-var[]\n"
"Environment variable: `+++QUARKUS_OPENSHIFT_LIVENESS_PROBE_TIMEOUT+++`\n"
"endif::add-copy-button-to-env-var[]\n"
"--"
msgstr ""

#. type: Table
#: upstream/_generated-config/latest/config/quarkus-kubernetes-config-group-probe-config.adoc:1696
#, no-wrap
msgid ""
"icon:lock[title=Fixed at build time] [[quarkus-kubernetes-config-group-probe-config_quarkus.openshift.liveness-probe.success-threshold]]`link:#quarkus-kubernetes-config-group-probe-config_quarkus.openshift.liveness-probe.success-threshold[quarkus.openshift.liveness-probe.success-threshold]`\n"
"\n"
"[.description]\n"
"--\n"
"The success threshold to use.\n"
"\n"
"ifdef::add-copy-button-to-env-var[]\n"
"Environment variable: env_var_with_copy_button:+++QUARKUS_OPENSHIFT_LIVENESS_PROBE_SUCCESS_THRESHOLD+++[]\n"
"endif::add-copy-button-to-env-var[]\n"
"ifndef::add-copy-button-to-env-var[]\n"
"Environment variable: `+++QUARKUS_OPENSHIFT_LIVENESS_PROBE_SUCCESS_THRESHOLD+++`\n"
"endif::add-copy-button-to-env-var[]\n"
"--"
msgstr ""

#. type: Table
#: upstream/_generated-config/latest/config/quarkus-kubernetes-config-group-probe-config.adoc:1712
#, no-wrap
msgid ""
"icon:lock[title=Fixed at build time] [[quarkus-kubernetes-config-group-probe-config_quarkus.openshift.liveness-probe.failure-threshold]]`link:#quarkus-kubernetes-config-group-probe-config_quarkus.openshift.liveness-probe.failure-threshold[quarkus.openshift.liveness-probe.failure-threshold]`\n"
"\n"
"[.description]\n"
"--\n"
"The failure threshold to use.\n"
"\n"
"ifdef::add-copy-button-to-env-var[]\n"
"Environment variable: env_var_with_copy_button:+++QUARKUS_OPENSHIFT_LIVENESS_PROBE_FAILURE_THRESHOLD+++[]\n"
"endif::add-copy-button-to-env-var[]\n"
"ifndef::add-copy-button-to-env-var[]\n"
"Environment variable: `+++QUARKUS_OPENSHIFT_LIVENESS_PROBE_FAILURE_THRESHOLD+++`\n"
"endif::add-copy-button-to-env-var[]\n"
"--"
msgstr ""

#. type: Table
#: upstream/_generated-config/latest/config/quarkus-kubernetes-config-group-probe-config.adoc:1728
#, no-wrap
msgid ""
"icon:lock[title=Fixed at build time] [[quarkus-kubernetes-config-group-probe-config_quarkus.openshift.readiness-probe.http-action-path]]`link:#quarkus-kubernetes-config-group-probe-config_quarkus.openshift.readiness-probe.http-action-path[quarkus.openshift.readiness-probe.http-action-path]`\n"
"\n"
"[.description]\n"
"--\n"
"The http path to use for the probe For this to work, the container port also needs to be set Assuming the container port has been set (as per above comment), if execAction or tcpSocketAction are not set, an HTTP probe will be used automatically even if no path is set (which will result in the root path being used)\n"
"\n"
"ifdef::add-copy-button-to-env-var[]\n"
"Environment variable: env_var_with_copy_button:+++QUARKUS_OPENSHIFT_READINESS_PROBE_HTTP_ACTION_PATH+++[]\n"
"endif::add-copy-button-to-env-var[]\n"
"ifndef::add-copy-button-to-env-var[]\n"
"Environment variable: `+++QUARKUS_OPENSHIFT_READINESS_PROBE_HTTP_ACTION_PATH+++`\n"
"endif::add-copy-button-to-env-var[]\n"
"--"
msgstr ""

#. type: Table
#: upstream/_generated-config/latest/config/quarkus-kubernetes-config-group-probe-config.adoc:1744
#, no-wrap
msgid ""
"icon:lock[title=Fixed at build time] [[quarkus-kubernetes-config-group-probe-config_quarkus.openshift.readiness-probe.exec-action]]`link:#quarkus-kubernetes-config-group-probe-config_quarkus.openshift.readiness-probe.exec-action[quarkus.openshift.readiness-probe.exec-action]`\n"
"\n"
"[.description]\n"
"--\n"
"The command to use for the probe.\n"
"\n"
"ifdef::add-copy-button-to-env-var[]\n"
"Environment variable: env_var_with_copy_button:+++QUARKUS_OPENSHIFT_READINESS_PROBE_EXEC_ACTION+++[]\n"
"endif::add-copy-button-to-env-var[]\n"
"ifndef::add-copy-button-to-env-var[]\n"
"Environment variable: `+++QUARKUS_OPENSHIFT_READINESS_PROBE_EXEC_ACTION+++`\n"
"endif::add-copy-button-to-env-var[]\n"
"--"
msgstr ""

#. type: Table
#: upstream/_generated-config/latest/config/quarkus-kubernetes-config-group-probe-config.adoc:1760
#, no-wrap
msgid ""
"icon:lock[title=Fixed at build time] [[quarkus-kubernetes-config-group-probe-config_quarkus.openshift.readiness-probe.tcp-socket-action]]`link:#quarkus-kubernetes-config-group-probe-config_quarkus.openshift.readiness-probe.tcp-socket-action[quarkus.openshift.readiness-probe.tcp-socket-action]`\n"
"\n"
"[.description]\n"
"--\n"
"The tcp socket to use for the probe (the format is host:port).\n"
"\n"
"ifdef::add-copy-button-to-env-var[]\n"
"Environment variable: env_var_with_copy_button:+++QUARKUS_OPENSHIFT_READINESS_PROBE_TCP_SOCKET_ACTION+++[]\n"
"endif::add-copy-button-to-env-var[]\n"
"ifndef::add-copy-button-to-env-var[]\n"
"Environment variable: `+++QUARKUS_OPENSHIFT_READINESS_PROBE_TCP_SOCKET_ACTION+++`\n"
"endif::add-copy-button-to-env-var[]\n"
"--"
msgstr ""

#. type: Table
#: upstream/_generated-config/latest/config/quarkus-kubernetes-config-group-probe-config.adoc:1776
#, no-wrap
msgid ""
"icon:lock[title=Fixed at build time] [[quarkus-kubernetes-config-group-probe-config_quarkus.openshift.readiness-probe.initial-delay]]`link:#quarkus-kubernetes-config-group-probe-config_quarkus.openshift.readiness-probe.initial-delay[quarkus.openshift.readiness-probe.initial-delay]`\n"
"\n"
"[.description]\n"
"--\n"
"The amount of time to wait before starting to probe.\n"
"\n"
"ifdef::add-copy-button-to-env-var[]\n"
"Environment variable: env_var_with_copy_button:+++QUARKUS_OPENSHIFT_READINESS_PROBE_INITIAL_DELAY+++[]\n"
"endif::add-copy-button-to-env-var[]\n"
"ifndef::add-copy-button-to-env-var[]\n"
"Environment variable: `+++QUARKUS_OPENSHIFT_READINESS_PROBE_INITIAL_DELAY+++`\n"
"endif::add-copy-button-to-env-var[]\n"
"--"
msgstr ""

#. type: Table
#: upstream/_generated-config/latest/config/quarkus-kubernetes-config-group-probe-config.adoc:1793
#, no-wrap
msgid ""
"icon:lock[title=Fixed at build time] [[quarkus-kubernetes-config-group-probe-config_quarkus.openshift.readiness-probe.period]]`link:#quarkus-kubernetes-config-group-probe-config_quarkus.openshift.readiness-probe.period[quarkus.openshift.readiness-probe.period]`\n"
"\n"
"[.description]\n"
"--\n"
"The period in which the action should be called.\n"
"\n"
"ifdef::add-copy-button-to-env-var[]\n"
"Environment variable: env_var_with_copy_button:+++QUARKUS_OPENSHIFT_READINESS_PROBE_PERIOD+++[]\n"
"endif::add-copy-button-to-env-var[]\n"
"ifndef::add-copy-button-to-env-var[]\n"
"Environment variable: `+++QUARKUS_OPENSHIFT_READINESS_PROBE_PERIOD+++`\n"
"endif::add-copy-button-to-env-var[]\n"
"--"
msgstr ""

#. type: Table
#: upstream/_generated-config/latest/config/quarkus-kubernetes-config-group-probe-config.adoc:1810
#, no-wrap
msgid ""
"icon:lock[title=Fixed at build time] [[quarkus-kubernetes-config-group-probe-config_quarkus.openshift.readiness-probe.timeout]]`link:#quarkus-kubernetes-config-group-probe-config_quarkus.openshift.readiness-probe.timeout[quarkus.openshift.readiness-probe.timeout]`\n"
"\n"
"[.description]\n"
"--\n"
"The amount of time to wait for each action.\n"
"\n"
"ifdef::add-copy-button-to-env-var[]\n"
"Environment variable: env_var_with_copy_button:+++QUARKUS_OPENSHIFT_READINESS_PROBE_TIMEOUT+++[]\n"
"endif::add-copy-button-to-env-var[]\n"
"ifndef::add-copy-button-to-env-var[]\n"
"Environment variable: `+++QUARKUS_OPENSHIFT_READINESS_PROBE_TIMEOUT+++`\n"
"endif::add-copy-button-to-env-var[]\n"
"--"
msgstr ""

#. type: Table
#: upstream/_generated-config/latest/config/quarkus-kubernetes-config-group-probe-config.adoc:1827
#, no-wrap
msgid ""
"icon:lock[title=Fixed at build time] [[quarkus-kubernetes-config-group-probe-config_quarkus.openshift.readiness-probe.success-threshold]]`link:#quarkus-kubernetes-config-group-probe-config_quarkus.openshift.readiness-probe.success-threshold[quarkus.openshift.readiness-probe.success-threshold]`\n"
"\n"
"[.description]\n"
"--\n"
"The success threshold to use.\n"
"\n"
"ifdef::add-copy-button-to-env-var[]\n"
"Environment variable: env_var_with_copy_button:+++QUARKUS_OPENSHIFT_READINESS_PROBE_SUCCESS_THRESHOLD+++[]\n"
"endif::add-copy-button-to-env-var[]\n"
"ifndef::add-copy-button-to-env-var[]\n"
"Environment variable: `+++QUARKUS_OPENSHIFT_READINESS_PROBE_SUCCESS_THRESHOLD+++`\n"
"endif::add-copy-button-to-env-var[]\n"
"--"
msgstr ""

#. type: Table
#: upstream/_generated-config/latest/config/quarkus-kubernetes-config-group-probe-config.adoc:1843
#, no-wrap
msgid ""
"icon:lock[title=Fixed at build time] [[quarkus-kubernetes-config-group-probe-config_quarkus.openshift.readiness-probe.failure-threshold]]`link:#quarkus-kubernetes-config-group-probe-config_quarkus.openshift.readiness-probe.failure-threshold[quarkus.openshift.readiness-probe.failure-threshold]`\n"
"\n"
"[.description]\n"
"--\n"
"The failure threshold to use.\n"
"\n"
"ifdef::add-copy-button-to-env-var[]\n"
"Environment variable: env_var_with_copy_button:+++QUARKUS_OPENSHIFT_READINESS_PROBE_FAILURE_THRESHOLD+++[]\n"
"endif::add-copy-button-to-env-var[]\n"
"ifndef::add-copy-button-to-env-var[]\n"
"Environment variable: `+++QUARKUS_OPENSHIFT_READINESS_PROBE_FAILURE_THRESHOLD+++`\n"
"endif::add-copy-button-to-env-var[]\n"
"--"
msgstr ""

#. type: Table
#: upstream/_generated-config/latest/config/quarkus-kubernetes-config-group-probe-config.adoc:1859
#, no-wrap
msgid ""
"icon:lock[title=Fixed at build time] [[quarkus-kubernetes-config-group-probe-config_quarkus.openshift.init-containers.-init-containers-.liveness-probe.http-action-path]]`link:#quarkus-kubernetes-config-group-probe-config_quarkus.openshift.init-containers.-init-containers-.liveness-probe.http-action-path[quarkus.openshift.init-containers.\"init-containers\".liveness-probe.http-action-path]`\n"
"\n"
"[.description]\n"
"--\n"
"The http path to use for the probe For this to work, the container port also needs to be set Assuming the container port has been set (as per above comment), if execAction or tcpSocketAction are not set, an HTTP probe will be used automatically even if no path is set (which will result in the root path being used)\n"
"\n"
"ifdef::add-copy-button-to-env-var[]\n"
"Environment variable: env_var_with_copy_button:+++QUARKUS_OPENSHIFT_INIT_CONTAINERS__INIT_CONTAINERS__LIVENESS_PROBE_HTTP_ACTION_PATH+++[]\n"
"endif::add-copy-button-to-env-var[]\n"
"ifndef::add-copy-button-to-env-var[]\n"
"Environment variable: `+++QUARKUS_OPENSHIFT_INIT_CONTAINERS__INIT_CONTAINERS__LIVENESS_PROBE_HTTP_ACTION_PATH+++`\n"
"endif::add-copy-button-to-env-var[]\n"
"--"
msgstr ""

#. type: Table
#: upstream/_generated-config/latest/config/quarkus-kubernetes-config-group-probe-config.adoc:1875
#, no-wrap
msgid ""
"icon:lock[title=Fixed at build time] [[quarkus-kubernetes-config-group-probe-config_quarkus.openshift.init-containers.-init-containers-.liveness-probe.exec-action]]`link:#quarkus-kubernetes-config-group-probe-config_quarkus.openshift.init-containers.-init-containers-.liveness-probe.exec-action[quarkus.openshift.init-containers.\"init-containers\".liveness-probe.exec-action]`\n"
"\n"
"[.description]\n"
"--\n"
"The command to use for the probe.\n"
"\n"
"ifdef::add-copy-button-to-env-var[]\n"
"Environment variable: env_var_with_copy_button:+++QUARKUS_OPENSHIFT_INIT_CONTAINERS__INIT_CONTAINERS__LIVENESS_PROBE_EXEC_ACTION+++[]\n"
"endif::add-copy-button-to-env-var[]\n"
"ifndef::add-copy-button-to-env-var[]\n"
"Environment variable: `+++QUARKUS_OPENSHIFT_INIT_CONTAINERS__INIT_CONTAINERS__LIVENESS_PROBE_EXEC_ACTION+++`\n"
"endif::add-copy-button-to-env-var[]\n"
"--"
msgstr ""

#. type: Table
#: upstream/_generated-config/latest/config/quarkus-kubernetes-config-group-probe-config.adoc:1891
#, no-wrap
msgid ""
"icon:lock[title=Fixed at build time] [[quarkus-kubernetes-config-group-probe-config_quarkus.openshift.init-containers.-init-containers-.liveness-probe.tcp-socket-action]]`link:#quarkus-kubernetes-config-group-probe-config_quarkus.openshift.init-containers.-init-containers-.liveness-probe.tcp-socket-action[quarkus.openshift.init-containers.\"init-containers\".liveness-probe.tcp-socket-action]`\n"
"\n"
"[.description]\n"
"--\n"
"The tcp socket to use for the probe (the format is host:port).\n"
"\n"
"ifdef::add-copy-button-to-env-var[]\n"
"Environment variable: env_var_with_copy_button:+++QUARKUS_OPENSHIFT_INIT_CONTAINERS__INIT_CONTAINERS__LIVENESS_PROBE_TCP_SOCKET_ACTION+++[]\n"
"endif::add-copy-button-to-env-var[]\n"
"ifndef::add-copy-button-to-env-var[]\n"
"Environment variable: `+++QUARKUS_OPENSHIFT_INIT_CONTAINERS__INIT_CONTAINERS__LIVENESS_PROBE_TCP_SOCKET_ACTION+++`\n"
"endif::add-copy-button-to-env-var[]\n"
"--"
msgstr ""

#. type: Table
#: upstream/_generated-config/latest/config/quarkus-kubernetes-config-group-probe-config.adoc:1907
#, no-wrap
msgid ""
"icon:lock[title=Fixed at build time] [[quarkus-kubernetes-config-group-probe-config_quarkus.openshift.init-containers.-init-containers-.liveness-probe.initial-delay]]`link:#quarkus-kubernetes-config-group-probe-config_quarkus.openshift.init-containers.-init-containers-.liveness-probe.initial-delay[quarkus.openshift.init-containers.\"init-containers\".liveness-probe.initial-delay]`\n"
"\n"
"[.description]\n"
"--\n"
"The amount of time to wait before starting to probe.\n"
"\n"
"ifdef::add-copy-button-to-env-var[]\n"
"Environment variable: env_var_with_copy_button:+++QUARKUS_OPENSHIFT_INIT_CONTAINERS__INIT_CONTAINERS__LIVENESS_PROBE_INITIAL_DELAY+++[]\n"
"endif::add-copy-button-to-env-var[]\n"
"ifndef::add-copy-button-to-env-var[]\n"
"Environment variable: `+++QUARKUS_OPENSHIFT_INIT_CONTAINERS__INIT_CONTAINERS__LIVENESS_PROBE_INITIAL_DELAY+++`\n"
"endif::add-copy-button-to-env-var[]\n"
"--"
msgstr ""

#. type: Table
#: upstream/_generated-config/latest/config/quarkus-kubernetes-config-group-probe-config.adoc:1924
#, no-wrap
msgid ""
"icon:lock[title=Fixed at build time] [[quarkus-kubernetes-config-group-probe-config_quarkus.openshift.init-containers.-init-containers-.liveness-probe.period]]`link:#quarkus-kubernetes-config-group-probe-config_quarkus.openshift.init-containers.-init-containers-.liveness-probe.period[quarkus.openshift.init-containers.\"init-containers\".liveness-probe.period]`\n"
"\n"
"[.description]\n"
"--\n"
"The period in which the action should be called.\n"
"\n"
"ifdef::add-copy-button-to-env-var[]\n"
"Environment variable: env_var_with_copy_button:+++QUARKUS_OPENSHIFT_INIT_CONTAINERS__INIT_CONTAINERS__LIVENESS_PROBE_PERIOD+++[]\n"
"endif::add-copy-button-to-env-var[]\n"
"ifndef::add-copy-button-to-env-var[]\n"
"Environment variable: `+++QUARKUS_OPENSHIFT_INIT_CONTAINERS__INIT_CONTAINERS__LIVENESS_PROBE_PERIOD+++`\n"
"endif::add-copy-button-to-env-var[]\n"
"--"
msgstr ""

#. type: Table
#: upstream/_generated-config/latest/config/quarkus-kubernetes-config-group-probe-config.adoc:1941
#, no-wrap
msgid ""
"icon:lock[title=Fixed at build time] [[quarkus-kubernetes-config-group-probe-config_quarkus.openshift.init-containers.-init-containers-.liveness-probe.timeout]]`link:#quarkus-kubernetes-config-group-probe-config_quarkus.openshift.init-containers.-init-containers-.liveness-probe.timeout[quarkus.openshift.init-containers.\"init-containers\".liveness-probe.timeout]`\n"
"\n"
"[.description]\n"
"--\n"
"The amount of time to wait for each action.\n"
"\n"
"ifdef::add-copy-button-to-env-var[]\n"
"Environment variable: env_var_with_copy_button:+++QUARKUS_OPENSHIFT_INIT_CONTAINERS__INIT_CONTAINERS__LIVENESS_PROBE_TIMEOUT+++[]\n"
"endif::add-copy-button-to-env-var[]\n"
"ifndef::add-copy-button-to-env-var[]\n"
"Environment variable: `+++QUARKUS_OPENSHIFT_INIT_CONTAINERS__INIT_CONTAINERS__LIVENESS_PROBE_TIMEOUT+++`\n"
"endif::add-copy-button-to-env-var[]\n"
"--"
msgstr ""

#. type: Table
#: upstream/_generated-config/latest/config/quarkus-kubernetes-config-group-probe-config.adoc:1958
#, no-wrap
msgid ""
"icon:lock[title=Fixed at build time] [[quarkus-kubernetes-config-group-probe-config_quarkus.openshift.init-containers.-init-containers-.liveness-probe.success-threshold]]`link:#quarkus-kubernetes-config-group-probe-config_quarkus.openshift.init-containers.-init-containers-.liveness-probe.success-threshold[quarkus.openshift.init-containers.\"init-containers\".liveness-probe.success-threshold]`\n"
"\n"
"[.description]\n"
"--\n"
"The success threshold to use.\n"
"\n"
"ifdef::add-copy-button-to-env-var[]\n"
"Environment variable: env_var_with_copy_button:+++QUARKUS_OPENSHIFT_INIT_CONTAINERS__INIT_CONTAINERS__LIVENESS_PROBE_SUCCESS_THRESHOLD+++[]\n"
"endif::add-copy-button-to-env-var[]\n"
"ifndef::add-copy-button-to-env-var[]\n"
"Environment variable: `+++QUARKUS_OPENSHIFT_INIT_CONTAINERS__INIT_CONTAINERS__LIVENESS_PROBE_SUCCESS_THRESHOLD+++`\n"
"endif::add-copy-button-to-env-var[]\n"
"--"
msgstr ""

#. type: Table
#: upstream/_generated-config/latest/config/quarkus-kubernetes-config-group-probe-config.adoc:1974
#, no-wrap
msgid ""
"icon:lock[title=Fixed at build time] [[quarkus-kubernetes-config-group-probe-config_quarkus.openshift.init-containers.-init-containers-.liveness-probe.failure-threshold]]`link:#quarkus-kubernetes-config-group-probe-config_quarkus.openshift.init-containers.-init-containers-.liveness-probe.failure-threshold[quarkus.openshift.init-containers.\"init-containers\".liveness-probe.failure-threshold]`\n"
"\n"
"[.description]\n"
"--\n"
"The failure threshold to use.\n"
"\n"
"ifdef::add-copy-button-to-env-var[]\n"
"Environment variable: env_var_with_copy_button:+++QUARKUS_OPENSHIFT_INIT_CONTAINERS__INIT_CONTAINERS__LIVENESS_PROBE_FAILURE_THRESHOLD+++[]\n"
"endif::add-copy-button-to-env-var[]\n"
"ifndef::add-copy-button-to-env-var[]\n"
"Environment variable: `+++QUARKUS_OPENSHIFT_INIT_CONTAINERS__INIT_CONTAINERS__LIVENESS_PROBE_FAILURE_THRESHOLD+++`\n"
"endif::add-copy-button-to-env-var[]\n"
"--"
msgstr ""

#. type: Table
#: upstream/_generated-config/latest/config/quarkus-kubernetes-config-group-probe-config.adoc:1990
#, no-wrap
msgid ""
"icon:lock[title=Fixed at build time] [[quarkus-kubernetes-config-group-probe-config_quarkus.openshift.init-containers.-init-containers-.readiness-probe.http-action-path]]`link:#quarkus-kubernetes-config-group-probe-config_quarkus.openshift.init-containers.-init-containers-.readiness-probe.http-action-path[quarkus.openshift.init-containers.\"init-containers\".readiness-probe.http-action-path]`\n"
"\n"
"[.description]\n"
"--\n"
"The http path to use for the probe For this to work, the container port also needs to be set Assuming the container port has been set (as per above comment), if execAction or tcpSocketAction are not set, an HTTP probe will be used automatically even if no path is set (which will result in the root path being used)\n"
"\n"
"ifdef::add-copy-button-to-env-var[]\n"
"Environment variable: env_var_with_copy_button:+++QUARKUS_OPENSHIFT_INIT_CONTAINERS__INIT_CONTAINERS__READINESS_PROBE_HTTP_ACTION_PATH+++[]\n"
"endif::add-copy-button-to-env-var[]\n"
"ifndef::add-copy-button-to-env-var[]\n"
"Environment variable: `+++QUARKUS_OPENSHIFT_INIT_CONTAINERS__INIT_CONTAINERS__READINESS_PROBE_HTTP_ACTION_PATH+++`\n"
"endif::add-copy-button-to-env-var[]\n"
"--"
msgstr ""

#. type: Table
#: upstream/_generated-config/latest/config/quarkus-kubernetes-config-group-probe-config.adoc:2006
#, no-wrap
msgid ""
"icon:lock[title=Fixed at build time] [[quarkus-kubernetes-config-group-probe-config_quarkus.openshift.init-containers.-init-containers-.readiness-probe.exec-action]]`link:#quarkus-kubernetes-config-group-probe-config_quarkus.openshift.init-containers.-init-containers-.readiness-probe.exec-action[quarkus.openshift.init-containers.\"init-containers\".readiness-probe.exec-action]`\n"
"\n"
"[.description]\n"
"--\n"
"The command to use for the probe.\n"
"\n"
"ifdef::add-copy-button-to-env-var[]\n"
"Environment variable: env_var_with_copy_button:+++QUARKUS_OPENSHIFT_INIT_CONTAINERS__INIT_CONTAINERS__READINESS_PROBE_EXEC_ACTION+++[]\n"
"endif::add-copy-button-to-env-var[]\n"
"ifndef::add-copy-button-to-env-var[]\n"
"Environment variable: `+++QUARKUS_OPENSHIFT_INIT_CONTAINERS__INIT_CONTAINERS__READINESS_PROBE_EXEC_ACTION+++`\n"
"endif::add-copy-button-to-env-var[]\n"
"--"
msgstr ""

#. type: Table
#: upstream/_generated-config/latest/config/quarkus-kubernetes-config-group-probe-config.adoc:2022
#, no-wrap
msgid ""
"icon:lock[title=Fixed at build time] [[quarkus-kubernetes-config-group-probe-config_quarkus.openshift.init-containers.-init-containers-.readiness-probe.tcp-socket-action]]`link:#quarkus-kubernetes-config-group-probe-config_quarkus.openshift.init-containers.-init-containers-.readiness-probe.tcp-socket-action[quarkus.openshift.init-containers.\"init-containers\".readiness-probe.tcp-socket-action]`\n"
"\n"
"[.description]\n"
"--\n"
"The tcp socket to use for the probe (the format is host:port).\n"
"\n"
"ifdef::add-copy-button-to-env-var[]\n"
"Environment variable: env_var_with_copy_button:+++QUARKUS_OPENSHIFT_INIT_CONTAINERS__INIT_CONTAINERS__READINESS_PROBE_TCP_SOCKET_ACTION+++[]\n"
"endif::add-copy-button-to-env-var[]\n"
"ifndef::add-copy-button-to-env-var[]\n"
"Environment variable: `+++QUARKUS_OPENSHIFT_INIT_CONTAINERS__INIT_CONTAINERS__READINESS_PROBE_TCP_SOCKET_ACTION+++`\n"
"endif::add-copy-button-to-env-var[]\n"
"--"
msgstr ""

#. type: Table
#: upstream/_generated-config/latest/config/quarkus-kubernetes-config-group-probe-config.adoc:2038
#, no-wrap
msgid ""
"icon:lock[title=Fixed at build time] [[quarkus-kubernetes-config-group-probe-config_quarkus.openshift.init-containers.-init-containers-.readiness-probe.initial-delay]]`link:#quarkus-kubernetes-config-group-probe-config_quarkus.openshift.init-containers.-init-containers-.readiness-probe.initial-delay[quarkus.openshift.init-containers.\"init-containers\".readiness-probe.initial-delay]`\n"
"\n"
"[.description]\n"
"--\n"
"The amount of time to wait before starting to probe.\n"
"\n"
"ifdef::add-copy-button-to-env-var[]\n"
"Environment variable: env_var_with_copy_button:+++QUARKUS_OPENSHIFT_INIT_CONTAINERS__INIT_CONTAINERS__READINESS_PROBE_INITIAL_DELAY+++[]\n"
"endif::add-copy-button-to-env-var[]\n"
"ifndef::add-copy-button-to-env-var[]\n"
"Environment variable: `+++QUARKUS_OPENSHIFT_INIT_CONTAINERS__INIT_CONTAINERS__READINESS_PROBE_INITIAL_DELAY+++`\n"
"endif::add-copy-button-to-env-var[]\n"
"--"
msgstr ""

#. type: Table
#: upstream/_generated-config/latest/config/quarkus-kubernetes-config-group-probe-config.adoc:2055
#, no-wrap
msgid ""
"icon:lock[title=Fixed at build time] [[quarkus-kubernetes-config-group-probe-config_quarkus.openshift.init-containers.-init-containers-.readiness-probe.period]]`link:#quarkus-kubernetes-config-group-probe-config_quarkus.openshift.init-containers.-init-containers-.readiness-probe.period[quarkus.openshift.init-containers.\"init-containers\".readiness-probe.period]`\n"
"\n"
"[.description]\n"
"--\n"
"The period in which the action should be called.\n"
"\n"
"ifdef::add-copy-button-to-env-var[]\n"
"Environment variable: env_var_with_copy_button:+++QUARKUS_OPENSHIFT_INIT_CONTAINERS__INIT_CONTAINERS__READINESS_PROBE_PERIOD+++[]\n"
"endif::add-copy-button-to-env-var[]\n"
"ifndef::add-copy-button-to-env-var[]\n"
"Environment variable: `+++QUARKUS_OPENSHIFT_INIT_CONTAINERS__INIT_CONTAINERS__READINESS_PROBE_PERIOD+++`\n"
"endif::add-copy-button-to-env-var[]\n"
"--"
msgstr ""

#. type: Table
#: upstream/_generated-config/latest/config/quarkus-kubernetes-config-group-probe-config.adoc:2072
#, no-wrap
msgid ""
"icon:lock[title=Fixed at build time] [[quarkus-kubernetes-config-group-probe-config_quarkus.openshift.init-containers.-init-containers-.readiness-probe.timeout]]`link:#quarkus-kubernetes-config-group-probe-config_quarkus.openshift.init-containers.-init-containers-.readiness-probe.timeout[quarkus.openshift.init-containers.\"init-containers\".readiness-probe.timeout]`\n"
"\n"
"[.description]\n"
"--\n"
"The amount of time to wait for each action.\n"
"\n"
"ifdef::add-copy-button-to-env-var[]\n"
"Environment variable: env_var_with_copy_button:+++QUARKUS_OPENSHIFT_INIT_CONTAINERS__INIT_CONTAINERS__READINESS_PROBE_TIMEOUT+++[]\n"
"endif::add-copy-button-to-env-var[]\n"
"ifndef::add-copy-button-to-env-var[]\n"
"Environment variable: `+++QUARKUS_OPENSHIFT_INIT_CONTAINERS__INIT_CONTAINERS__READINESS_PROBE_TIMEOUT+++`\n"
"endif::add-copy-button-to-env-var[]\n"
"--"
msgstr ""

#. type: Table
#: upstream/_generated-config/latest/config/quarkus-kubernetes-config-group-probe-config.adoc:2089
#, no-wrap
msgid ""
"icon:lock[title=Fixed at build time] [[quarkus-kubernetes-config-group-probe-config_quarkus.openshift.init-containers.-init-containers-.readiness-probe.success-threshold]]`link:#quarkus-kubernetes-config-group-probe-config_quarkus.openshift.init-containers.-init-containers-.readiness-probe.success-threshold[quarkus.openshift.init-containers.\"init-containers\".readiness-probe.success-threshold]`\n"
"\n"
"[.description]\n"
"--\n"
"The success threshold to use.\n"
"\n"
"ifdef::add-copy-button-to-env-var[]\n"
"Environment variable: env_var_with_copy_button:+++QUARKUS_OPENSHIFT_INIT_CONTAINERS__INIT_CONTAINERS__READINESS_PROBE_SUCCESS_THRESHOLD+++[]\n"
"endif::add-copy-button-to-env-var[]\n"
"ifndef::add-copy-button-to-env-var[]\n"
"Environment variable: `+++QUARKUS_OPENSHIFT_INIT_CONTAINERS__INIT_CONTAINERS__READINESS_PROBE_SUCCESS_THRESHOLD+++`\n"
"endif::add-copy-button-to-env-var[]\n"
"--"
msgstr ""

#. type: Table
#: upstream/_generated-config/latest/config/quarkus-kubernetes-config-group-probe-config.adoc:2105
#, no-wrap
msgid ""
"icon:lock[title=Fixed at build time] [[quarkus-kubernetes-config-group-probe-config_quarkus.openshift.init-containers.-init-containers-.readiness-probe.failure-threshold]]`link:#quarkus-kubernetes-config-group-probe-config_quarkus.openshift.init-containers.-init-containers-.readiness-probe.failure-threshold[quarkus.openshift.init-containers.\"init-containers\".readiness-probe.failure-threshold]`\n"
"\n"
"[.description]\n"
"--\n"
"The failure threshold to use.\n"
"\n"
"ifdef::add-copy-button-to-env-var[]\n"
"Environment variable: env_var_with_copy_button:+++QUARKUS_OPENSHIFT_INIT_CONTAINERS__INIT_CONTAINERS__READINESS_PROBE_FAILURE_THRESHOLD+++[]\n"
"endif::add-copy-button-to-env-var[]\n"
"ifndef::add-copy-button-to-env-var[]\n"
"Environment variable: `+++QUARKUS_OPENSHIFT_INIT_CONTAINERS__INIT_CONTAINERS__READINESS_PROBE_FAILURE_THRESHOLD+++`\n"
"endif::add-copy-button-to-env-var[]\n"
"--"
msgstr ""

#. type: Table
#: upstream/_generated-config/latest/config/quarkus-kubernetes-config-group-probe-config.adoc:2121
#, no-wrap
msgid ""
"icon:lock[title=Fixed at build time] [[quarkus-kubernetes-config-group-probe-config_quarkus.openshift.sidecars.-sidecars-.liveness-probe.http-action-path]]`link:#quarkus-kubernetes-config-group-probe-config_quarkus.openshift.sidecars.-sidecars-.liveness-probe.http-action-path[quarkus.openshift.sidecars.\"sidecars\".liveness-probe.http-action-path]`\n"
"\n"
"[.description]\n"
"--\n"
"The http path to use for the probe For this to work, the container port also needs to be set Assuming the container port has been set (as per above comment), if execAction or tcpSocketAction are not set, an HTTP probe will be used automatically even if no path is set (which will result in the root path being used)\n"
"\n"
"ifdef::add-copy-button-to-env-var[]\n"
"Environment variable: env_var_with_copy_button:+++QUARKUS_OPENSHIFT_SIDECARS__SIDECARS__LIVENESS_PROBE_HTTP_ACTION_PATH+++[]\n"
"endif::add-copy-button-to-env-var[]\n"
"ifndef::add-copy-button-to-env-var[]\n"
"Environment variable: `+++QUARKUS_OPENSHIFT_SIDECARS__SIDECARS__LIVENESS_PROBE_HTTP_ACTION_PATH+++`\n"
"endif::add-copy-button-to-env-var[]\n"
"--"
msgstr ""

#. type: Table
#: upstream/_generated-config/latest/config/quarkus-kubernetes-config-group-probe-config.adoc:2137
#, no-wrap
msgid ""
"icon:lock[title=Fixed at build time] [[quarkus-kubernetes-config-group-probe-config_quarkus.openshift.sidecars.-sidecars-.liveness-probe.exec-action]]`link:#quarkus-kubernetes-config-group-probe-config_quarkus.openshift.sidecars.-sidecars-.liveness-probe.exec-action[quarkus.openshift.sidecars.\"sidecars\".liveness-probe.exec-action]`\n"
"\n"
"[.description]\n"
"--\n"
"The command to use for the probe.\n"
"\n"
"ifdef::add-copy-button-to-env-var[]\n"
"Environment variable: env_var_with_copy_button:+++QUARKUS_OPENSHIFT_SIDECARS__SIDECARS__LIVENESS_PROBE_EXEC_ACTION+++[]\n"
"endif::add-copy-button-to-env-var[]\n"
"ifndef::add-copy-button-to-env-var[]\n"
"Environment variable: `+++QUARKUS_OPENSHIFT_SIDECARS__SIDECARS__LIVENESS_PROBE_EXEC_ACTION+++`\n"
"endif::add-copy-button-to-env-var[]\n"
"--"
msgstr ""

#. type: Table
#: upstream/_generated-config/latest/config/quarkus-kubernetes-config-group-probe-config.adoc:2153
#, no-wrap
msgid ""
"icon:lock[title=Fixed at build time] [[quarkus-kubernetes-config-group-probe-config_quarkus.openshift.sidecars.-sidecars-.liveness-probe.tcp-socket-action]]`link:#quarkus-kubernetes-config-group-probe-config_quarkus.openshift.sidecars.-sidecars-.liveness-probe.tcp-socket-action[quarkus.openshift.sidecars.\"sidecars\".liveness-probe.tcp-socket-action]`\n"
"\n"
"[.description]\n"
"--\n"
"The tcp socket to use for the probe (the format is host:port).\n"
"\n"
"ifdef::add-copy-button-to-env-var[]\n"
"Environment variable: env_var_with_copy_button:+++QUARKUS_OPENSHIFT_SIDECARS__SIDECARS__LIVENESS_PROBE_TCP_SOCKET_ACTION+++[]\n"
"endif::add-copy-button-to-env-var[]\n"
"ifndef::add-copy-button-to-env-var[]\n"
"Environment variable: `+++QUARKUS_OPENSHIFT_SIDECARS__SIDECARS__LIVENESS_PROBE_TCP_SOCKET_ACTION+++`\n"
"endif::add-copy-button-to-env-var[]\n"
"--"
msgstr ""

#. type: Table
#: upstream/_generated-config/latest/config/quarkus-kubernetes-config-group-probe-config.adoc:2169
#, no-wrap
msgid ""
"icon:lock[title=Fixed at build time] [[quarkus-kubernetes-config-group-probe-config_quarkus.openshift.sidecars.-sidecars-.liveness-probe.initial-delay]]`link:#quarkus-kubernetes-config-group-probe-config_quarkus.openshift.sidecars.-sidecars-.liveness-probe.initial-delay[quarkus.openshift.sidecars.\"sidecars\".liveness-probe.initial-delay]`\n"
"\n"
"[.description]\n"
"--\n"
"The amount of time to wait before starting to probe.\n"
"\n"
"ifdef::add-copy-button-to-env-var[]\n"
"Environment variable: env_var_with_copy_button:+++QUARKUS_OPENSHIFT_SIDECARS__SIDECARS__LIVENESS_PROBE_INITIAL_DELAY+++[]\n"
"endif::add-copy-button-to-env-var[]\n"
"ifndef::add-copy-button-to-env-var[]\n"
"Environment variable: `+++QUARKUS_OPENSHIFT_SIDECARS__SIDECARS__LIVENESS_PROBE_INITIAL_DELAY+++`\n"
"endif::add-copy-button-to-env-var[]\n"
"--"
msgstr ""

#. type: Table
#: upstream/_generated-config/latest/config/quarkus-kubernetes-config-group-probe-config.adoc:2186
#, no-wrap
msgid ""
"icon:lock[title=Fixed at build time] [[quarkus-kubernetes-config-group-probe-config_quarkus.openshift.sidecars.-sidecars-.liveness-probe.period]]`link:#quarkus-kubernetes-config-group-probe-config_quarkus.openshift.sidecars.-sidecars-.liveness-probe.period[quarkus.openshift.sidecars.\"sidecars\".liveness-probe.period]`\n"
"\n"
"[.description]\n"
"--\n"
"The period in which the action should be called.\n"
"\n"
"ifdef::add-copy-button-to-env-var[]\n"
"Environment variable: env_var_with_copy_button:+++QUARKUS_OPENSHIFT_SIDECARS__SIDECARS__LIVENESS_PROBE_PERIOD+++[]\n"
"endif::add-copy-button-to-env-var[]\n"
"ifndef::add-copy-button-to-env-var[]\n"
"Environment variable: `+++QUARKUS_OPENSHIFT_SIDECARS__SIDECARS__LIVENESS_PROBE_PERIOD+++`\n"
"endif::add-copy-button-to-env-var[]\n"
"--"
msgstr ""

#. type: Table
#: upstream/_generated-config/latest/config/quarkus-kubernetes-config-group-probe-config.adoc:2203
#, no-wrap
msgid ""
"icon:lock[title=Fixed at build time] [[quarkus-kubernetes-config-group-probe-config_quarkus.openshift.sidecars.-sidecars-.liveness-probe.timeout]]`link:#quarkus-kubernetes-config-group-probe-config_quarkus.openshift.sidecars.-sidecars-.liveness-probe.timeout[quarkus.openshift.sidecars.\"sidecars\".liveness-probe.timeout]`\n"
"\n"
"[.description]\n"
"--\n"
"The amount of time to wait for each action.\n"
"\n"
"ifdef::add-copy-button-to-env-var[]\n"
"Environment variable: env_var_with_copy_button:+++QUARKUS_OPENSHIFT_SIDECARS__SIDECARS__LIVENESS_PROBE_TIMEOUT+++[]\n"
"endif::add-copy-button-to-env-var[]\n"
"ifndef::add-copy-button-to-env-var[]\n"
"Environment variable: `+++QUARKUS_OPENSHIFT_SIDECARS__SIDECARS__LIVENESS_PROBE_TIMEOUT+++`\n"
"endif::add-copy-button-to-env-var[]\n"
"--"
msgstr ""

#. type: Table
#: upstream/_generated-config/latest/config/quarkus-kubernetes-config-group-probe-config.adoc:2220
#, no-wrap
msgid ""
"icon:lock[title=Fixed at build time] [[quarkus-kubernetes-config-group-probe-config_quarkus.openshift.sidecars.-sidecars-.liveness-probe.success-threshold]]`link:#quarkus-kubernetes-config-group-probe-config_quarkus.openshift.sidecars.-sidecars-.liveness-probe.success-threshold[quarkus.openshift.sidecars.\"sidecars\".liveness-probe.success-threshold]`\n"
"\n"
"[.description]\n"
"--\n"
"The success threshold to use.\n"
"\n"
"ifdef::add-copy-button-to-env-var[]\n"
"Environment variable: env_var_with_copy_button:+++QUARKUS_OPENSHIFT_SIDECARS__SIDECARS__LIVENESS_PROBE_SUCCESS_THRESHOLD+++[]\n"
"endif::add-copy-button-to-env-var[]\n"
"ifndef::add-copy-button-to-env-var[]\n"
"Environment variable: `+++QUARKUS_OPENSHIFT_SIDECARS__SIDECARS__LIVENESS_PROBE_SUCCESS_THRESHOLD+++`\n"
"endif::add-copy-button-to-env-var[]\n"
"--"
msgstr ""

#. type: Table
#: upstream/_generated-config/latest/config/quarkus-kubernetes-config-group-probe-config.adoc:2236
#, no-wrap
msgid ""
"icon:lock[title=Fixed at build time] [[quarkus-kubernetes-config-group-probe-config_quarkus.openshift.sidecars.-sidecars-.liveness-probe.failure-threshold]]`link:#quarkus-kubernetes-config-group-probe-config_quarkus.openshift.sidecars.-sidecars-.liveness-probe.failure-threshold[quarkus.openshift.sidecars.\"sidecars\".liveness-probe.failure-threshold]`\n"
"\n"
"[.description]\n"
"--\n"
"The failure threshold to use.\n"
"\n"
"ifdef::add-copy-button-to-env-var[]\n"
"Environment variable: env_var_with_copy_button:+++QUARKUS_OPENSHIFT_SIDECARS__SIDECARS__LIVENESS_PROBE_FAILURE_THRESHOLD+++[]\n"
"endif::add-copy-button-to-env-var[]\n"
"ifndef::add-copy-button-to-env-var[]\n"
"Environment variable: `+++QUARKUS_OPENSHIFT_SIDECARS__SIDECARS__LIVENESS_PROBE_FAILURE_THRESHOLD+++`\n"
"endif::add-copy-button-to-env-var[]\n"
"--"
msgstr ""

#. type: Table
#: upstream/_generated-config/latest/config/quarkus-kubernetes-config-group-probe-config.adoc:2252
#, no-wrap
msgid ""
"icon:lock[title=Fixed at build time] [[quarkus-kubernetes-config-group-probe-config_quarkus.openshift.sidecars.-sidecars-.readiness-probe.http-action-path]]`link:#quarkus-kubernetes-config-group-probe-config_quarkus.openshift.sidecars.-sidecars-.readiness-probe.http-action-path[quarkus.openshift.sidecars.\"sidecars\".readiness-probe.http-action-path]`\n"
"\n"
"[.description]\n"
"--\n"
"The http path to use for the probe For this to work, the container port also needs to be set Assuming the container port has been set (as per above comment), if execAction or tcpSocketAction are not set, an HTTP probe will be used automatically even if no path is set (which will result in the root path being used)\n"
"\n"
"ifdef::add-copy-button-to-env-var[]\n"
"Environment variable: env_var_with_copy_button:+++QUARKUS_OPENSHIFT_SIDECARS__SIDECARS__READINESS_PROBE_HTTP_ACTION_PATH+++[]\n"
"endif::add-copy-button-to-env-var[]\n"
"ifndef::add-copy-button-to-env-var[]\n"
"Environment variable: `+++QUARKUS_OPENSHIFT_SIDECARS__SIDECARS__READINESS_PROBE_HTTP_ACTION_PATH+++`\n"
"endif::add-copy-button-to-env-var[]\n"
"--"
msgstr ""

#. type: Table
#: upstream/_generated-config/latest/config/quarkus-kubernetes-config-group-probe-config.adoc:2268
#, no-wrap
msgid ""
"icon:lock[title=Fixed at build time] [[quarkus-kubernetes-config-group-probe-config_quarkus.openshift.sidecars.-sidecars-.readiness-probe.exec-action]]`link:#quarkus-kubernetes-config-group-probe-config_quarkus.openshift.sidecars.-sidecars-.readiness-probe.exec-action[quarkus.openshift.sidecars.\"sidecars\".readiness-probe.exec-action]`\n"
"\n"
"[.description]\n"
"--\n"
"The command to use for the probe.\n"
"\n"
"ifdef::add-copy-button-to-env-var[]\n"
"Environment variable: env_var_with_copy_button:+++QUARKUS_OPENSHIFT_SIDECARS__SIDECARS__READINESS_PROBE_EXEC_ACTION+++[]\n"
"endif::add-copy-button-to-env-var[]\n"
"ifndef::add-copy-button-to-env-var[]\n"
"Environment variable: `+++QUARKUS_OPENSHIFT_SIDECARS__SIDECARS__READINESS_PROBE_EXEC_ACTION+++`\n"
"endif::add-copy-button-to-env-var[]\n"
"--"
msgstr ""

#. type: Table
#: upstream/_generated-config/latest/config/quarkus-kubernetes-config-group-probe-config.adoc:2284
#, no-wrap
msgid ""
"icon:lock[title=Fixed at build time] [[quarkus-kubernetes-config-group-probe-config_quarkus.openshift.sidecars.-sidecars-.readiness-probe.tcp-socket-action]]`link:#quarkus-kubernetes-config-group-probe-config_quarkus.openshift.sidecars.-sidecars-.readiness-probe.tcp-socket-action[quarkus.openshift.sidecars.\"sidecars\".readiness-probe.tcp-socket-action]`\n"
"\n"
"[.description]\n"
"--\n"
"The tcp socket to use for the probe (the format is host:port).\n"
"\n"
"ifdef::add-copy-button-to-env-var[]\n"
"Environment variable: env_var_with_copy_button:+++QUARKUS_OPENSHIFT_SIDECARS__SIDECARS__READINESS_PROBE_TCP_SOCKET_ACTION+++[]\n"
"endif::add-copy-button-to-env-var[]\n"
"ifndef::add-copy-button-to-env-var[]\n"
"Environment variable: `+++QUARKUS_OPENSHIFT_SIDECARS__SIDECARS__READINESS_PROBE_TCP_SOCKET_ACTION+++`\n"
"endif::add-copy-button-to-env-var[]\n"
"--"
msgstr ""

#. type: Table
#: upstream/_generated-config/latest/config/quarkus-kubernetes-config-group-probe-config.adoc:2300
#, no-wrap
msgid ""
"icon:lock[title=Fixed at build time] [[quarkus-kubernetes-config-group-probe-config_quarkus.openshift.sidecars.-sidecars-.readiness-probe.initial-delay]]`link:#quarkus-kubernetes-config-group-probe-config_quarkus.openshift.sidecars.-sidecars-.readiness-probe.initial-delay[quarkus.openshift.sidecars.\"sidecars\".readiness-probe.initial-delay]`\n"
"\n"
"[.description]\n"
"--\n"
"The amount of time to wait before starting to probe.\n"
"\n"
"ifdef::add-copy-button-to-env-var[]\n"
"Environment variable: env_var_with_copy_button:+++QUARKUS_OPENSHIFT_SIDECARS__SIDECARS__READINESS_PROBE_INITIAL_DELAY+++[]\n"
"endif::add-copy-button-to-env-var[]\n"
"ifndef::add-copy-button-to-env-var[]\n"
"Environment variable: `+++QUARKUS_OPENSHIFT_SIDECARS__SIDECARS__READINESS_PROBE_INITIAL_DELAY+++`\n"
"endif::add-copy-button-to-env-var[]\n"
"--"
msgstr ""

#. type: Table
#: upstream/_generated-config/latest/config/quarkus-kubernetes-config-group-probe-config.adoc:2317
#, no-wrap
msgid ""
"icon:lock[title=Fixed at build time] [[quarkus-kubernetes-config-group-probe-config_quarkus.openshift.sidecars.-sidecars-.readiness-probe.period]]`link:#quarkus-kubernetes-config-group-probe-config_quarkus.openshift.sidecars.-sidecars-.readiness-probe.period[quarkus.openshift.sidecars.\"sidecars\".readiness-probe.period]`\n"
"\n"
"[.description]\n"
"--\n"
"The period in which the action should be called.\n"
"\n"
"ifdef::add-copy-button-to-env-var[]\n"
"Environment variable: env_var_with_copy_button:+++QUARKUS_OPENSHIFT_SIDECARS__SIDECARS__READINESS_PROBE_PERIOD+++[]\n"
"endif::add-copy-button-to-env-var[]\n"
"ifndef::add-copy-button-to-env-var[]\n"
"Environment variable: `+++QUARKUS_OPENSHIFT_SIDECARS__SIDECARS__READINESS_PROBE_PERIOD+++`\n"
"endif::add-copy-button-to-env-var[]\n"
"--"
msgstr ""

#. type: Table
#: upstream/_generated-config/latest/config/quarkus-kubernetes-config-group-probe-config.adoc:2334
#, no-wrap
msgid ""
"icon:lock[title=Fixed at build time] [[quarkus-kubernetes-config-group-probe-config_quarkus.openshift.sidecars.-sidecars-.readiness-probe.timeout]]`link:#quarkus-kubernetes-config-group-probe-config_quarkus.openshift.sidecars.-sidecars-.readiness-probe.timeout[quarkus.openshift.sidecars.\"sidecars\".readiness-probe.timeout]`\n"
"\n"
"[.description]\n"
"--\n"
"The amount of time to wait for each action.\n"
"\n"
"ifdef::add-copy-button-to-env-var[]\n"
"Environment variable: env_var_with_copy_button:+++QUARKUS_OPENSHIFT_SIDECARS__SIDECARS__READINESS_PROBE_TIMEOUT+++[]\n"
"endif::add-copy-button-to-env-var[]\n"
"ifndef::add-copy-button-to-env-var[]\n"
"Environment variable: `+++QUARKUS_OPENSHIFT_SIDECARS__SIDECARS__READINESS_PROBE_TIMEOUT+++`\n"
"endif::add-copy-button-to-env-var[]\n"
"--"
msgstr ""

#. type: Table
#: upstream/_generated-config/latest/config/quarkus-kubernetes-config-group-probe-config.adoc:2351
#, no-wrap
msgid ""
"icon:lock[title=Fixed at build time] [[quarkus-kubernetes-config-group-probe-config_quarkus.openshift.sidecars.-sidecars-.readiness-probe.success-threshold]]`link:#quarkus-kubernetes-config-group-probe-config_quarkus.openshift.sidecars.-sidecars-.readiness-probe.success-threshold[quarkus.openshift.sidecars.\"sidecars\".readiness-probe.success-threshold]`\n"
"\n"
"[.description]\n"
"--\n"
"The success threshold to use.\n"
"\n"
"ifdef::add-copy-button-to-env-var[]\n"
"Environment variable: env_var_with_copy_button:+++QUARKUS_OPENSHIFT_SIDECARS__SIDECARS__READINESS_PROBE_SUCCESS_THRESHOLD+++[]\n"
"endif::add-copy-button-to-env-var[]\n"
"ifndef::add-copy-button-to-env-var[]\n"
"Environment variable: `+++QUARKUS_OPENSHIFT_SIDECARS__SIDECARS__READINESS_PROBE_SUCCESS_THRESHOLD+++`\n"
"endif::add-copy-button-to-env-var[]\n"
"--"
msgstr ""

#. type: Table
#: upstream/_generated-config/latest/config/quarkus-kubernetes-config-group-probe-config.adoc:2367
#, no-wrap
msgid ""
"icon:lock[title=Fixed at build time] [[quarkus-kubernetes-config-group-probe-config_quarkus.openshift.sidecars.-sidecars-.readiness-probe.failure-threshold]]`link:#quarkus-kubernetes-config-group-probe-config_quarkus.openshift.sidecars.-sidecars-.readiness-probe.failure-threshold[quarkus.openshift.sidecars.\"sidecars\".readiness-probe.failure-threshold]`\n"
"\n"
"[.description]\n"
"--\n"
"The failure threshold to use.\n"
"\n"
"ifdef::add-copy-button-to-env-var[]\n"
"Environment variable: env_var_with_copy_button:+++QUARKUS_OPENSHIFT_SIDECARS__SIDECARS__READINESS_PROBE_FAILURE_THRESHOLD+++[]\n"
"endif::add-copy-button-to-env-var[]\n"
"ifndef::add-copy-button-to-env-var[]\n"
"Environment variable: `+++QUARKUS_OPENSHIFT_SIDECARS__SIDECARS__READINESS_PROBE_FAILURE_THRESHOLD+++`\n"
"endif::add-copy-button-to-env-var[]\n"
"--"
msgstr ""

#. type: Block title
#: upstream/_generated-config/latest/config/quarkus-kubernetes-config-group-probe-config.adoc:2374
#, no-wrap
msgid "About the Duration format"
msgstr "期間フォーマットについて"

#. type: delimited block =
#: upstream/_generated-config/latest/config/quarkus-kubernetes-config-group-probe-config.adoc:2378
msgid "The format for durations uses the standard `java.time.Duration` format.  You can learn more about it in the link:https://docs.oracle.com/javase/8/docs/api/java/time/Duration.html#parse-java.lang.CharSequence-[Duration#parse() javadoc]."
msgstr "期間のフォーマットは標準の `java.time.Duration` フォーマットを使用します。詳細は link:https://docs.oracle.com/javase/8/docs/api/java/time/Duration.html#parse-java.lang.CharSequence-[Duration#parse() javadoc] を参照してください。"

#. type: delimited block =
#: upstream/_generated-config/latest/config/quarkus-kubernetes-config-group-probe-config.adoc:2382
msgid "You can also provide duration values starting with a number.  In this case, if the value consists only of a number, the converter treats the value as seconds.  Otherwise, `PT` is implicitly prepended to the value to obtain a standard `java.time.Duration` format."
msgstr "数値で始まる期間の値を指定することもできます。この場合、値が数値のみで構成されている場合、コンバーターは値を秒として扱います。そうでない場合は、 `PT` が暗黙的に値の前に付加され、標準の `java.time.Duration` 形式が得られます。"
